2022-03-21 09:55:52,404 - attack - INFO - `exploit_loss` set to: False
2022-03-21 09:55:52,404 - attack - INFO - `exploit_label` set to: True
2022-03-21 09:55:52,405 - attack - INFO - `layers_to_exploit` set to: [7]
2022-03-21 09:55:52,405 - attack - INFO - `gradients_to_exploit` set to: None
2022-03-21 09:55:52,405 - attack - INFO - Number of Epochs: 10
2022-03-21 09:55:52,405 - attack - INFO - Learning Rate: 0.001
2022-03-21 09:55:52,405 - attack - INFO - Optimizer: 0.001
2022-03-21 09:56:06,859 - attack - INFO - Epoch 0 over,Attack loss: [0.25012675 0.25011587 0.25013116 0.2501326  0.2501258  0.25012627
 0.25011885 0.25012794 0.25011516 0.25013104 0.25012112 0.2501308
 0.25012735 0.25012985 0.2501308  0.25012615 0.25013068 0.25012136
 0.25012794 0.25012878 0.25013223 0.250132   0.2501283  0.2501283
 0.25013033 0.25013176 0.25013176 0.25011873 0.2501185  0.25013247
 0.25012028 0.2501296  0.25012004 0.2501308  0.25013247 0.250132
 0.2501264  0.2501308  0.25011444 0.25013152 0.25012985 0.25012413
 0.25011957 0.2501185  0.25012568 0.2501314  0.2501259  0.25013128
 0.25012293 0.25013247 0.25012985 0.25012806 0.25013068 0.25012317
 0.25012004 0.25013044 0.25013068 0.25012004 0.25013092 0.25012782
 0.2501277  0.2501197  0.250129   0.25013068 0.2501277  0.25012878
 0.25012508 0.2501233  0.25012258 0.25013188 0.25012997 0.2501289
 0.25012735 0.2501295  0.25012806 0.2501246  0.25012866 0.2501283
 0.250132   0.25012627 0.2501192  0.2501289  0.25012195 0.25012794
 0.25013116 0.2501233  0.2501197  0.25012866 0.250129   0.2501321
 0.25013128 0.2501308  0.2501308  0.25012365 0.2501289  0.25012004
 0.25012866 0.2501314  0.25012568 0.2501308  0.24987452 0.24986999
 0.24986903 0.24987082 0.24987368 0.24987261 0.24988322 0.24986951
 0.24987094 0.24987213 0.24987964 0.24987261 0.24986969 0.24987398
 0.24987279 0.24987929 0.24986927 0.2498701  0.24987333 0.24987046
 0.24987118 0.24986808 0.24987178 0.24987833 0.24987416 0.24988107
 0.24986808 0.24987452 0.24986951 0.2498682  0.24988131 0.24987184
 0.24986945 0.24986832 0.24986736 0.24986939 0.24987029 0.24987762
 0.24986975 0.24987368 0.2498704  0.24987023 0.24987201 0.24987112
 0.24986814 0.24987464 0.24986999 0.24986999 0.24986987 0.24986784
 0.24986915 0.24987398 0.24987088 0.24986993 0.24986832 0.24987654
 0.24988203 0.24987094 0.24987285 0.24987034 0.24987595 0.24988095
 0.24987839 0.24987142 0.249876   0.24986981 0.24987136 0.24987046
 0.24986796 0.24987452 0.24987118 0.24986951 0.24987619 0.249889
 0.24986951 0.2498707  0.24986981 0.24987833 0.2498732  0.24986981
 0.24986903 0.24986987 0.24986939 0.2498713  0.24987261 0.24986814
 0.24987535 0.24986951 0.24987297 0.24988453 0.24987738 0.24986963
 0.24986951 0.24987213 0.24986939 0.24986856 0.24988036 0.24986844
 0.24986975 0.24987046],Attack accuracy: 0.5
2022-03-21 09:56:08,832 - attack - INFO - Epoch 1 over,Attack loss: [0.24978708 0.24959348 0.24992865 0.2499559  0.24978273 0.2497931
 0.24964613 0.24982622 0.24958605 0.24991387 0.24968384 0.24990888
 0.24979399 0.24988206 0.2499165  0.2497679  0.24992168 0.24968056
 0.24984339 0.24982366 0.2499336  0.24995613 0.24985036 0.249841
 0.24990626 0.24992478 0.24995834 0.24959867 0.24963488 0.24995542
 0.24967782 0.24988468 0.24966568 0.24993587 0.24995178 0.24994332
 0.24978952 0.24991061 0.24956055 0.24994463 0.24986656 0.2497362
 0.24964476 0.24962874 0.2497679  0.24993795 0.24976337 0.24992573
 0.24968861 0.24995911 0.24990125 0.24983671 0.24990006 0.24969885
 0.24963363 0.24989803 0.24988176 0.24964666 0.24991816 0.2498388
 0.24983135 0.2496463  0.24985577 0.24988867 0.24984404 0.24985464
 0.24976295 0.24972017 0.24971922 0.2499386  0.24987091 0.249878
 0.24982324 0.24985518 0.24983266 0.24973716 0.24989142 0.24982437
 0.24994469 0.24983975 0.24965179 0.24987186 0.24969152 0.24979936
 0.24992305 0.24971993 0.2496403  0.24984863 0.2498466  0.24993426
 0.24992663 0.2499438  0.24992192 0.24969342 0.2498867  0.24964613
 0.24984816 0.24997139 0.24977855 0.24992508 0.25023472 0.25009668
 0.25008756 0.25008136 0.25021374 0.25019065 0.25041026 0.25006205
 0.25012305 0.25014326 0.25033313 0.2501677  0.2500502  0.25018844
 0.25015715 0.2503385  0.25010073 0.25012353 0.25022626 0.25009435
 0.25010002 0.25006258 0.25015113 0.2503172  0.2501643  0.25036007
 0.25005394 0.25023043 0.2500496  0.25007617 0.2503775  0.25014237
 0.2501095  0.2500376  0.250036   0.2500723  0.2501101  0.25029483
 0.25006503 0.25021195 0.2501207  0.25012752 0.250177   0.2501367
 0.250067   0.25021875 0.25009823 0.25008845 0.25009936 0.25004667
 0.25008386 0.25021875 0.2501304  0.25010175 0.25004798 0.2502665
 0.25036037 0.25012293 0.25019482 0.2501138  0.25026447 0.2503666
 0.25031945 0.25014403 0.25028208 0.25012293 0.2501304  0.25014934
 0.2500316  0.25023907 0.25014958 0.25009453 0.2502542  0.250489
 0.25010484 0.25014737 0.25009948 0.25032562 0.25021297 0.2501239
 0.25009978 0.25007975 0.2500987  0.25013307 0.25020066 0.25006092
 0.25024885 0.2501099  0.25018498 0.2504326  0.25026703 0.25011432
 0.25005144 0.25015876 0.250117   0.2500896  0.250354   0.25008684
 0.25008386 0.2501416 ],Attack accuracy: 0.4951111078262329
2022-03-21 09:56:10,808 - attack - INFO - Epoch 2 over,Attack loss: [0.24919854 0.24742626 0.25063458 0.25088602 0.24918629 0.24928644
 0.24803567 0.24952225 0.24739993 0.25044605 0.24836825 0.25033462
 0.24915552 0.25002456 0.25053805 0.24903956 0.2506039  0.24839967
 0.24963017 0.24942473 0.2505569  0.25098288 0.24976557 0.24965608
 0.25046834 0.25050798 0.25100774 0.24742371 0.24794069 0.25090006
 0.2483     0.25012413 0.24830832 0.25084007 0.2508575  0.25080127
 0.24925329 0.2504145  0.24699393 0.25083104 0.24979179 0.24894035
 0.24795973 0.24785782 0.24899346 0.25089642 0.24901006 0.2505859
 0.2483373  0.25095147 0.25039843 0.24974728 0.2503095  0.24846177
 0.24783587 0.25024605 0.24993122 0.2480197  0.2505545  0.24977188
 0.24964346 0.24807556 0.2497527  0.2501086  0.24985535 0.2498625
 0.24901338 0.24870534 0.24879874 0.2507508  0.24992919 0.2500528
 0.24947944 0.24972923 0.24958384 0.24873489 0.25049418 0.24943651
 0.2508212  0.249762   0.24811992 0.24997503 0.24843836 0.24922442
 0.25061795 0.24863662 0.24795446 0.24967043 0.24966204 0.2505758
 0.25063902 0.25093943 0.25061312 0.24838156 0.25020757 0.24796164
 0.24969104 0.25105587 0.24914391 0.25063196 0.2509457  0.24961254
 0.24954674 0.24924567 0.25080866 0.25067976 0.2527202  0.24908626
 0.24993074 0.25006586 0.25181288 0.2503769  0.24897243 0.2505282
 0.2501746  0.25184217 0.2497902  0.2500944  0.25097406 0.24948433
 0.24947628 0.24921493 0.2502687  0.25168946 0.25009638 0.2521062
 0.24914077 0.25093642 0.248984   0.24945122 0.25229004 0.2501662
 0.24989365 0.24900815 0.24903531 0.24909623 0.24977238 0.25140566
 0.24904443 0.2508572  0.24999094 0.25007343 0.25052628 0.25013766
 0.24936928 0.25084776 0.2495746  0.24945569 0.24959071 0.24908698
 0.24945939 0.25078183 0.24996746 0.24970272 0.24903747 0.25115582
 0.25204378 0.24994135 0.2507086  0.2498242  0.2512259  0.25216168
 0.25170797 0.25006616 0.25135952 0.25010622 0.2497815  0.2503366
 0.2490002  0.25100493 0.25026268 0.24958874 0.2510876  0.25364417
 0.24981567 0.25030538 0.24962841 0.2517305  0.25084227 0.2500363
 0.24977352 0.24927211 0.24964075 0.2500075  0.250751   0.24929354
 0.25115302 0.24991046 0.25061563 0.25292736 0.25118628 0.24998343
 0.24899004 0.25030288 0.25002992 0.24970964 0.2519279  0.24970701
 0.24933293 0.25026095],Attack accuracy: 0.4906666576862335
2022-03-21 09:56:12,802 - attack - INFO - Epoch 3 over,Attack loss: [0.24147911 0.22813095 0.25073653 0.2526337  0.2413033  0.24215859
 0.23289692 0.24435082 0.22783075 0.2502343  0.23532076 0.24918218
 0.24075648 0.24742015 0.25016567 0.24020247 0.2507542  0.2349076
 0.24470499 0.24324588 0.250524   0.253064   0.24562219 0.2452546
 0.25020972 0.24979208 0.25312993 0.2278187  0.23220685 0.25262648
 0.23454322 0.24787231 0.23512003 0.25202528 0.25224987 0.25220174
 0.24208552 0.24993294 0.22490534 0.2519177  0.24584839 0.23960078
 0.23225476 0.23128039 0.23991488 0.25305796 0.24022713 0.25088674
 0.23489246 0.25299612 0.24948487 0.24615283 0.24945498 0.23567706
 0.2307319  0.2484878  0.24656649 0.23208371 0.25103164 0.2462428
 0.24502034 0.2329868  0.24564074 0.24807747 0.24725664 0.24702196
 0.2403115  0.23782633 0.23858753 0.251746   0.2468953  0.24755952
 0.24372812 0.24553286 0.24476567 0.23780558 0.2502647  0.24353535
 0.25224257 0.24598731 0.2331351  0.24682623 0.23594324 0.24154268
 0.2509     0.23744896 0.23212317 0.24515626 0.24530372 0.25057372
 0.25111094 0.25306898 0.25080186 0.23510535 0.24817403 0.23222633
 0.2454869  0.25323224 0.24118736 0.25098157 0.25968084 0.25011528
 0.24992824 0.2484173  0.25867826 0.25761947 0.27427125 0.24686606
 0.2522873  0.25284132 0.2664695  0.2545571  0.246822   0.25621438
 0.25364304 0.26684356 0.25152236 0.25366262 0.26021904 0.24957937
 0.24913253 0.24771158 0.25431085 0.26579988 0.25235614 0.26880613
 0.24761166 0.25957716 0.24682818 0.2493352  0.27061042 0.25364688
 0.25188795 0.24693474 0.24700077 0.2468159  0.25100493 0.2633788
 0.2468424  0.25920093 0.2523601  0.2530573  0.25633913 0.2534666
 0.24944185 0.25924274 0.24974257 0.24947442 0.24956374 0.2470147
 0.24933873 0.25832593 0.2518909  0.25098804 0.24695794 0.26088804
 0.26862407 0.25237975 0.25789607 0.25184116 0.2619305  0.26930055
 0.2660711  0.2522653  0.26311356 0.2535907  0.25011504 0.25472626
 0.24694026 0.26044768 0.25411683 0.24987017 0.26113725 0.28176022
 0.2513386  0.2545711  0.25037268 0.26592907 0.25883847 0.25306264
 0.2512795  0.24793623 0.25012076 0.252095   0.25808388 0.24868774
 0.26126987 0.25227484 0.2569278  0.27575862 0.26164645 0.25259838
 0.24684782 0.2543518  0.25280213 0.25114065 0.2675969  0.2511013
 0.24851273 0.2540577 ],Attack accuracy: 0.49344444274902344
2022-03-21 09:56:14,797 - attack - INFO - Epoch 4 over,Attack loss: [0.21184655 0.15676145 0.24895991 0.255824   0.21210395 0.21665396
 0.17703123 0.22600502 0.15931235 0.24784388 0.18677665 0.24374537
 0.2071516  0.2351975  0.24798872 0.2080303  0.25060225 0.18495527
 0.22318785 0.21812753 0.24728005 0.2562397  0.22898525 0.22740114
 0.24897026 0.24412465 0.25653705 0.15385613 0.17438875 0.2555804
 0.18004604 0.23847812 0.18855076 0.25461584 0.25484502 0.25521
 0.21624327 0.24777403 0.14621024 0.2534859  0.22883165 0.20622393
 0.1706583  0.1696694  0.2037167  0.25639242 0.20681621 0.25043255
 0.18378085 0.25588405 0.24554437 0.23369768 0.24501833 0.18800902
 0.16544732 0.24130839 0.23042457 0.17041093 0.2526768  0.23445876
 0.2271217  0.17931984 0.22847646 0.23823136 0.2397336  0.2387033
 0.2079419  0.19701292 0.20145363 0.25257358 0.23431373 0.23816079
 0.22033462 0.22743735 0.22485921 0.19331655 0.2510272  0.21858013
 0.255398   0.23192799 0.17628983 0.23395234 0.18952864 0.20860703
 0.2503369  0.19421244 0.17352198 0.22576945 0.22671358 0.24667251
 0.25076267 0.25642332 0.25062212 0.18498388 0.23876277 0.17123266
 0.2285868  0.25722477 0.21134266 0.2507658  0.29472205 0.25332657
 0.25256538 0.2451025  0.29191643 0.29061434 0.37200433 0.24347845
 0.2624618  0.2598594  0.33313128 0.27000433 0.24320632 0.27902505
 0.26560047 0.33338603 0.2592263  0.27000952 0.29990405 0.24836023
 0.24557805 0.2439449  0.26961485 0.32938534 0.25464654 0.34444118
 0.24397887 0.2947611  0.24320427 0.25033695 0.35207072 0.26699498
 0.2616767  0.24376956 0.24409188 0.24315953 0.25621396 0.31360486
 0.24332401 0.2940955  0.26275155 0.26588735 0.2798787  0.2671922
 0.25359604 0.29504943 0.24920107 0.24933472 0.24816692 0.24407853
 0.24942377 0.28801638 0.2589798  0.25562862 0.24384308 0.29867023
 0.34203044 0.26154262 0.28693268 0.2596181  0.30662754 0.3452785
 0.32757473 0.25965813 0.31165045 0.26919386 0.2488253  0.2747776
 0.24379893 0.30053508 0.2702829  0.2517555  0.30135077 0.40559894
 0.25808817 0.27263474 0.25416714 0.32647717 0.29432315 0.2666813
 0.25890252 0.24317087 0.25287303 0.25984812 0.28999016 0.24927062
 0.3055203  0.26301107 0.28456554 0.37373936 0.30371964 0.26506102
 0.24327084 0.27009726 0.26652756 0.2595415  0.33358073 0.26020822
 0.24578574 0.27058175],Attack accuracy: 0.49222221970558167
2022-03-21 09:56:16,773 - attack - INFO - Epoch 5 over,Attack loss: [0.21262501 0.1395505  0.25294787 0.2605637  0.21696007 0.22198534
 0.17086788 0.23964326 0.15090153 0.2593572  0.18123512 0.2552172
 0.20063967 0.2369185  0.25309563 0.21378803 0.26324007 0.17443071
 0.21884584 0.21747139 0.25409254 0.2624064  0.22842404 0.23080148
 0.2629917  0.24491467 0.26333818 0.1297911  0.16652198 0.25975746
 0.16402715 0.24375555 0.18899032 0.2576188  0.26153508 0.26139846
 0.22431675 0.26231837 0.13468173 0.25614926 0.22953154 0.20914625
 0.1531067  0.16002987 0.19829452 0.26278657 0.20678407 0.26201594
 0.17660691 0.26093784 0.25405765 0.24903415 0.2583755  0.18438111
 0.14661995 0.24641302 0.22712    0.1486218  0.26257065 0.24341314
 0.23529729 0.17839573 0.23285349 0.24379615 0.26449442 0.26480854
 0.21164007 0.19528152 0.19689393 0.2572955  0.24064508 0.24742773
 0.21989797 0.23050715 0.22900522 0.17922081 0.26536897 0.21582566
 0.26130387 0.23847604 0.1610452  0.23641713 0.18685332 0.19789696
 0.25477016 0.18948343 0.16520822 0.22413482 0.23184922 0.24862806
 0.25904843 0.2626975  0.25846827 0.17983025 0.23824905 0.15478425
 0.23813124 0.26593024 0.21357445 0.25989744 0.2871366  0.24518931
 0.24033287 0.23505838 0.29224062 0.30425864 0.4006292  0.2367541
 0.2514866  0.23739563 0.35253206 0.2525945  0.2357686  0.27256405
 0.24751669 0.3460891  0.25387302 0.27071503 0.3025242  0.2353974
 0.23620547 0.23840795 0.25599092 0.34733474 0.23304413 0.3635197
 0.23866183 0.29099292 0.23573257 0.23821458 0.37187004 0.25623104
 0.25460348 0.23782496 0.23900121 0.23572898 0.23978357 0.315251
 0.2361282  0.29651198 0.25211206 0.25812384 0.27224922 0.25858527
 0.2553559  0.30214173 0.23726839 0.23754826 0.23766086 0.23904525
 0.23755312 0.28302002 0.24192606 0.24359454 0.23792794 0.28801298
 0.3600413  0.24927379 0.28345257 0.25185558 0.30783913 0.36081186
 0.33129564 0.23878925 0.31212074 0.26404393 0.23535015 0.27426544
 0.23798466 0.30290574 0.26091334 0.23809531 0.30130333 0.4270312
 0.24901633 0.26459995 0.24016228 0.32964647 0.30166936 0.26128122
 0.24960293 0.23607722 0.23745415 0.24374522 0.29135302 0.24401817
 0.31094292 0.25741342 0.28711638 0.38247412 0.30078027 0.26100904
 0.23600766 0.2589447  0.263452   0.25519124 0.3396361  0.25938272
 0.23630366 0.2633792 ],Attack accuracy: 0.4928888976573944
2022-03-21 09:56:18,751 - attack - INFO - Epoch 6 over,Attack loss: [0.23178029 0.1463518  0.25371587 0.26897216 0.24406357 0.24767216
 0.19775364 0.27868444 0.17638078 0.27380228 0.1966761  0.27444664
 0.20651387 0.24131437 0.25754324 0.24449316 0.27662805 0.18143497
 0.22351533 0.23087771 0.26885507 0.27494547 0.22789079 0.24691929
 0.2773692  0.24346071 0.27802128 0.12440877 0.18422732 0.26120833
 0.1670218  0.24930216 0.21299143 0.24996704 0.2705861  0.27117354
 0.2540198  0.27617863 0.16340767 0.25376144 0.234379   0.23957966
 0.15789883 0.18112865 0.21056205 0.27607477 0.22762835 0.2729361
 0.19406725 0.27048838 0.26399353 0.27953932 0.27422255 0.21007816
 0.14353096 0.2557584  0.23040786 0.1373842  0.27445632 0.26722795
 0.26183045 0.20767388 0.24602237 0.25461435 0.28391173 0.28268823
 0.24048622 0.21782632 0.20349653 0.25599423 0.25286633 0.26249486
 0.23381405 0.24641615 0.24808519 0.17631936 0.28220314 0.22772579
 0.27089798 0.25488392 0.16359508 0.24261339 0.21390292 0.194424
 0.25601977 0.21296409 0.18251254 0.23273668 0.25119388 0.25082418
 0.2711697  0.27555922 0.2638067  0.20334485 0.23547827 0.1606757
 0.26468796 0.28534436 0.23776141 0.2684364  0.24391602 0.23423846
 0.22535534 0.22198395 0.26928386 0.31061992 0.38383976 0.22291915
 0.2307798  0.21679159 0.3394463  0.22156584 0.2202322  0.24937937
 0.217099   0.32310596 0.24137884 0.2689855  0.28158253 0.22017626
 0.22172487 0.22802207 0.22598937 0.33567908 0.21344249 0.34177753
 0.2289841  0.2580438  0.22012074 0.22795086 0.35790694 0.23496185
 0.23678999 0.2261451  0.22961359 0.2198217  0.22302283 0.2828447
 0.22113083 0.27908683 0.23090595 0.23955588 0.24494968 0.23492333
 0.26254916 0.28952667 0.22990476 0.22484827 0.22576886 0.22965673
 0.22593172 0.25788963 0.22304481 0.22427073 0.22637367 0.24436387
 0.34490252 0.22574247 0.2571081  0.239293   0.27830943 0.33740693
 0.2876682  0.221847   0.2861958  0.24563317 0.21956407 0.2661331
 0.22688143 0.2793422  0.23669837 0.22722894 0.2717974  0.3826415
 0.23625647 0.2374198  0.22509149 0.29006913 0.2920119  0.2460203
 0.22951218 0.22221354 0.22516866 0.22316231 0.27031046 0.23783807
 0.28823176 0.24109127 0.2742321  0.32912698 0.26477793 0.24658534
 0.22132215 0.232596   0.25169384 0.24566156 0.31559587 0.25441283
 0.22185357 0.2399272 ],Attack accuracy: 0.49166667461395264
2022-03-21 09:56:20,706 - attack - INFO - Epoch 7 over,Attack loss: [0.21311572 0.08875568 0.21846516 0.28367704 0.23304756 0.24517237
 0.19619368 0.31678966 0.15340394 0.28580663 0.17218198 0.29908818
 0.16406496 0.2046618  0.23992714 0.24511914 0.3046709  0.1231693
 0.19748782 0.21043845 0.28308344 0.30295506 0.17198096 0.23481828
 0.30401692 0.20088023 0.31314895 0.05045641 0.1452002  0.24596868
 0.12189578 0.21089077 0.17975433 0.19878851 0.26899332 0.28148165
 0.26122406 0.3018254  0.1505564  0.21774827 0.18793836 0.2407769
 0.10833216 0.1626552  0.18405867 0.30634844 0.21983112 0.2945498
 0.16441952 0.29016414 0.23888086 0.30825403 0.2951513  0.20709144
 0.06701689 0.22991459 0.19543691 0.05547515 0.2998438  0.28050458
 0.28091097 0.18556412 0.21475896 0.23265295 0.32570153 0.3263592
 0.2545379  0.20968348 0.13430038 0.21724892 0.22648166 0.2529653
 0.22295035 0.23188022 0.23986624 0.11223102 0.30521965 0.20416863
 0.28822365 0.2373383  0.11258445 0.20024472 0.21372962 0.1335786
 0.22323932 0.22229464 0.13996305 0.20222661 0.24961755 0.2237097
 0.26573896 0.3036106  0.23641081 0.18596081 0.1823182  0.11180849
 0.2721614  0.335045   0.2382024  0.25523803 0.18770136 0.23089004
 0.22272696 0.2256099  0.26557258 0.39523202 0.48575842 0.192966
 0.23254558 0.1812935  0.39736262 0.19387497 0.1861327  0.25896075
 0.18922406 0.35664737 0.24613322 0.32468387 0.30551332 0.2047078
 0.18957251 0.20963313 0.20643349 0.40946418 0.16945994 0.3836792
 0.21691294 0.23379856 0.18555829 0.20685796 0.46372437 0.23781349
 0.23599793 0.20571657 0.21165287 0.18489778 0.19749118 0.2804782
 0.1880291  0.30673695 0.21397316 0.24452691 0.23934267 0.20836432
 0.31297287 0.31343815 0.24071087 0.20451497 0.20065144 0.21075615
 0.20220007 0.27520525 0.199089   0.2047653  0.20237923 0.20900957
 0.40990216 0.2080608  0.24601401 0.25422856 0.27044258 0.390473
 0.24775326 0.19413209 0.31280535 0.24208586 0.18563502 0.31499878
 0.22818208 0.29818767 0.22480486 0.20628199 0.26526353 0.4551291
 0.23446468 0.21049388 0.2028585  0.27280235 0.33215737 0.25004172
 0.21194062 0.21743278 0.2004181  0.19883858 0.27434197 0.25184745
 0.29369834 0.23358195 0.28707895 0.32961705 0.23121008 0.24383493
 0.19054168 0.22000168 0.26779488 0.26523358 0.40513226 0.28489587
 0.19020446 0.21907215],Attack accuracy: 0.4883333444595337
2022-03-21 09:56:22,669 - attack - INFO - Epoch 8 over,Attack loss: [0.2431275  0.06405719 0.20405312 0.31935877 0.29213694 0.3363381
 0.2809284  0.4084809  0.21413366 0.32833606 0.25002837 0.35874426
 0.14190467 0.16833353 0.27608204 0.31780282 0.37873456 0.12625991
 0.22075287 0.24803223 0.31853178 0.37163776 0.116666   0.27750295
 0.3618119  0.17005381 0.40647092 0.0181456  0.18227051 0.24875171
 0.1184661  0.18071795 0.16316272 0.19235657 0.3038512  0.3298244
 0.33151305 0.36470112 0.21994388 0.2049848  0.17115305 0.38251954
 0.11551513 0.25328767 0.17560942 0.38116118 0.23985586 0.34612998
 0.20646858 0.33724535 0.23864861 0.35799345 0.32567582 0.31252086
 0.02895124 0.24567677 0.19573256 0.01837612 0.3601876  0.37603056
 0.40661868 0.19913025 0.20555703 0.24142945 0.43083477 0.44041714
 0.3314577  0.28503796 0.11015009 0.18678814 0.18525767 0.28471673
 0.25644988 0.26069432 0.29895657 0.07818611 0.37389722 0.20420682
 0.32580483 0.3060433  0.0946613  0.16889505 0.25108275 0.0911197
 0.20374893 0.35837424 0.12000045 0.18075271 0.287718   0.20552823
 0.2631152  0.3786791  0.21801214 0.21639441 0.18991646 0.1065108
 0.36763856 0.47769508 0.23999324 0.29372737 0.11227965 0.15561841
 0.19117187 0.13646628 0.17318055 0.46917862 0.49397323 0.13027047
 0.1825106  0.11045118 0.38150078 0.14035214 0.11497262 0.2228885
 0.11730958 0.27134812 0.24121994 0.40946212 0.28614232 0.14775601
 0.12383066 0.17454104 0.12824307 0.40891683 0.08878273 0.27508518
 0.1860376  0.12296352 0.11441194 0.16190356 0.5129188  0.1753154
 0.2220576  0.1554791  0.1737553  0.11366422 0.14708686 0.18357468
 0.12080103 0.21341287 0.16219833 0.24026144 0.1610794  0.13898808
 0.29739937 0.18020736 0.14616418 0.15249582 0.14160284 0.16978067
 0.1497489  0.22722536 0.16244961 0.14754166 0.15281272 0.12314802
 0.42589125 0.13473232 0.14105569 0.22993945 0.18487664 0.3488326
 0.09630275 0.14297509 0.329858   0.18990311 0.11882399 0.31370762
 0.16705912 0.26953346 0.17457701 0.16670506 0.13984066 0.4501303
 0.19150998 0.15212707 0.16854241 0.16874048 0.35925204 0.2273878
 0.17174765 0.18970196 0.14893366 0.15098022 0.22760577 0.23892137
 0.19729435 0.18301073 0.23979607 0.24246162 0.12071551 0.16896257
 0.12433854 0.1688949  0.24303962 0.2632002  0.471779   0.31015077
 0.12623878 0.15741253],Attack accuracy: 0.49166667461395264
2022-03-21 09:56:24,637 - attack - INFO - Epoch 9 over,Attack loss: [0.14186332 0.01195877 0.14620796 0.3229573  0.14441743 0.1979388
 0.15814862 0.44075277 0.09254264 0.32418007 0.12339795 0.39806297
 0.07561728 0.0989778  0.22908035 0.15445693 0.38460624 0.02621973
 0.13845788 0.19654967 0.3075772  0.42775628 0.0529809  0.21505754
 0.22578484 0.09652701 0.48110577 0.00469869 0.07431758 0.21404557
 0.03935467 0.07503673 0.03962437 0.16967529 0.25722682 0.34317154
 0.17160782 0.3197687  0.08569241 0.13409927 0.09603833 0.21545494
 0.05502008 0.14101852 0.09960601 0.44432494 0.14178377 0.36452585
 0.11546793 0.3752874  0.15038086 0.22524445 0.25857234 0.24618915
 0.0057576  0.13846111 0.13055724 0.00247386 0.35372415 0.21873327
 0.33477402 0.06966173 0.11856332 0.19886468 0.40038097 0.5251821
 0.21275328 0.17900968 0.02158553 0.1337494  0.10037807 0.19544755
 0.18223096 0.20095868 0.21461695 0.02964589 0.23738669 0.13995823
 0.2955223  0.16341582 0.03432434 0.08557355 0.10923116 0.05237162
 0.13697372 0.31130344 0.0407996  0.10337149 0.23754829 0.16136411
 0.17526895 0.43760747 0.14938194 0.11923605 0.14268352 0.0551975
 0.28701597 0.59329545 0.10681503 0.22716892 0.07749095 0.11887937
 0.2454404  0.19249675 0.22159299 0.5379114  0.68657637 0.09201043
 0.23092678 0.09612653 0.4987321  0.19911057 0.0729733  0.3242381
 0.12554736 0.35241413 0.3465437  0.5527575  0.4199522  0.25089952
 0.08745795 0.17944452 0.19884926 0.5495387  0.05495561 0.32396886
 0.23053926 0.17527416 0.07385685 0.12992373 0.7092179  0.2055909
 0.27072465 0.16755384 0.15825963 0.07485788 0.15571201 0.24334686
 0.08253165 0.29870287 0.19990522 0.32812542 0.24421751 0.11363918
 0.2557739  0.22212715 0.09878475 0.20048465 0.09793933 0.14135763
 0.11564362 0.4254072  0.19797383 0.20849557 0.12018104 0.19590537
 0.64445156 0.18659012 0.2004683  0.30547523 0.24313635 0.5381892
 0.08846007 0.1584096  0.52074564 0.23129822 0.08347536 0.34466138
 0.13799673 0.4448994  0.21742834 0.17390236 0.16047125 0.7059664
 0.16774873 0.16755259 0.2379013  0.24192312 0.4792511  0.27873886
 0.18295637 0.22491534 0.12421786 0.19503717 0.29329208 0.27270016
 0.2397023  0.21080686 0.3056654  0.44773746 0.16461253 0.15948555
 0.1168271  0.24064521 0.2495576  0.30821425 0.7045604  0.35423175
 0.08726022 0.12360432],Attack accuracy: 0.49311110377311707
2022-03-21 09:56:24,638 - attack - INFO - Best attack accuracy 50.00%


