2022-05-01 16:33:25,379 - attack - INFO - `exploit_loss` set to: False
2022-05-01 16:33:25,395 - attack - INFO - `exploit_label` set to: True
2022-05-01 16:33:25,397 - attack - INFO - `layers_to_exploit` set to: [7]
2022-05-01 16:33:25,398 - attack - INFO - `gradients_to_exploit` set to: None
2022-05-01 16:33:25,400 - attack - INFO - Number of Epochs: 30
2022-05-01 16:33:25,401 - attack - INFO - Learning Rate: 0.001
2022-05-01 16:33:25,402 - attack - INFO - Optimizer: 0.001
2022-05-01 16:34:16,849 - attack - INFO - Epoch 0 over,Attack loss: [0.25014523 0.250145   0.25014713 ... 0.24985437 0.24985199 0.24985616],Attack accuracy: 0.5
2022-05-01 16:34:23,524 - attack - INFO - Epoch 1 over,Attack loss: [0.25010228 0.25019982 0.25027198 ... 0.2498744  0.24966443 0.24995548],Attack accuracy: 0.512499988079071
2022-05-01 16:34:30,142 - attack - INFO - Epoch 2 over,Attack loss: [0.25096592 0.25290745 0.25330412 ... 0.24860072 0.24444391 0.25076088],Attack accuracy: 0.5080000162124634
2022-05-01 16:34:36,838 - attack - INFO - Epoch 3 over,Attack loss: [0.26217926 0.27936715 0.28188887 ... 0.24264213 0.20093814 0.2555099 ],Attack accuracy: 0.5080000162124634
2022-05-01 16:34:43,346 - attack - INFO - Epoch 4 over,Attack loss: [0.28002018 0.29232112 0.32473165 ... 0.27400702 0.18937306 0.2654323 ],Attack accuracy: 0.5120000243186951
2022-05-01 16:34:50,045 - attack - INFO - Epoch 5 over,Attack loss: [0.2845357  0.2904198  0.33030584 ... 0.27361393 0.1929924  0.2833957 ],Attack accuracy: 0.503000020980835
2022-05-01 16:34:56,555 - attack - INFO - Epoch 6 over,Attack loss: [0.29610732 0.28216705 0.34733412 ... 0.24878623 0.18457565 0.29537645],Attack accuracy: 0.5005000233650208
2022-05-01 16:35:03,100 - attack - INFO - Epoch 7 over,Attack loss: [0.33127952 0.25277403 0.34977823 ... 0.2524403  0.18491825 0.32415482],Attack accuracy: 0.5090000033378601
2022-05-01 16:35:09,660 - attack - INFO - Epoch 8 over,Attack loss: [0.2693858  0.20941886 0.3121759  ... 0.26473892 0.18948899 0.35545108],Attack accuracy: 0.4945000112056732
2022-05-01 16:35:16,253 - attack - INFO - Epoch 9 over,Attack loss: [0.38819143 0.17759867 0.29066902 ... 0.24334717 0.20412242 0.37553954],Attack accuracy: 0.5149999856948853
2022-05-01 16:35:22,951 - attack - INFO - Epoch 10 over,Attack loss: [0.37785867 0.17835419 0.3431828  ... 0.21418218 0.24211712 0.35588306],Attack accuracy: 0.5070000290870667
2022-05-01 16:35:29,564 - attack - INFO - Epoch 11 over,Attack loss: [0.42737848 0.20257762 0.3035669  ... 0.20761478 0.18322022 0.36462498],Attack accuracy: 0.5095000267028809
2022-05-01 16:35:36,208 - attack - INFO - Epoch 12 over,Attack loss: [0.20730951 0.17640342 0.15410313 ... 0.3847902  0.22088896 0.39838067],Attack accuracy: 0.5099999904632568
2022-05-01 16:35:42,708 - attack - INFO - Epoch 13 over,Attack loss: [0.26891974 0.15799874 0.22972228 ... 0.3687531  0.10807747 0.38847542],Attack accuracy: 0.5149999856948853
2022-05-01 16:35:49,163 - attack - INFO - Epoch 14 over,Attack loss: [0.37378722 0.19560854 0.3417388  ... 0.21061236 0.07578239 0.36924314],Attack accuracy: 0.5080000162124634
2022-05-01 16:35:55,827 - attack - INFO - Epoch 15 over,Attack loss: [0.29295683 0.16199903 0.2817142  ... 0.2610038  0.1030029  0.35975766],Attack accuracy: 0.5115000009536743
2022-05-01 16:36:02,252 - attack - INFO - Epoch 16 over,Attack loss: [0.39003602 0.15433514 0.1733845  ... 0.19901787 0.11530063 0.4094114 ],Attack accuracy: 0.5109999775886536
2022-05-01 16:36:08,959 - attack - INFO - Epoch 17 over,Attack loss: [0.47684205 0.13797568 0.26895174 ... 0.09776931 0.07227338 0.38826868],Attack accuracy: 0.5139999985694885
2022-05-01 16:36:15,512 - attack - INFO - Epoch 18 over,Attack loss: [0.41717544 0.19831862 0.3176572  ... 0.11409511 0.02825027 0.38764918],Attack accuracy: 0.5249999761581421
2022-05-01 16:36:22,009 - attack - INFO - Epoch 19 over,Attack loss: [0.3670048  0.10709526 0.16120817 ... 0.20630793 0.06612942 0.4047418 ],Attack accuracy: 0.5139999985694885
2022-05-01 16:36:28,572 - attack - INFO - Epoch 20 over,Attack loss: [0.40922555 0.12027968 0.17861553 ... 0.11354352 0.05560675 0.43683466],Attack accuracy: 0.5195000171661377
2022-05-01 16:36:35,185 - attack - INFO - Epoch 21 over,Attack loss: [0.41120908 0.08618813 0.15575755 ... 0.18131736 0.05772557 0.42968673],Attack accuracy: 0.5264999866485596
2022-05-01 16:36:41,695 - attack - INFO - Epoch 22 over,Attack loss: [0.41473454 0.10308281 0.18603428 ... 0.08769114 0.06115139 0.4309174 ],Attack accuracy: 0.5174999833106995
2022-05-01 16:36:48,222 - attack - INFO - Epoch 23 over,Attack loss: [0.4793772  0.13608502 0.24597567 ... 0.0484703  0.04597109 0.3987123 ],Attack accuracy: 0.5170000195503235
2022-05-01 16:36:54,636 - attack - INFO - Epoch 24 over,Attack loss: [0.38270077 0.07994808 0.08918767 ... 0.11964384 0.13875324 0.40371716],Attack accuracy: 0.515999972820282
2022-05-01 16:37:01,192 - attack - INFO - Epoch 25 over,Attack loss: [0.4449581  0.11711678 0.19902998 ... 0.08338783 0.08937047 0.37495258],Attack accuracy: 0.5099999904632568
2022-05-01 16:37:07,692 - attack - INFO - Epoch 26 over,Attack loss: [0.51469064 0.16128366 0.3211936  ... 0.08463326 0.04783652 0.37284938],Attack accuracy: 0.5289999842643738
2022-05-01 16:37:14,081 - attack - INFO - Epoch 27 over,Attack loss: [0.3950783  0.06213768 0.11848666 ... 0.08165134 0.08831526 0.4100572 ],Attack accuracy: 0.5134999752044678
2022-05-01 16:37:20,614 - attack - INFO - Epoch 28 over,Attack loss: [0.36931348 0.10788972 0.05989758 ... 0.06232442 0.05820576 0.42554116],Attack accuracy: 0.5040000081062317
2022-05-01 16:37:27,301 - attack - INFO - Epoch 29 over,Attack loss: [0.33892524 0.06798723 0.07750779 ... 0.06137387 0.06377642 0.4148855 ],Attack accuracy: 0.5055000185966492
2022-05-01 16:37:27,335 - attack - INFO - Best attack accuracy 52.90%


