2022-04-07 22:12:45,804 - attack - INFO - `exploit_loss` set to: False
2022-04-07 22:12:45,805 - attack - INFO - `exploit_label` set to: True
2022-04-07 22:12:45,805 - attack - INFO - `layers_to_exploit` set to: [7]
2022-04-07 22:12:45,805 - attack - INFO - `gradients_to_exploit` set to: None
2022-04-07 22:12:45,805 - attack - INFO - Number of Epochs: 30
2022-04-07 22:12:45,805 - attack - INFO - Learning Rate: 0.001
2022-04-07 22:12:45,805 - attack - INFO - Optimizer: 0.001
2022-04-07 22:13:33,314 - attack - INFO - Epoch 0 over,Attack loss: [0.25000072 0.25000012 0.25000012 ... 0.24999952 0.25       0.2499997 ],Attack accuracy: 0.5
2022-04-07 22:13:39,318 - attack - INFO - Epoch 1 over,Attack loss: [0.24975073 0.2497505  0.24975061 ... 0.25024945 0.25024968 0.25024956],Attack accuracy: 0.5
2022-04-07 22:13:45,253 - attack - INFO - Epoch 2 over,Attack loss: [0.24997103 0.24996871 0.24996924 ... 0.25003064 0.2500313  0.25003052],Attack accuracy: 0.5
2022-04-07 22:13:51,052 - attack - INFO - Epoch 3 over,Attack loss: [0.250154   0.25014797 0.25014928 ... 0.24985036 0.24985234 0.24985024],Attack accuracy: 0.5
2022-04-07 22:13:56,616 - attack - INFO - Epoch 4 over,Attack loss: [0.250204   0.2501895  0.25019327 ... 0.2498066  0.2498109  0.24980594],Attack accuracy: 0.5
2022-04-07 22:14:02,123 - attack - INFO - Epoch 5 over,Attack loss: [0.25016817 0.2501413  0.25014958 ... 0.24985306 0.24985854 0.24984929],Attack accuracy: 0.5
2022-04-07 22:14:07,689 - attack - INFO - Epoch 6 over,Attack loss: [0.25009668 0.25005054 0.25006568 ... 0.24994302 0.24994618 0.2499311 ],Attack accuracy: 0.5134999752044678
2022-04-07 22:14:13,098 - attack - INFO - Epoch 7 over,Attack loss: [0.25005144 0.2499764  0.2500037  ... 0.25002003 0.25001162 0.24998909],Attack accuracy: 0.5130000114440918
2022-04-07 22:14:18,707 - attack - INFO - Epoch 8 over,Attack loss: [0.25005627 0.24993408 0.24997526 ... 0.25006837 0.2500391  0.2500049 ],Attack accuracy: 0.5074999928474426
2022-04-07 22:14:24,184 - attack - INFO - Epoch 9 over,Attack loss: [0.25014332 0.24995309 0.25001264 ... 0.25005043 0.2499919  0.24993885],Attack accuracy: 0.47999998927116394
2022-04-07 22:14:29,701 - attack - INFO - Epoch 10 over,Attack loss: [0.25039712 0.25005114 0.25012377 ... 0.24992943 0.24985151 0.24976283],Attack accuracy: 0.48649999499320984
2022-04-07 22:14:35,324 - attack - INFO - Epoch 11 over,Attack loss: [0.25087205 0.25022775 0.2503135  ... 0.24971448 0.24959554 0.24942896],Attack accuracy: 0.4860000014305115
2022-04-07 22:14:40,921 - attack - INFO - Epoch 12 over,Attack loss: [0.2515724  0.25045958 0.2505158  ... 0.24943128 0.24920556 0.2489446 ],Attack accuracy: 0.49050000309944153
2022-04-07 22:14:46,329 - attack - INFO - Epoch 13 over,Attack loss: [0.25278956 0.25083694 0.25082532 ... 0.24889585 0.24860291 0.2482148 ],Attack accuracy: 0.49149999022483826
2022-04-07 22:14:51,902 - attack - INFO - Epoch 14 over,Attack loss: [0.2541918  0.25119027 0.25099638 ... 0.24848156 0.24779831 0.2472441 ],Attack accuracy: 0.4925000071525574
2022-04-07 22:14:57,341 - attack - INFO - Epoch 15 over,Attack loss: [0.2569299  0.2519402  0.2518295  ... 0.24742305 0.24635464 0.2456859 ],Attack accuracy: 0.49149999022483826
2022-04-07 22:15:02,972 - attack - INFO - Epoch 16 over,Attack loss: [0.2577066  0.2520214  0.25160947 ... 0.24810657 0.24500981 0.2446294 ],Attack accuracy: 0.4945000112056732
2022-04-07 22:15:08,512 - attack - INFO - Epoch 17 over,Attack loss: [0.26240167 0.25320658 0.25452965 ... 0.2467989  0.24185391 0.24241097],Attack accuracy: 0.49549999833106995
2022-04-07 22:15:14,387 - attack - INFO - Epoch 18 over,Attack loss: [0.26043972 0.25178188 0.25347996 ... 0.25053704 0.24011093 0.24321935],Attack accuracy: 0.5040000081062317
2022-04-07 22:15:20,139 - attack - INFO - Epoch 19 over,Attack loss: [0.26183504 0.2512958  0.2561718  ... 0.25208968 0.23607449 0.2432689 ],Attack accuracy: 0.5120000243186951
2022-04-07 22:15:25,894 - attack - INFO - Epoch 20 over,Attack loss: [0.2589846  0.24821031 0.25636718 ... 0.2546745  0.23284814 0.24608544],Attack accuracy: 0.5115000009536743
2022-04-07 22:15:31,541 - attack - INFO - Epoch 21 over,Attack loss: [0.27526975 0.24890585 0.2626207  ... 0.25555444 0.22493607 0.24284779],Attack accuracy: 0.4970000088214874
2022-04-07 22:15:36,992 - attack - INFO - Epoch 22 over,Attack loss: [0.25150895 0.24439839 0.24335279 ... 0.25765535 0.2333726  0.25557703],Attack accuracy: 0.5134999752044678
2022-04-07 22:15:43,156 - attack - INFO - Epoch 23 over,Attack loss: [0.28909507 0.24430463 0.25382948 ... 0.25847143 0.22033386 0.24531485],Attack accuracy: 0.5099999904632568
2022-04-07 22:15:48,990 - attack - INFO - Epoch 24 over,Attack loss: [0.29354596 0.24280044 0.24644367 ... 0.26016194 0.22135687 0.2455496 ],Attack accuracy: 0.5009999871253967
2022-04-07 22:15:54,754 - attack - INFO - Epoch 25 over,Attack loss: [0.2508681  0.240944   0.23778808 ... 0.2630755  0.24279141 0.25927022],Attack accuracy: 0.5139999985694885
2022-04-07 22:16:00,453 - attack - INFO - Epoch 26 over,Attack loss: [0.29539505 0.24027014 0.23694809 ... 0.26410648 0.23139988 0.24341269],Attack accuracy: 0.5120000243186951
2022-04-07 22:16:06,079 - attack - INFO - Epoch 27 over,Attack loss: [0.2855539  0.23859568 0.23399928 ... 0.26668605 0.24358451 0.24503711],Attack accuracy: 0.5059999823570251
2022-04-07 22:16:11,524 - attack - INFO - Epoch 28 over,Attack loss: [0.2701128  0.23659302 0.23058757 ... 0.2700472  0.2601651  0.24868941],Attack accuracy: 0.5099999904632568
2022-04-07 22:16:17,025 - attack - INFO - Epoch 29 over,Attack loss: [0.34898013 0.24602906 0.23242599 ... 0.2711243  0.24153456 0.21556695],Attack accuracy: 0.4909999966621399
2022-04-07 22:16:17,030 - attack - INFO - Best attack accuracy 51.40%


