2022-04-07 19:54:50,424 - attack - INFO - `exploit_loss` set to: False
2022-04-07 19:54:50,425 - attack - INFO - `exploit_label` set to: True
2022-04-07 19:54:50,425 - attack - INFO - `layers_to_exploit` set to: [7]
2022-04-07 19:54:50,425 - attack - INFO - `gradients_to_exploit` set to: None
2022-04-07 19:54:50,425 - attack - INFO - Number of Epochs: 30
2022-04-07 19:54:50,425 - attack - INFO - Learning Rate: 0.001
2022-04-07 19:54:50,425 - attack - INFO - Optimizer: 0.001
2022-04-07 19:55:39,602 - attack - INFO - Epoch 0 over,Attack loss: [0.2501327  0.25013497 0.2501327  ... 0.24986689 0.24986593 0.24986677],Attack accuracy: 0.5
2022-04-07 19:55:45,565 - attack - INFO - Epoch 1 over,Attack loss: [0.24989565 0.249919   0.24990393 ... 0.25009674 0.25008893 0.25009865],Attack accuracy: 0.5120000243186951
2022-04-07 19:55:51,484 - attack - INFO - Epoch 2 over,Attack loss: [0.2498715  0.250212   0.24996656 ... 0.2500232  0.24990515 0.25003272],Attack accuracy: 0.4950000047683716
2022-04-07 19:55:57,374 - attack - INFO - Epoch 3 over,Attack loss: [0.24918492 0.25150532 0.24958014 ... 0.2501637  0.24917236 0.24987547],Attack accuracy: 0.4880000054836273
2022-04-07 19:56:03,114 - attack - INFO - Epoch 4 over,Attack loss: [0.24754784 0.2572839  0.24756195 ... 0.25182694 0.24666078 0.24977912],Attack accuracy: 0.4894999861717224
2022-04-07 19:56:08,923 - attack - INFO - Epoch 5 over,Attack loss: [0.24484819 0.2734097  0.24486135 ... 0.24959745 0.2350963  0.24891138],Attack accuracy: 0.48249998688697815
2022-04-07 19:56:14,829 - attack - INFO - Epoch 6 over,Attack loss: [0.24064764 0.27220973 0.24044354 ... 0.2467758  0.22108017 0.251682  ],Attack accuracy: 0.5059999823570251
2022-04-07 19:56:20,679 - attack - INFO - Epoch 7 over,Attack loss: [0.23416544 0.27281225 0.23371865 ... 0.22520752 0.1935541  0.24652103],Attack accuracy: 0.5059999823570251
2022-04-07 19:56:26,461 - attack - INFO - Epoch 8 over,Attack loss: [0.22320457 0.25035    0.22305164 ... 0.22649749 0.19715305 0.25566238],Attack accuracy: 0.5070000290870667
2022-04-07 19:56:32,263 - attack - INFO - Epoch 9 over,Attack loss: [0.20606448 0.2207821  0.20574382 ... 0.2266209  0.19641662 0.26327395],Attack accuracy: 0.5065000057220459
2022-04-07 19:56:38,127 - attack - INFO - Epoch 10 over,Attack loss: [0.18920405 0.19324018 0.19493616 ... 0.19338255 0.20328954 0.30038616],Attack accuracy: 0.503000020980835
2022-04-07 19:56:44,072 - attack - INFO - Epoch 11 over,Attack loss: [0.19553258 0.238675   0.25530356 ... 0.15621005 0.17117594 0.23926407],Attack accuracy: 0.5009999871253967
2022-04-07 19:56:49,935 - attack - INFO - Epoch 12 over,Attack loss: [0.21162514 0.19380477 0.30252662 ... 0.16467875 0.16433899 0.28838193],Attack accuracy: 0.5049999952316284
2022-04-07 19:56:56,055 - attack - INFO - Epoch 13 over,Attack loss: [0.19587113 0.19822647 0.19582038 ... 0.2903132  0.31464007 0.30179074],Attack accuracy: 0.49900001287460327
2022-04-07 19:57:01,926 - attack - INFO - Epoch 14 over,Attack loss: [0.21989244 0.22407928 0.2542042  ... 0.20475483 0.22291403 0.22769083],Attack accuracy: 0.5139999985694885
2022-04-07 19:57:07,597 - attack - INFO - Epoch 15 over,Attack loss: [0.1958168  0.20140018 0.20942384 ... 0.22007005 0.30450594 0.29021785],Attack accuracy: 0.5044999718666077
2022-04-07 19:57:13,534 - attack - INFO - Epoch 16 over,Attack loss: [0.18438351 0.19251807 0.1888255  ... 0.24480926 0.3261057  0.27527273],Attack accuracy: 0.5065000057220459
2022-04-07 19:57:19,393 - attack - INFO - Epoch 17 over,Attack loss: [0.17354597 0.17890382 0.18440358 ... 0.2756982  0.3381973  0.21565421],Attack accuracy: 0.5034999847412109
2022-04-07 19:57:25,333 - attack - INFO - Epoch 18 over,Attack loss: [0.16485518 0.16609563 0.180793   ... 0.28809822 0.36735392 0.25842464],Attack accuracy: 0.5065000057220459
2022-04-07 19:57:31,287 - attack - INFO - Epoch 19 over,Attack loss: [0.16621953 0.16461611 0.17938234 ... 0.26426825 0.38554373 0.24636433],Attack accuracy: 0.5024999976158142
2022-04-07 19:57:37,166 - attack - INFO - Epoch 20 over,Attack loss: [0.18154207 0.16813062 0.2481568  ... 0.22171548 0.3477299  0.21203023],Attack accuracy: 0.5024999976158142
2022-04-07 19:57:42,959 - attack - INFO - Epoch 21 over,Attack loss: [0.2876735  0.17745999 0.41927883 ... 0.14997746 0.15999927 0.17001836],Attack accuracy: 0.5044999718666077
2022-04-07 19:57:48,795 - attack - INFO - Epoch 22 over,Attack loss: [0.1896202  0.17852208 0.21998419 ... 0.2507406  0.36174858 0.23087849],Attack accuracy: 0.5084999799728394
2022-04-07 19:57:54,863 - attack - INFO - Epoch 23 over,Attack loss: [0.18979627 0.17776293 0.2383371  ... 0.2431217  0.3698486  0.21408783],Attack accuracy: 0.5009999871253967
2022-04-07 19:58:00,595 - attack - INFO - Epoch 24 over,Attack loss: [0.25231722 0.17017844 0.32295513 ... 0.22149424 0.35426196 0.14466017],Attack accuracy: 0.5195000171661377
2022-04-07 19:58:06,602 - attack - INFO - Epoch 25 over,Attack loss: [0.3032624  0.16145241 0.40390065 ... 0.1516553  0.35264015 0.14319427],Attack accuracy: 0.5090000033378601
2022-04-07 19:58:12,503 - attack - INFO - Epoch 26 over,Attack loss: [0.39162588 0.15693294 0.46272334 ... 0.14419091 0.2687272  0.16118754],Attack accuracy: 0.5120000243186951
2022-04-07 19:58:18,357 - attack - INFO - Epoch 27 over,Attack loss: [0.39906302 0.15686876 0.5125764  ... 0.16360155 0.31265157 0.17895946],Attack accuracy: 0.5
2022-04-07 19:58:24,433 - attack - INFO - Epoch 28 over,Attack loss: [0.17990872 0.15816733 0.16239588 ... 0.35468265 0.42499226 0.34902427],Attack accuracy: 0.5134999752044678
2022-04-07 19:58:30,376 - attack - INFO - Epoch 29 over,Attack loss: [0.27614713 0.17070003 0.2536312  ... 0.28285533 0.38196367 0.29807734],Attack accuracy: 0.5034999847412109
2022-04-07 19:58:30,381 - attack - INFO - Best attack accuracy 51.95%


