2022-03-21 09:55:52,404 - attack - INFO - `exploit_loss` set to: False
2022-03-21 09:55:52,404 - attack - INFO - `exploit_label` set to: True
2022-03-21 09:55:52,405 - attack - INFO - `layers_to_exploit` set to: [7]
2022-03-21 09:55:52,405 - attack - INFO - `gradients_to_exploit` set to: None
2022-03-21 09:55:52,405 - attack - INFO - Number of Epochs: 10
2022-03-21 09:55:52,405 - attack - INFO - Learning Rate: 0.001
2022-03-21 09:55:52,405 - attack - INFO - Optimizer: 0.001
2022-03-21 09:56:06,859 - attack - INFO - Epoch 0 over,Attack loss: [0.25012675 0.25011587 0.25013116 0.2501326  0.2501258  0.25012627
 0.25011885 0.25012794 0.25011516 0.25013104 0.25012112 0.2501308
 0.25012735 0.25012985 0.2501308  0.25012615 0.25013068 0.25012136
 0.25012794 0.25012878 0.25013223 0.250132   0.2501283  0.2501283
 0.25013033 0.25013176 0.25013176 0.25011873 0.2501185  0.25013247
 0.25012028 0.2501296  0.25012004 0.2501308  0.25013247 0.250132
 0.2501264  0.2501308  0.25011444 0.25013152 0.25012985 0.25012413
 0.25011957 0.2501185  0.25012568 0.2501314  0.2501259  0.25013128
 0.25012293 0.25013247 0.25012985 0.25012806 0.25013068 0.25012317
 0.25012004 0.25013044 0.25013068 0.25012004 0.25013092 0.25012782
 0.2501277  0.2501197  0.250129   0.25013068 0.2501277  0.25012878
 0.25012508 0.2501233  0.25012258 0.25013188 0.25012997 0.2501289
 0.25012735 0.2501295  0.25012806 0.2501246  0.25012866 0.2501283
 0.250132   0.25012627 0.2501192  0.2501289  0.25012195 0.25012794
 0.25013116 0.2501233  0.2501197  0.25012866 0.250129   0.2501321
 0.25013128 0.2501308  0.2501308  0.25012365 0.2501289  0.25012004
 0.25012866 0.2501314  0.25012568 0.2501308  0.24987452 0.24986999
 0.24986903 0.24987082 0.24987368 0.24987261 0.24988322 0.24986951
 0.24987094 0.24987213 0.24987964 0.24987261 0.24986969 0.24987398
 0.24987279 0.24987929 0.24986927 0.2498701  0.24987333 0.24987046
 0.24987118 0.24986808 0.24987178 0.24987833 0.24987416 0.24988107
 0.24986808 0.24987452 0.24986951 0.2498682  0.24988131 0.24987184
 0.24986945 0.24986832 0.24986736 0.24986939 0.24987029 0.24987762
 0.24986975 0.24987368 0.2498704  0.24987023 0.24987201 0.24987112
 0.24986814 0.24987464 0.24986999 0.24986999 0.24986987 0.24986784
 0.24986915 0.24987398 0.24987088 0.24986993 0.24986832 0.24987654
 0.24988203 0.24987094 0.24987285 0.24987034 0.24987595 0.24988095
 0.24987839 0.24987142 0.249876   0.24986981 0.24987136 0.24987046
 0.24986796 0.24987452 0.24987118 0.24986951 0.24987619 0.249889
 0.24986951 0.2498707  0.24986981 0.24987833 0.2498732  0.24986981
 0.24986903 0.24986987 0.24986939 0.2498713  0.24987261 0.24986814
 0.24987535 0.24986951 0.24987297 0.24988453 0.24987738 0.24986963
 0.24986951 0.24987213 0.24986939 0.24986856 0.24988036 0.24986844
 0.24986975 0.24987046],Attack accuracy: 0.5
2022-03-21 09:56:08,832 - attack - INFO - Epoch 1 over,Attack loss: [0.24978708 0.24959348 0.24992865 0.2499559  0.24978273 0.2497931
 0.24964613 0.24982622 0.24958605 0.24991387 0.24968384 0.24990888
 0.24979399 0.24988206 0.2499165  0.2497679  0.24992168 0.24968056
 0.24984339 0.24982366 0.2499336  0.24995613 0.24985036 0.249841
 0.24990626 0.24992478 0.24995834 0.24959867 0.24963488 0.24995542
 0.24967782 0.24988468 0.24966568 0.24993587 0.24995178 0.24994332
 0.24978952 0.24991061 0.24956055 0.24994463 0.24986656 0.2497362
 0.24964476 0.24962874 0.2497679  0.24993795 0.24976337 0.24992573
 0.24968861 0.24995911 0.24990125 0.24983671 0.24990006 0.24969885
 0.24963363 0.24989803 0.24988176 0.24964666 0.24991816 0.2498388
 0.24983135 0.2496463  0.24985577 0.24988867 0.24984404 0.24985464
 0.24976295 0.24972017 0.24971922 0.2499386  0.24987091 0.249878
 0.24982324 0.24985518 0.24983266 0.24973716 0.24989142 0.24982437
 0.24994469 0.24983975 0.24965179 0.24987186 0.24969152 0.24979936
 0.24992305 0.24971993 0.2496403  0.24984863 0.2498466  0.24993426
 0.24992663 0.2499438  0.24992192 0.24969342 0.2498867  0.24964613
 0.24984816 0.24997139 0.24977855 0.24992508 0.25023472 0.25009668
 0.25008756 0.25008136 0.25021374 0.25019065 0.25041026 0.25006205
 0.25012305 0.25014326 0.25033313 0.2501677  0.2500502  0.25018844
 0.25015715 0.2503385  0.25010073 0.25012353 0.25022626 0.25009435
 0.25010002 0.25006258 0.25015113 0.2503172  0.2501643  0.25036007
 0.25005394 0.25023043 0.2500496  0.25007617 0.2503775  0.25014237
 0.2501095  0.2500376  0.250036   0.2500723  0.2501101  0.25029483
 0.25006503 0.25021195 0.2501207  0.25012752 0.250177   0.2501367
 0.250067   0.25021875 0.25009823 0.25008845 0.25009936 0.25004667
 0.25008386 0.25021875 0.2501304  0.25010175 0.25004798 0.2502665
 0.25036037 0.25012293 0.25019482 0.2501138  0.25026447 0.2503666
 0.25031945 0.25014403 0.25028208 0.25012293 0.2501304  0.25014934
 0.2500316  0.25023907 0.25014958 0.25009453 0.2502542  0.250489
 0.25010484 0.25014737 0.25009948 0.25032562 0.25021297 0.2501239
 0.25009978 0.25007975 0.2500987  0.25013307 0.25020066 0.25006092
 0.25024885 0.2501099  0.25018498 0.2504326  0.25026703 0.25011432
 0.25005144 0.25015876 0.250117   0.2500896  0.250354   0.25008684
 0.25008386 0.2501416 ],Attack accuracy: 0.4951111078262329
2022-03-21 09:56:10,808 - attack - INFO - Epoch 2 over,Attack loss: [0.24919854 0.24742626 0.25063458 0.25088602 0.24918629 0.24928644
 0.24803567 0.24952225 0.24739993 0.25044605 0.24836825 0.25033462
 0.24915552 0.25002456 0.25053805 0.24903956 0.2506039  0.24839967
 0.24963017 0.24942473 0.2505569  0.25098288 0.24976557 0.24965608
 0.25046834 0.25050798 0.25100774 0.24742371 0.24794069 0.25090006
 0.2483     0.25012413 0.24830832 0.25084007 0.2508575  0.25080127
 0.24925329 0.2504145  0.24699393 0.25083104 0.24979179 0.24894035
 0.24795973 0.24785782 0.24899346 0.25089642 0.24901006 0.2505859
 0.2483373  0.25095147 0.25039843 0.24974728 0.2503095  0.24846177
 0.24783587 0.25024605 0.24993122 0.2480197  0.2505545  0.24977188
 0.24964346 0.24807556 0.2497527  0.2501086  0.24985535 0.2498625
 0.24901338 0.24870534 0.24879874 0.2507508  0.24992919 0.2500528
 0.24947944 0.24972923 0.24958384 0.24873489 0.25049418 0.24943651
 0.2508212  0.249762   0.24811992 0.24997503 0.24843836 0.24922442
 0.25061795 0.24863662 0.24795446 0.24967043 0.24966204 0.2505758
 0.25063902 0.25093943 0.25061312 0.24838156 0.25020757 0.24796164
 0.24969104 0.25105587 0.24914391 0.25063196 0.2509457  0.24961254
 0.24954674 0.24924567 0.25080866 0.25067976 0.2527202  0.24908626
 0.24993074 0.25006586 0.25181288 0.2503769  0.24897243 0.2505282
 0.2501746  0.25184217 0.2497902  0.2500944  0.25097406 0.24948433
 0.24947628 0.24921493 0.2502687  0.25168946 0.25009638 0.2521062
 0.24914077 0.25093642 0.248984   0.24945122 0.25229004 0.2501662
 0.24989365 0.24900815 0.24903531 0.24909623 0.24977238 0.25140566
 0.24904443 0.2508572  0.24999094 0.25007343 0.25052628 0.25013766
 0.24936928 0.25084776 0.2495746  0.24945569 0.24959071 0.24908698
 0.24945939 0.25078183 0.24996746 0.24970272 0.24903747 0.25115582
 0.25204378 0.24994135 0.2507086  0.2498242  0.2512259  0.25216168
 0.25170797 0.25006616 0.25135952 0.25010622 0.2497815  0.2503366
 0.2490002  0.25100493 0.25026268 0.24958874 0.2510876  0.25364417
 0.24981567 0.25030538 0.24962841 0.2517305  0.25084227 0.2500363
 0.24977352 0.24927211 0.24964075 0.2500075  0.250751   0.24929354
 0.25115302 0.24991046 0.25061563 0.25292736 0.25118628 0.24998343
 0.24899004 0.25030288 0.25002992 0.24970964 0.2519279  0.24970701
 0.24933293 0.25026095],Attack accuracy: 0.4906666576862335
2022-03-21 09:56:12,802 - attack - INFO - Epoch 3 over,Attack loss: [0.24147911 0.22813095 0.25073653 0.2526337  0.2413033  0.24215859
 0.23289692 0.24435082 0.22783075 0.2502343  0.23532076 0.24918218
 0.24075648 0.24742015 0.25016567 0.24020247 0.2507542  0.2349076
 0.24470499 0.24324588 0.250524   0.253064   0.24562219 0.2452546
 0.25020972 0.24979208 0.25312993 0.2278187  0.23220685 0.25262648
 0.23454322 0.24787231 0.23512003 0.25202528 0.25224987 0.25220174
 0.24208552 0.24993294 0.22490534 0.2519177  0.24584839 0.23960078
 0.23225476 0.23128039 0.23991488 0.25305796 0.24022713 0.25088674
 0.23489246 0.25299612 0.24948487 0.24615283 0.24945498 0.23567706
 0.2307319  0.2484878  0.24656649 0.23208371 0.25103164 0.2462428
 0.24502034 0.2329868  0.24564074 0.24807747 0.24725664 0.24702196
 0.2403115  0.23782633 0.23858753 0.251746   0.2468953  0.24755952
 0.24372812 0.24553286 0.24476567 0.23780558 0.2502647  0.24353535
 0.25224257 0.24598731 0.2331351  0.24682623 0.23594324 0.24154268
 0.2509     0.23744896 0.23212317 0.24515626 0.24530372 0.25057372
 0.25111094 0.25306898 0.25080186 0.23510535 0.24817403 0.23222633
 0.2454869  0.25323224 0.24118736 0.25098157 0.25968084 0.25011528
 0.24992824 0.2484173  0.25867826 0.25761947 0.27427125 0.24686606
 0.2522873  0.25284132 0.2664695  0.2545571  0.246822   0.25621438
 0.25364304 0.26684356 0.25152236 0.25366262 0.26021904 0.24957937
 0.24913253 0.24771158 0.25431085 0.26579988 0.25235614 0.26880613
 0.24761166 0.25957716 0.24682818 0.2493352  0.27061042 0.25364688
 0.25188795 0.24693474 0.24700077 0.2468159  0.25100493 0.2633788
 0.2468424  0.25920093 0.2523601  0.2530573  0.25633913 0.2534666
 0.24944185 0.25924274 0.24974257 0.24947442 0.24956374 0.2470147
 0.24933873 0.25832593 0.2518909  0.25098804 0.24695794 0.26088804
 0.26862407 0.25237975 0.25789607 0.25184116 0.2619305  0.26930055
 0.2660711  0.2522653  0.26311356 0.2535907  0.25011504 0.25472626
 0.24694026 0.26044768 0.25411683 0.24987017 0.26113725 0.28176022
 0.2513386  0.2545711  0.25037268 0.26592907 0.25883847 0.25306264
 0.2512795  0.24793623 0.25012076 0.252095   0.25808388 0.24868774
 0.26126987 0.25227484 0.2569278  0.27575862 0.26164645 0.25259838
 0.24684782 0.2543518  0.25280213 0.25114065 0.2675969  0.2511013
 0.24851273 0.2540577 ],Attack accuracy: 0.49344444274902344
2022-03-21 09:56:14,797 - attack - INFO - Epoch 4 over,Attack loss: [0.21184655 0.15676145 0.24895991 0.255824   0.21210395 0.21665396
 0.17703123 0.22600502 0.15931235 0.24784388 0.18677665 0.24374537
 0.2071516  0.2351975  0.24798872 0.2080303  0.25060225 0.18495527
 0.22318785 0.21812753 0.24728005 0.2562397  0.22898525 0.22740114
 0.24897026 0.24412465 0.25653705 0.15385613 0.17438875 0.2555804
 0.18004604 0.23847812 0.18855076 0.25461584 0.25484502 0.25521
 0.21624327 0.24777403 0.14621024 0.2534859  0.22883165 0.20622393
 0.1706583  0.1696694  0.2037167  0.25639242 0.20681621 0.25043255
 0.18378085 0.25588405 0.24554437 0.23369768 0.24501833 0.18800902
 0.16544732 0.24130839 0.23042457 0.17041093 0.2526768  0.23445876
 0.2271217  0.17931984 0.22847646 0.23823136 0.2397336  0.2387033
 0.2079419  0.19701292 0.20145363 0.25257358 0.23431373 0.23816079
 0.22033462 0.22743735 0.22485921 0.19331655 0.2510272  0.21858013
 0.255398   0.23192799 0.17628983 0.23395234 0.18952864 0.20860703
 0.2503369  0.19421244 0.17352198 0.22576945 0.22671358 0.24667251
 0.25076267 0.25642332 0.25062212 0.18498388 0.23876277 0.17123266
 0.2285868  0.25722477 0.21134266 0.2507658  0.29472205 0.25332657
 0.25256538 0.2451025  0.29191643 0.29061434 0.37200433 0.24347845
 0.2624618  0.2598594  0.33313128 0.27000433 0.24320632 0.27902505
 0.26560047 0.33338603 0.2592263  0.27000952 0.29990405 0.24836023
 0.24557805 0.2439449  0.26961485 0.32938534 0.25464654 0.34444118
 0.24397887 0.2947611  0.24320427 0.25033695 0.35207072 0.26699498
 0.2616767  0.24376956 0.24409188 0.24315953 0.25621396 0.31360486
 0.24332401 0.2940955  0.26275155 0.26588735 0.2798787  0.2671922
 0.25359604 0.29504943 0.24920107 0.24933472 0.24816692 0.24407853
 0.24942377 0.28801638 0.2589798  0.25562862 0.24384308 0.29867023
 0.34203044 0.26154262 0.28693268 0.2596181  0.30662754 0.3452785
 0.32757473 0.25965813 0.31165045 0.26919386 0.2488253  0.2747776
 0.24379893 0.30053508 0.2702829  0.2517555  0.30135077 0.40559894
 0.25808817 0.27263474 0.25416714 0.32647717 0.29432315 0.2666813
 0.25890252 0.24317087 0.25287303 0.25984812 0.28999016 0.24927062
 0.3055203  0.26301107 0.28456554 0.37373936 0.30371964 0.26506102
 0.24327084 0.27009726 0.26652756 0.2595415  0.33358073 0.26020822
 0.24578574 0.27058175],Attack accuracy: 0.49222221970558167
2022-03-21 09:56:16,773 - attack - INFO - Epoch 5 over,Attack loss: [0.21262501 0.1395505  0.25294787 0.2605637  0.21696007 0.22198534
 0.17086788 0.23964326 0.15090153 0.2593572  0.18123512 0.2552172
 0.20063967 0.2369185  0.25309563 0.21378803 0.26324007 0.17443071
 0.21884584 0.21747139 0.25409254 0.2624064  0.22842404 0.23080148
 0.2629917  0.24491467 0.26333818 0.1297911  0.16652198 0.25975746
 0.16402715 0.24375555 0.18899032 0.2576188  0.26153508 0.26139846
 0.22431675 0.26231837 0.13468173 0.25614926 0.22953154 0.20914625
 0.1531067  0.16002987 0.19829452 0.26278657 0.20678407 0.26201594
 0.17660691 0.26093784 0.25405765 0.24903415 0.2583755  0.18438111
 0.14661995 0.24641302 0.22712    0.1486218  0.26257065 0.24341314
 0.23529729 0.17839573 0.23285349 0.24379615 0.26449442 0.26480854
 0.21164007 0.19528152 0.19689393 0.2572955  0.24064508 0.24742773
 0.21989797 0.23050715 0.22900522 0.17922081 0.26536897 0.21582566
 0.26130387 0.23847604 0.1610452  0.23641713 0.18685332 0.19789696
 0.25477016 0.18948343 0.16520822 0.22413482 0.23184922 0.24862806
 0.25904843 0.2626975  0.25846827 0.17983025 0.23824905 0.15478425
 0.23813124 0.26593024 0.21357445 0.25989744 0.2871366  0.24518931
 0.24033287 0.23505838 0.29224062 0.30425864 0.4006292  0.2367541
 0.2514866  0.23739563 0.35253206 0.2525945  0.2357686  0.27256405
 0.24751669 0.3460891  0.25387302 0.27071503 0.3025242  0.2353974
 0.23620547 0.23840795 0.25599092 0.34733474 0.23304413 0.3635197
 0.23866183 0.29099292 0.23573257 0.23821458 0.37187004 0.25623104
 0.25460348 0.23782496 0.23900121 0.23572898 0.23978357 0.315251
 0.2361282  0.29651198 0.25211206 0.25812384 0.27224922 0.25858527
 0.2553559  0.30214173 0.23726839 0.23754826 0.23766086 0.23904525
 0.23755312 0.28302002 0.24192606 0.24359454 0.23792794 0.28801298
 0.3600413  0.24927379 0.28345257 0.25185558 0.30783913 0.36081186
 0.33129564 0.23878925 0.31212074 0.26404393 0.23535015 0.27426544
 0.23798466 0.30290574 0.26091334 0.23809531 0.30130333 0.4270312
 0.24901633 0.26459995 0.24016228 0.32964647 0.30166936 0.26128122
 0.24960293 0.23607722 0.23745415 0.24374522 0.29135302 0.24401817
 0.31094292 0.25741342 0.28711638 0.38247412 0.30078027 0.26100904
 0.23600766 0.2589447  0.263452   0.25519124 0.3396361  0.25938272
 0.23630366 0.2633792 ],Attack accuracy: 0.4928888976573944
2022-03-21 09:56:18,751 - attack - INFO - Epoch 6 over,Attack loss: [0.23178029 0.1463518  0.25371587 0.26897216 0.24406357 0.24767216
 0.19775364 0.27868444 0.17638078 0.27380228 0.1966761  0.27444664
 0.20651387 0.24131437 0.25754324 0.24449316 0.27662805 0.18143497
 0.22351533 0.23087771 0.26885507 0.27494547 0.22789079 0.24691929
 0.2773692  0.24346071 0.27802128 0.12440877 0.18422732 0.26120833
 0.1670218  0.24930216 0.21299143 0.24996704 0.2705861  0.27117354
 0.2540198  0.27617863 0.16340767 0.25376144 0.234379   0.23957966
 0.15789883 0.18112865 0.21056205 0.27607477 0.22762835 0.2729361
 0.19406725 0.27048838 0.26399353 0.27953932 0.27422255 0.21007816
 0.14353096 0.2557584  0.23040786 0.1373842  0.27445632 0.26722795
 0.26183045 0.20767388 0.24602237 0.25461435 0.28391173 0.28268823
 0.24048622 0.21782632 0.20349653 0.25599423 0.25286633 0.26249486
 0.23381405 0.24641615 0.24808519 0.17631936 0.28220314 0.22772579
 0.27089798 0.25488392 0.16359508 0.24261339 0.21390292 0.194424
 0.25601977 0.21296409 0.18251254 0.23273668 0.25119388 0.25082418
 0.2711697  0.27555922 0.2638067  0.20334485 0.23547827 0.1606757
 0.26468796 0.28534436 0.23776141 0.2684364  0.24391602 0.23423846
 0.22535534 0.22198395 0.26928386 0.31061992 0.38383976 0.22291915
 0.2307798  0.21679159 0.3394463  0.22156584 0.2202322  0.24937937
 0.217099   0.32310596 0.24137884 0.2689855  0.28158253 0.22017626
 0.22172487 0.22802207 0.22598937 0.33567908 0.21344249 0.34177753
 0.2289841  0.2580438  0.22012074 0.22795086 0.35790694 0.23496185
 0.23678999 0.2261451  0.22961359 0.2198217  0.22302283 0.2828447
 0.22113083 0.27908683 0.23090595 0.23955588 0.24494968 0.23492333
 0.26254916 0.28952667 0.22990476 0.22484827 0.22576886 0.22965673
 0.22593172 0.25788963 0.22304481 0.22427073 0.22637367 0.24436387
 0.34490252 0.22574247 0.2571081  0.239293   0.27830943 0.33740693
 0.2876682  0.221847   0.2861958  0.24563317 0.21956407 0.2661331
 0.22688143 0.2793422  0.23669837 0.22722894 0.2717974  0.3826415
 0.23625647 0.2374198  0.22509149 0.29006913 0.2920119  0.2460203
 0.22951218 0.22221354 0.22516866 0.22316231 0.27031046 0.23783807
 0.28823176 0.24109127 0.2742321  0.32912698 0.26477793 0.24658534
 0.22132215 0.232596   0.25169384 0.24566156 0.31559587 0.25441283
 0.22185357 0.2399272 ],Attack accuracy: 0.49166667461395264
2022-03-21 09:56:20,706 - attack - INFO - Epoch 7 over,Attack loss: [0.21311572 0.08875568 0.21846516 0.28367704 0.23304756 0.24517237
 0.19619368 0.31678966 0.15340394 0.28580663 0.17218198 0.29908818
 0.16406496 0.2046618  0.23992714 0.24511914 0.3046709  0.1231693
 0.19748782 0.21043845 0.28308344 0.30295506 0.17198096 0.23481828
 0.30401692 0.20088023 0.31314895 0.05045641 0.1452002  0.24596868
 0.12189578 0.21089077 0.17975433 0.19878851 0.26899332 0.28148165
 0.26122406 0.3018254  0.1505564  0.21774827 0.18793836 0.2407769
 0.10833216 0.1626552  0.18405867 0.30634844 0.21983112 0.2945498
 0.16441952 0.29016414 0.23888086 0.30825403 0.2951513  0.20709144
 0.06701689 0.22991459 0.19543691 0.05547515 0.2998438  0.28050458
 0.28091097 0.18556412 0.21475896 0.23265295 0.32570153 0.3263592
 0.2545379  0.20968348 0.13430038 0.21724892 0.22648166 0.2529653
 0.22295035 0.23188022 0.23986624 0.11223102 0.30521965 0.20416863
 0.28822365 0.2373383  0.11258445 0.20024472 0.21372962 0.1335786
 0.22323932 0.22229464 0.13996305 0.20222661 0.24961755 0.2237097
 0.26573896 0.3036106  0.23641081 0.18596081 0.1823182  0.11180849
 0.2721614  0.335045   0.2382024  0.25523803 0.18770136 0.23089004
 0.22272696 0.2256099  0.26557258 0.39523202 0.48575842 0.192966
 0.23254558 0.1812935  0.39736262 0.19387497 0.1861327  0.25896075
 0.18922406 0.35664737 0.24613322 0.32468387 0.30551332 0.2047078
 0.18957251 0.20963313 0.20643349 0.40946418 0.16945994 0.3836792
 0.21691294 0.23379856 0.18555829 0.20685796 0.46372437 0.23781349
 0.23599793 0.20571657 0.21165287 0.18489778 0.19749118 0.2804782
 0.1880291  0.30673695 0.21397316 0.24452691 0.23934267 0.20836432
 0.31297287 0.31343815 0.24071087 0.20451497 0.20065144 0.21075615
 0.20220007 0.27520525 0.199089   0.2047653  0.20237923 0.20900957
 0.40990216 0.2080608  0.24601401 0.25422856 0.27044258 0.390473
 0.24775326 0.19413209 0.31280535 0.24208586 0.18563502 0.31499878
 0.22818208 0.29818767 0.22480486 0.20628199 0.26526353 0.4551291
 0.23446468 0.21049388 0.2028585  0.27280235 0.33215737 0.25004172
 0.21194062 0.21743278 0.2004181  0.19883858 0.27434197 0.25184745
 0.29369834 0.23358195 0.28707895 0.32961705 0.23121008 0.24383493
 0.19054168 0.22000168 0.26779488 0.26523358 0.40513226 0.28489587
 0.19020446 0.21907215],Attack accuracy: 0.4883333444595337
2022-03-21 09:56:22,669 - attack - INFO - Epoch 8 over,Attack loss: [0.2431275  0.06405719 0.20405312 0.31935877 0.29213694 0.3363381
 0.2809284  0.4084809  0.21413366 0.32833606 0.25002837 0.35874426
 0.14190467 0.16833353 0.27608204 0.31780282 0.37873456 0.12625991
 0.22075287 0.24803223 0.31853178 0.37163776 0.116666   0.27750295
 0.3618119  0.17005381 0.40647092 0.0181456  0.18227051 0.24875171
 0.1184661  0.18071795 0.16316272 0.19235657 0.3038512  0.3298244
 0.33151305 0.36470112 0.21994388 0.2049848  0.17115305 0.38251954
 0.11551513 0.25328767 0.17560942 0.38116118 0.23985586 0.34612998
 0.20646858 0.33724535 0.23864861 0.35799345 0.32567582 0.31252086
 0.02895124 0.24567677 0.19573256 0.01837612 0.3601876  0.37603056
 0.40661868 0.19913025 0.20555703 0.24142945 0.43083477 0.44041714
 0.3314577  0.28503796 0.11015009 0.18678814 0.18525767 0.28471673
 0.25644988 0.26069432 0.29895657 0.07818611 0.37389722 0.20420682
 0.32580483 0.3060433  0.0946613  0.16889505 0.25108275 0.0911197
 0.20374893 0.35837424 0.12000045 0.18075271 0.287718   0.20552823
 0.2631152  0.3786791  0.21801214 0.21639441 0.18991646 0.1065108
 0.36763856 0.47769508 0.23999324 0.29372737 0.11227965 0.15561841
 0.19117187 0.13646628 0.17318055 0.46917862 0.49397323 0.13027047
 0.1825106  0.11045118 0.38150078 0.14035214 0.11497262 0.2228885
 0.11730958 0.27134812 0.24121994 0.40946212 0.28614232 0.14775601
 0.12383066 0.17454104 0.12824307 0.40891683 0.08878273 0.27508518
 0.1860376  0.12296352 0.11441194 0.16190356 0.5129188  0.1753154
 0.2220576  0.1554791  0.1737553  0.11366422 0.14708686 0.18357468
 0.12080103 0.21341287 0.16219833 0.24026144 0.1610794  0.13898808
 0.29739937 0.18020736 0.14616418 0.15249582 0.14160284 0.16978067
 0.1497489  0.22722536 0.16244961 0.14754166 0.15281272 0.12314802
 0.42589125 0.13473232 0.14105569 0.22993945 0.18487664 0.3488326
 0.09630275 0.14297509 0.329858   0.18990311 0.11882399 0.31370762
 0.16705912 0.26953346 0.17457701 0.16670506 0.13984066 0.4501303
 0.19150998 0.15212707 0.16854241 0.16874048 0.35925204 0.2273878
 0.17174765 0.18970196 0.14893366 0.15098022 0.22760577 0.23892137
 0.19729435 0.18301073 0.23979607 0.24246162 0.12071551 0.16896257
 0.12433854 0.1688949  0.24303962 0.2632002  0.471779   0.31015077
 0.12623878 0.15741253],Attack accuracy: 0.49166667461395264
2022-03-21 09:56:24,637 - attack - INFO - Epoch 9 over,Attack loss: [0.14186332 0.01195877 0.14620796 0.3229573  0.14441743 0.1979388
 0.15814862 0.44075277 0.09254264 0.32418007 0.12339795 0.39806297
 0.07561728 0.0989778  0.22908035 0.15445693 0.38460624 0.02621973
 0.13845788 0.19654967 0.3075772  0.42775628 0.0529809  0.21505754
 0.22578484 0.09652701 0.48110577 0.00469869 0.07431758 0.21404557
 0.03935467 0.07503673 0.03962437 0.16967529 0.25722682 0.34317154
 0.17160782 0.3197687  0.08569241 0.13409927 0.09603833 0.21545494
 0.05502008 0.14101852 0.09960601 0.44432494 0.14178377 0.36452585
 0.11546793 0.3752874  0.15038086 0.22524445 0.25857234 0.24618915
 0.0057576  0.13846111 0.13055724 0.00247386 0.35372415 0.21873327
 0.33477402 0.06966173 0.11856332 0.19886468 0.40038097 0.5251821
 0.21275328 0.17900968 0.02158553 0.1337494  0.10037807 0.19544755
 0.18223096 0.20095868 0.21461695 0.02964589 0.23738669 0.13995823
 0.2955223  0.16341582 0.03432434 0.08557355 0.10923116 0.05237162
 0.13697372 0.31130344 0.0407996  0.10337149 0.23754829 0.16136411
 0.17526895 0.43760747 0.14938194 0.11923605 0.14268352 0.0551975
 0.28701597 0.59329545 0.10681503 0.22716892 0.07749095 0.11887937
 0.2454404  0.19249675 0.22159299 0.5379114  0.68657637 0.09201043
 0.23092678 0.09612653 0.4987321  0.19911057 0.0729733  0.3242381
 0.12554736 0.35241413 0.3465437  0.5527575  0.4199522  0.25089952
 0.08745795 0.17944452 0.19884926 0.5495387  0.05495561 0.32396886
 0.23053926 0.17527416 0.07385685 0.12992373 0.7092179  0.2055909
 0.27072465 0.16755384 0.15825963 0.07485788 0.15571201 0.24334686
 0.08253165 0.29870287 0.19990522 0.32812542 0.24421751 0.11363918
 0.2557739  0.22212715 0.09878475 0.20048465 0.09793933 0.14135763
 0.11564362 0.4254072  0.19797383 0.20849557 0.12018104 0.19590537
 0.64445156 0.18659012 0.2004683  0.30547523 0.24313635 0.5381892
 0.08846007 0.1584096  0.52074564 0.23129822 0.08347536 0.34466138
 0.13799673 0.4448994  0.21742834 0.17390236 0.16047125 0.7059664
 0.16774873 0.16755259 0.2379013  0.24192312 0.4792511  0.27873886
 0.18295637 0.22491534 0.12421786 0.19503717 0.29329208 0.27270016
 0.2397023  0.21080686 0.3056654  0.44773746 0.16461253 0.15948555
 0.1168271  0.24064521 0.2495576  0.30821425 0.7045604  0.35423175
 0.08726022 0.12360432],Attack accuracy: 0.49311110377311707
2022-03-21 09:56:24,638 - attack - INFO - Best attack accuracy 50.00%


2022-03-21 10:02:52,141 - attack - INFO - `exploit_loss` set to: True
2022-03-21 10:02:52,141 - attack - INFO - `exploit_label` set to: True
2022-03-21 10:02:52,141 - attack - INFO - `layers_to_exploit` set to: [6, 7]
2022-03-21 10:02:52,141 - attack - INFO - `gradients_to_exploit` set to: [4]
2022-03-21 10:02:52,141 - attack - INFO - Number of Epochs: 10
2022-03-21 10:02:52,141 - attack - INFO - Learning Rate: 0.001
2022-03-21 10:02:52,141 - attack - INFO - Optimizer: 0.001
2022-03-21 10:04:39,349 - attack - INFO - Epoch 0 over,Attack loss: [0.2500676  0.25005567 0.2500702  0.2500732  0.25006473 0.2500649
 0.25005794 0.25006503 0.25005412 0.25007117 0.2500615  0.250072
 0.2500643  0.25007093 0.25006795 0.25006467 0.2500701  0.25006282
 0.2500677  0.25006974 0.25007236 0.25007164 0.25006545 0.25007105
 0.25007117 0.25006962 0.25006998 0.25005752 0.25006068 0.25007218
 0.25006235 0.25006902 0.25006127 0.2500674  0.2500726  0.25007093
 0.25006574 0.2500714  0.25005418 0.25007135 0.25007105 0.25006437
 0.25006652 0.25005722 0.25006378 0.2500695  0.25006843 0.25007218
 0.2500618  0.25007284 0.2500701  0.2500683  0.25006974 0.2500593
 0.25006098 0.2500702  0.25007093 0.2500615  0.2500726  0.25006866
 0.25006795 0.2500596  0.25007033 0.25007093 0.25006688 0.2500716
 0.25006413 0.2500645  0.25006652 0.25007045 0.25006944 0.2500698
 0.2500649  0.2500714  0.25007117 0.2500664  0.25006855 0.25007218
 0.25007105 0.2500677  0.25005645 0.25006533 0.25006258 0.25007045
 0.2500707  0.25006545 0.25005937 0.250067   0.25006807 0.25007075
 0.25007236 0.25006992 0.2500702  0.25006187 0.25006646 0.25006056
 0.25007057 0.25007176 0.25006497 0.25007254 0.24992979 0.24993396
 0.249933   0.24993086 0.24994254 0.24994075 0.24994028 0.24994195
 0.24992818 0.24993026 0.24992764 0.2499314  0.24993104 0.24992919
 0.24993145 0.24992907 0.24993265 0.24992603 0.24992901 0.24993896
 0.24992949 0.24993372 0.24992871 0.24993074 0.24993086 0.24993223
 0.249928   0.24992722 0.24992871 0.24992687 0.24992734 0.24994874
 0.24992776 0.24992967 0.24993736 0.24992913 0.24993229 0.24992967
 0.24993628 0.24993128 0.24993181 0.24993813 0.24992871 0.24993217
 0.24992788 0.2499311  0.24993008 0.24992824 0.24992931 0.24993229
 0.24992788 0.24993485 0.24994075 0.24992883 0.24993634 0.2499336
 0.24993259 0.24993342 0.24993372 0.24993151 0.24993879 0.24992901
 0.24992996 0.24993348 0.24993289 0.24993157 0.24993658 0.24992758
 0.2499317  0.24992853 0.2499305  0.24994004 0.24993718 0.24992716
 0.24994016 0.24994087 0.24993074 0.24994302 0.24993014 0.24993467
 0.2499367  0.24993461 0.24993032 0.2499364  0.24993026 0.2499339
 0.24993932 0.24993396 0.24993753 0.24993443 0.2499268  0.24994373
 0.24992824 0.24992967 0.24993908 0.2499277  0.24992812 0.2499283
 0.24993002 0.24993217],Attack accuracy: 0.5
2022-03-21 10:06:13,529 - attack - INFO - Epoch 1 over,Attack loss: [0.25001454 0.24978118 0.25007802 0.2501197  0.2499817  0.25000274
 0.24977611 0.24993825 0.24975365 0.25006568 0.24981067 0.25010812
 0.24992764 0.25006402 0.2500167  0.24998343 0.25007176 0.2499488
 0.24998862 0.25001884 0.25010407 0.25007194 0.24998856 0.25008452
 0.25010478 0.25006008 0.25007492 0.2497465  0.24985768 0.25010824
 0.24986072 0.25002587 0.24985893 0.25002635 0.25011778 0.25007558
 0.2499997  0.25008464 0.24972613 0.25009954 0.25007236 0.24997574
 0.2499454  0.24977076 0.24990429 0.2500385  0.25007486 0.25011563
 0.24984792 0.25011957 0.25006843 0.25001407 0.25002283 0.24982914
 0.24987592 0.2501068  0.25005496 0.24980763 0.2501259  0.2500614
 0.25003338 0.24986352 0.25007212 0.25006098 0.24999398 0.25004375
 0.24988015 0.24995029 0.24999839 0.2500447  0.25004315 0.25005543
 0.24995017 0.25005716 0.25005603 0.24994105 0.2500469  0.250098
 0.25007284 0.25003862 0.24981114 0.25000334 0.24986227 0.25004828
 0.25007963 0.24997693 0.24982187 0.25001615 0.24997354 0.2500559
 0.25011396 0.2500698  0.25009298 0.2498674  0.24997967 0.24982563
 0.2500882  0.25014392 0.24987842 0.2501185  0.24991775 0.2500378
 0.25007892 0.24995875 0.2501944  0.25013903 0.25012147 0.25015828
 0.2498775  0.2499156  0.24990003 0.2499454  0.24993074 0.24990855
 0.24993801 0.24986629 0.25002158 0.24984702 0.24995083 0.25010908
 0.24990551 0.24995613 0.24991117 0.24994642 0.24993956 0.24994898
 0.24986784 0.24987517 0.24991632 0.24989538 0.24989496 0.25025964
 0.24991338 0.24995601 0.25006723 0.2499008  0.24995708 0.2499451
 0.2500689  0.24994648 0.24995351 0.25011063 0.2499218  0.24999619
 0.24990891 0.24999374 0.24990158 0.24993676 0.24994648 0.25001216
 0.24990843 0.25006312 0.25018498 0.24993587 0.2500949  0.25006157
 0.2500351  0.25000292 0.24998808 0.24995446 0.25010347 0.24982628
 0.24994028 0.25000829 0.2498794  0.24995518 0.25007218 0.24987523
 0.24989747 0.24990736 0.24988155 0.25012413 0.25014964 0.24988388
 0.25014117 0.25011832 0.24992514 0.25020048 0.24995518 0.25001436
 0.2499392  0.2500506  0.24996376 0.25011587 0.24995267 0.25004953
 0.25016436 0.25002497 0.25008404 0.250018   0.24985503 0.25018033
 0.24992418 0.2498974  0.25007266 0.24986814 0.24989216 0.24990468
 0.24991088 0.24992049],Attack accuracy: 0.4915555417537689
2022-03-21 10:07:50,829 - attack - INFO - Epoch 2 over,Attack loss: [0.2506008  0.2487903  0.250979   0.25098276 0.25039503 0.25096467
 0.24854967 0.24952118 0.2486689  0.25080675 0.24855584 0.25111586
 0.25042742 0.25104824 0.25012207 0.25112966 0.25102803 0.25036982
 0.2495899  0.2506444  0.25100547 0.2505081  0.25013104 0.2511535
 0.25112635 0.25041968 0.2509774  0.24820265 0.24939384 0.25099227
 0.24899268 0.25017717 0.24904676 0.25034845 0.25103843 0.25085056
 0.2509516  0.2510483  0.24840876 0.25096372 0.25120366 0.2502581
 0.25015202 0.24838191 0.2493162  0.25020006 0.2513465  0.25112623
 0.24890484 0.25102684 0.25110903 0.25039795 0.24989642 0.24891494
 0.24953702 0.25105032 0.2507646  0.24852523 0.2511946  0.25124896
 0.25120294 0.2494058  0.25111634 0.25064284 0.250215   0.2510796
 0.24898417 0.25039366 0.2510245  0.24993443 0.250999   0.25118366
 0.24978606 0.25051126 0.25057885 0.24967258 0.25058147 0.2511634
 0.25089166 0.25101516 0.24915421 0.25024992 0.24916908 0.2507795
 0.2510561  0.25110415 0.24890763 0.2507151  0.24948731 0.25046918
 0.25108126 0.25092185 0.2511041  0.24911197 0.24940889 0.24896936
 0.25118604 0.25121382 0.24876045 0.2511846  0.2487977  0.24998993
 0.25072533 0.24904464 0.25127676 0.24874966 0.24981233 0.25008768
 0.24891031 0.2489747  0.24902523 0.24933246 0.24892393 0.24893169
 0.24882838 0.2486804  0.25013128 0.2486318  0.24956463 0.2504934
 0.24898575 0.24857914 0.24881323 0.24913535 0.24889314 0.24907193
 0.24864039 0.24880445 0.2488034  0.24902207 0.24904881 0.2510483
 0.24888462 0.24964994 0.25008827 0.24885987 0.24868368 0.2492554
 0.25013378 0.2489061  0.24907629 0.25006312 0.24913546 0.24943535
 0.24910453 0.25010175 0.24862206 0.24950199 0.24963288 0.24960299
 0.2489732  0.24982557 0.2508515  0.24893981 0.2504738  0.25032914
 0.24976963 0.24881801 0.24968997 0.24903801 0.2500413  0.24844353
 0.24888591 0.24870507 0.2486768  0.24889514 0.25050253 0.24893647
 0.24879393 0.24868491 0.24858034 0.25059426 0.25108245 0.24896102
 0.25075415 0.25028387 0.24885511 0.25082734 0.24922466 0.24890111
 0.2485294  0.24982461 0.24976045 0.25074112 0.24940951 0.2496417
 0.25108305 0.2498276  0.24978508 0.25000286 0.24860485 0.25082663
 0.24906458 0.24882826 0.24950425 0.24891932 0.24900438 0.24893181
 0.24888708 0.24886897],Attack accuracy: 0.4942222237586975
2022-03-21 10:09:17,200 - attack - INFO - Epoch 3 over,Attack loss: [0.24298115 0.23974691 0.24984118 0.25368115 0.24398255 0.24671674
 0.23769078 0.24146178 0.23515587 0.24255162 0.23594712 0.2559042
 0.25690755 0.2446939  0.241439   0.2516784  0.24482194 0.24309899
 0.2427898  0.24811155 0.2508545  0.24581487 0.24168026 0.24116951
 0.24567464 0.24118865 0.24686272 0.2333271  0.23973805 0.24763763
 0.23971704 0.23854095 0.2380024  0.24182187 0.25383046 0.2461316
 0.24568209 0.244562   0.23845996 0.247931   0.25763157 0.2413252
 0.24541916 0.23356278 0.24058029 0.24482118 0.24903415 0.25677803
 0.23845898 0.2534718  0.24543174 0.23073442 0.24403095 0.23860866
 0.24146254 0.25382456 0.24988373 0.23474093 0.25702563 0.26016906
 0.25820616 0.23929943 0.24398986 0.2454712  0.22591242 0.25825444
 0.23988429 0.24463193 0.24497603 0.24302717 0.25179672 0.25563338
 0.24354984 0.23844373 0.23739661 0.24246134 0.24117735 0.25243995
 0.24748431 0.23843971 0.23839599 0.24311057 0.24251041 0.24192606
 0.2556928  0.25991315 0.23880646 0.24880773 0.23435389 0.24546275
 0.25171298 0.24737278 0.25587526 0.23884282 0.23889956 0.24133795
 0.25356084 0.25495914 0.2380231  0.25671303 0.2422564  0.25319135
 0.2591076  0.2464063  0.2642216  0.23821092 0.25255176 0.25480273
 0.24679428 0.2496179  0.24958533 0.2554526  0.2504656  0.2473093
 0.24263473 0.24216922 0.2534689  0.24108635 0.25313875 0.25795788
 0.2520603  0.23760039 0.24390003 0.2532699  0.24304774 0.2518364
 0.23918138 0.24496877 0.24235679 0.24475434 0.2500769  0.26303816
 0.24305105 0.2546137  0.25584775 0.24315897 0.23739314 0.24531521
 0.25613752 0.25408143 0.25072148 0.2446774  0.25297904 0.2544154
 0.25163105 0.25558457 0.23713872 0.24676387 0.25111562 0.25448552
 0.24967255 0.24211824 0.24887483 0.24757084 0.257118   0.25496408
 0.24338223 0.23936266 0.25740582 0.2504359  0.25448605 0.24130888
 0.24301483 0.23722287 0.24523827 0.25018474 0.25880954 0.24532244
 0.24479587 0.2404893  0.24076514 0.258549   0.2623476  0.24557462
 0.25856483 0.25650597 0.24466701 0.25816062 0.2448496  0.24934636
 0.24118267 0.25209865 0.2527664  0.2562596  0.25412422 0.251428
 0.25961736 0.24479118 0.24925499 0.25482866 0.24189645 0.2601662
 0.25621215 0.24456988 0.25489563 0.25147033 0.24710606 0.24405518
 0.24807346 0.24797735],Attack accuracy: 0.4965555667877197
2022-03-21 10:10:45,727 - attack - INFO - Epoch 4 over,Attack loss: [0.12544304 0.13077131 0.26990703 0.3214935  0.19875906 0.2043279
 0.16546483 0.18406868 0.17150709 0.21995187 0.15532374 0.362668
 0.5304448  0.19303764 0.24568304 0.09552544 0.19586353 0.18316106
 0.19764552 0.22380286 0.26585993 0.2306668  0.18922406 0.2334352
 0.13707194 0.28546098 0.21479769 0.13724655 0.28109896 0.24776562
 0.17202204 0.14720105 0.1630855  0.19161221 0.31026417 0.24055333
 0.1997916  0.28082833 0.32570493 0.22242062 0.43684536 0.17835046
 0.15171942 0.14286382 0.23719203 0.21506782 0.18219422 0.41226512
 0.1673786  0.25868523 0.21924275 0.01732156 0.21139428 0.16657214
 0.18477526 0.25380278 0.30154765 0.14284454 0.42377698 0.56790787
 0.45557973 0.16901809 0.16759156 0.21263579 0.008959   0.41073158
 0.18307512 0.15092339 0.18400267 0.20256464 0.23883133 0.31321207
 0.20309114 0.0897332  0.13750255 0.18705584 0.17720823 0.33138812
 0.22441523 0.18133861 0.16685307 0.19756179 0.19435184 0.32193685
 0.39670873 0.49061325 0.16853657 0.2284008  0.05561543 0.25661224
 0.19633189 0.22306813 0.38768357 0.16946574 0.17890881 0.25975794
 0.32103944 0.27191368 0.17380972 0.44717816 0.126117   0.21543972
 0.3343359  0.12002395 0.36644697 0.0489532  0.30133173 0.28158686
 0.18218404 0.26790562 0.20578639 0.29557163 0.2744176  0.17512834
 0.10296011 0.11872837 0.23602188 0.0685921  0.2763921  0.31591788
 0.28142214 0.02723046 0.12569302 0.28533673 0.1156465  0.27226415
 0.04879693 0.1349902  0.08676088 0.14782017 0.20507565 0.3698639
 0.0817407  0.28449565 0.30532733 0.13408326 0.04635753 0.1574767
 0.30701205 0.19810909 0.26346937 0.12228705 0.26074433 0.29642144
 0.27597043 0.29377544 0.03029813 0.17740598 0.18991186 0.29753107
 0.14841068 0.08957315 0.11381193 0.11492701 0.31257498 0.29646504
 0.1690135  0.0582964  0.31809795 0.2641389  0.29921454 0.0571524
 0.11790958 0.05172483 0.26440743 0.28294063 0.32399017 0.18712287
 0.23304209 0.04071738 0.07746145 0.32635894 0.34790784 0.18110286
 0.31126606 0.31271255 0.16310397 0.33254957 0.1047767  0.27849782
 0.02554839 0.2849693  0.18058081 0.30362266 0.2833002  0.28537786
 0.33320394 0.1870295  0.16533446 0.29249    0.09742586 0.33907628
 0.15987806 0.12439369 0.3080004  0.16485886 0.25306305 0.13621794
 0.16053997 0.2617711 ],Attack accuracy: 0.4983333349227905
2022-03-21 10:12:12,268 - attack - INFO - Epoch 5 over,Attack loss: [4.92615625e-02 3.23612392e-02 2.73029447e-01 4.36094344e-01
 2.66761899e-01 2.90895551e-01 1.93599999e-01 2.03521371e-01
 9.75201726e-02 6.35435283e-02 1.29144087e-01 5.85482180e-01
 6.79846287e-01 8.68576616e-02 9.82245877e-02 6.81973919e-02
 1.19463302e-01 2.45397612e-01 2.11930335e-01 1.39145523e-01
 1.68523937e-01 2.75290549e-01 1.97533801e-01 7.10666031e-02
 1.01980925e-01 1.05918206e-01 2.61720538e-01 1.40543163e-01
 1.16041988e-01 1.99211866e-01 1.73142299e-01 9.19147357e-02
 1.91649526e-01 2.04890743e-01 3.62724721e-01 2.22829014e-01
 2.74372458e-01 4.13115509e-02 5.01517467e-02 2.65703946e-01
 2.92156160e-01 2.24025056e-01 8.61855075e-02 1.30548239e-01
 1.18870065e-01 2.17380390e-01 9.72393900e-02 6.31962776e-01
 1.67712271e-01 1.73334569e-01 1.17382310e-01 2.30084616e-03
 2.16644689e-01 1.87255010e-01 2.81877041e-01 3.21309328e-01
 2.91026413e-01 1.22332886e-01 5.45354784e-01 7.92133093e-01
 5.15763581e-01 2.25355238e-01 1.06419437e-01 2.34527171e-01
 5.63641079e-04 4.41320747e-01 1.72235951e-01 9.35097858e-02
 2.84952253e-01 1.90681785e-01 6.58929497e-02 1.32402614e-01
 2.18672276e-01 2.97881775e-02 6.62343428e-02 2.21434802e-01
 1.78770423e-01 1.22016631e-01 2.64303476e-01 6.24654926e-02
 1.96729779e-01 2.26868108e-01 2.18336478e-01 6.28138259e-02
 4.10910994e-01 7.70825088e-01 2.16853425e-01 1.17119677e-01
 7.50571489e-03 1.49696544e-01 1.01180010e-01 2.64938802e-01
 4.86439794e-01 1.97612226e-01 1.43951431e-01 8.72675106e-02
 1.22359745e-01 3.47552627e-01 1.41111657e-01 5.09160042e-01
 3.98488864e-02 1.16769738e-01 2.91362911e-01 2.74947863e-02
 3.44396472e-01 1.86450910e-02 1.55391738e-01 2.04993546e-01
 5.81412949e-02 1.98342264e-01 1.88123032e-01 2.54734963e-01
 1.86118379e-01 6.73676133e-02 1.02542359e-02 4.11793170e-03
 1.56981930e-01 1.15712010e-03 2.39833519e-01 2.50692666e-01
 2.03116834e-01 6.12439180e-05 2.87391990e-02 2.27576733e-01
 2.91388109e-02 1.90114468e-01 3.89333960e-04 5.79416305e-02
 3.53980903e-03 3.41435000e-02 1.30948618e-01 1.88728735e-01
 4.86542983e-03 1.99466884e-01 2.26148024e-01 1.92837436e-02
 7.79688591e-04 6.70079738e-02 2.09927857e-01 6.27351850e-02
 1.96347043e-01 4.31059934e-02 2.06079900e-01 2.01030478e-01
 2.23023936e-01 2.57550567e-01 8.14833402e-05 6.65443391e-02
 7.18383640e-02 2.17473477e-01 6.20472319e-02 3.33184167e-03
 1.22356720e-01 3.70581704e-03 2.51639783e-01 2.25270241e-01
 7.49344826e-02 2.89611227e-04 2.81721413e-01 1.91813141e-01
 1.99073181e-01 4.24541213e-04 2.49829441e-02 7.18714960e-04
 1.48846447e-01 1.79756969e-01 2.40746900e-01 9.73508656e-02
 1.64612070e-01 1.61288248e-03 2.39892323e-02 2.47093230e-01
 3.47005725e-01 1.17460065e-01 2.76858956e-01 2.04976887e-01
 6.82903677e-02 1.79754749e-01 7.40068639e-03 1.55017480e-01
 8.79643630e-06 1.84719950e-01 4.69057374e-02 2.44127184e-01
 2.35953972e-01 1.89856067e-01 3.11602086e-01 5.63181490e-02
 3.95998694e-02 2.31716454e-01 7.38945603e-02 2.24837869e-01
 2.25172088e-01 6.56565127e-04 1.80922434e-01 2.35054046e-02
 2.01806799e-01 2.78819017e-02 3.98868322e-02 1.68323293e-01],Attack accuracy: 0.4905555546283722
2022-03-21 10:13:38,679 - attack - INFO - Epoch 6 over,Attack loss: [1.44329499e-02 8.93743157e-01 1.18490271e-01 4.51081455e-01
 3.28201085e-01 3.53438050e-01 2.58921862e-01 1.69218048e-01
 5.57283700e-01 1.22488318e-02 6.04488291e-02 8.25764894e-01
 3.85566533e-01 5.13317287e-02 3.03965583e-02 8.35076213e-01
 6.63072914e-02 1.99271888e-01 2.10656047e-01 4.02669400e-01
 4.48234379e-01 3.03397864e-01 1.54971868e-01 2.91169491e-02
 6.01987243e-01 1.36409197e-02 2.93653190e-01 1.27886906e-01
 6.73112094e-01 9.38027352e-02 1.23755328e-01 6.49605645e-03
 1.78147882e-01 1.89144537e-01 2.55960763e-01 1.47867545e-01
 3.26263875e-01 9.79874190e-03 7.06117630e-01 2.91940838e-01
 3.08326036e-01 1.58857331e-01 3.95614877e-02 1.25220716e-01
 4.87566948e-01 2.02924266e-01 7.12295294e-01 7.88956404e-01
 1.36286587e-01 1.21535234e-01 1.70280617e-02 1.07358629e-03
 2.36098617e-01 1.88422605e-01 4.26718861e-01 4.11942810e-01
 8.40219036e-02 5.61955832e-02 5.70212841e-01 2.00372990e-02
 3.89651000e-01 3.00596058e-01 5.81027091e-01 2.24114954e-01
 1.35977374e-04 2.34797776e-01 1.45141691e-01 5.52089632e-01
 3.31172764e-01 1.39940083e-01 1.74200520e-01 1.60643443e-01
 2.28192791e-01 1.90144852e-02 5.87705001e-02 1.92423090e-01
 3.25070083e-01 5.82971156e-01 2.99228221e-01 1.48737431e-02
 2.01581359e-01 2.03325018e-01 2.43653387e-01 2.97224373e-02
 5.40028326e-02 9.08974230e-01 2.73916811e-01 3.39060798e-02
 2.37832151e-04 9.85026732e-02 2.58025285e-02 3.31331313e-01
 4.87432122e-01 2.04648480e-01 6.44038990e-02 3.94196898e-01
 2.84225717e-02 4.78060991e-01 8.08365420e-02 6.02372825e-01
 7.69940470e-06 5.44775017e-02 2.43703440e-01 3.63822823e-04
 3.34655941e-01 2.54256509e-08 6.62268102e-02 5.59387244e-02
 1.20462123e-02 1.45802349e-01 6.80197543e-03 2.49910578e-01
 1.17652737e-01 1.45612727e-03 3.26004283e-07 4.70543455e-06
 9.93928313e-02 1.14363745e-08 1.78960189e-01 1.51156008e-01
 1.45527959e-01 1.19894483e-10 6.79490622e-04 1.57722875e-01
 3.11489333e-03 1.23854153e-01 3.41334925e-08 1.41912111e-04
 2.28857721e-06 2.94019264e-04 2.98981164e-02 5.01703173e-02
 7.66331777e-06 1.35446042e-01 1.05951495e-01 4.12328955e-04
 1.48521940e-06 3.78032273e-04 1.16100416e-01 3.39179183e-03
 1.40803024e-01 1.01528985e-05 1.60096243e-01 1.23612493e-01
 1.67822570e-01 1.97614476e-01 2.42404270e-15 3.31544760e-03
 1.07242237e-03 1.32918313e-01 5.41358255e-04 9.97887128e-06
 1.33365717e-07 2.06093898e-09 1.72609627e-01 1.40892744e-01
 2.56728772e-02 2.96740427e-06 2.43877605e-01 1.32262945e-01
 1.06275365e-01 5.72969583e-08 2.66439588e-06 8.12668247e-07
 6.70829192e-02 1.06444247e-01 7.78680518e-02 9.32587031e-03
 8.71229246e-02 2.96187818e-06 1.03513055e-04 1.58226162e-01
 3.07079703e-01 3.13952006e-02 9.44670886e-02 1.02006525e-01
 1.48715766e-03 6.68081716e-02 8.58407887e-08 7.39521682e-02
 2.82606512e-12 1.09925188e-01 1.18633696e-04 1.54104784e-01
 1.86860070e-01 1.22723296e-01 2.84167022e-01 2.74115537e-05
 3.05478834e-03 1.60223261e-01 3.13430588e-04 1.05139501e-01
 3.46020504e-04 6.33054234e-11 8.97554681e-02 4.60112096e-05
 1.54522285e-01 5.16875822e-04 1.54223777e-02 9.10483897e-02],Attack accuracy: 0.49799999594688416
2022-03-21 10:15:08,209 - attack - INFO - Epoch 7 over,Attack loss: [7.86125092e-05 1.47417049e-05 4.39039916e-02 1.45369127e-01
 2.08058462e-01 2.34385282e-01 1.86208576e-01 6.03136420e-02
 1.33123770e-02 2.08453252e-03 1.40525205e-02 1.07197762e-01
 8.93807679e-04 6.61684759e-03 1.73620216e-03 2.33598883e-04
 2.87663881e-02 4.74746078e-02 1.21038415e-01 1.59110427e-02
 9.82978269e-02 8.31270516e-02 4.91812415e-02 2.29555415e-03
 2.31961114e-03 1.58419338e-04 1.83984518e-01 5.30845299e-02
 8.16962402e-03 1.89345814e-02 3.18745077e-02 1.66420032e-05
 5.70126548e-02 4.00091521e-02 6.04796670e-02 3.93404812e-02
 1.99038982e-01 3.29575082e-03 6.86348695e-03 2.01347426e-01
 1.49315270e-03 3.51064913e-02 1.05467171e-03 3.77955809e-02
 8.25452339e-03 1.23775840e-01 2.59855520e-02 3.03597897e-01
 3.04632075e-02 6.55618384e-02 1.65657199e-04 1.26524043e-04
 1.89746618e-01 4.79564741e-02 3.67674857e-01 4.40720350e-01
 1.51739959e-02 1.14032393e-02 8.36116895e-02 2.02924362e-04
 1.50430249e-03 1.95188135e-01 3.29534709e-03 1.27457932e-01
 1.02628665e-05 2.83525549e-02 6.00142553e-02 6.46607310e-04
 1.59716815e-01 7.33528137e-02 2.25931569e-03 9.26682726e-03
 1.49483636e-01 2.13558367e-03 1.74452100e-04 6.65589646e-02
 4.27942201e-02 2.49166880e-02 2.14639649e-01 8.49219214e-04
 8.33181888e-02 7.39161223e-02 1.38584152e-01 2.52266624e-03
 7.60951452e-03 3.45017999e-01 1.75628766e-01 1.23360776e-03
 4.70073974e-06 3.20467465e-02 3.45654064e-03 2.20123485e-01
 5.03697470e-02 7.74015933e-02 1.22117866e-02 5.30256238e-03
 1.43490371e-03 5.26527226e-01 3.06122806e-02 1.33292019e-01
 2.04750597e-01 8.59612897e-02 2.75652647e-01 4.76749867e-01
 4.47725177e-01 1.00638866e-02 4.30491045e-02 9.73803475e-02
 4.03636515e-01 1.42263606e-01 2.01854669e-02 4.28266346e-01
 9.57943723e-02 3.33690196e-02 3.82361710e-02 1.75305549e-02
 1.21912569e-01 3.39623875e-05 1.65077016e-01 1.11511223e-01
 1.23171806e-01 5.08884625e-07 1.19154833e-01 1.48064539e-01
 5.59325635e-01 1.02372266e-01 2.97910243e-04 3.69364992e-02
 8.24720692e-03 2.17310227e-02 1.05156995e-01 3.08292191e-02
 6.20378971e-01 1.89442888e-01 3.61057967e-01 2.77549066e-02
 3.97381838e-03 2.36538798e-02 9.24904644e-02 6.61148548e-01
 1.35433808e-01 1.70951933e-02 2.51589119e-01 1.22458987e-01
 1.54949054e-01 2.05536574e-01 4.61503456e-04 2.82682367e-02
 7.02898130e-02 1.12381443e-01 3.62281650e-01 2.16605514e-02
 8.51336345e-02 1.79645285e-05 1.67262599e-01 1.16682723e-01
 1.04083531e-01 2.86559894e-04 3.20547372e-01 1.30128294e-01
 8.27994645e-02 8.63725145e-04 5.06463228e-04 6.30851882e-03
 4.71489094e-02 8.52135494e-02 2.20321655e-01 5.79243489e-02
 6.16972223e-02 8.59967947e-01 5.48878193e-01 1.75702378e-01
 3.35844189e-01 1.20868534e-01 1.96770594e-01 7.88839161e-02
 6.41012713e-02 4.28041257e-02 3.84775485e-04 5.54704852e-02
 4.89276226e-06 8.91743079e-02 1.75957941e-02 1.29987970e-01
 1.83888778e-01 1.04148038e-01 3.60760033e-01 4.09454340e-03
 5.09937014e-03 1.40051946e-01 4.66088146e-01 1.23522945e-01
 4.66489531e-02 7.69780062e-09 1.05433203e-01 2.60724396e-01
 1.46023020e-01 2.03790925e-02 6.94266200e-01 6.60261437e-02],Attack accuracy: 0.49222221970558167
2022-03-21 10:16:40,203 - attack - INFO - Epoch 8 over,Attack loss: [7.3403282e-07 1.9649693e-07 1.1000784e-02 5.6714542e-02 4.6146210e-02
 4.3331496e-02 1.3444207e-02 1.7425565e-02 1.6365623e-03 2.6633330e-05
 2.5197931e-03 3.2033689e-02 3.6542313e-04 3.2135712e-03 8.9783396e-05
 5.0048202e-05 5.5091572e-03 1.0064732e-02 3.5249248e-02 5.2247932e-03
 6.1106667e-02 4.2077404e-02 1.6904788e-02 4.3403191e-04 7.7708261e-05
 1.2351071e-05 5.7750277e-02 3.8829497e-03 1.4356895e-03 1.1579571e-03
 5.3328667e-03 1.2556711e-08 6.4767106e-03 1.1171271e-02 7.3903771e-03
 7.1877860e-03 2.8005144e-02 9.2669652e-05 2.2977754e-04 7.8626886e-02
 3.1303111e-04 8.3713420e-03 4.7791305e-05 4.1153496e-03 1.8105860e-03
 7.8275830e-02 8.0008870e-03 6.2676646e-02 8.7351548e-03 1.0080166e-02
 1.6684825e-07 3.2042672e-06 9.5116355e-02 9.9077830e-03 6.9309123e-02
 2.9528594e-01 1.5722472e-03 1.4667148e-03 1.1849439e-02 1.3800327e-06
 5.4823180e-05 2.0416370e-02 1.0087073e-04 5.4253720e-02 7.5732089e-08
 4.9615158e-03 2.3236994e-02 1.6545368e-05 7.2364509e-03 3.2367010e-02
 2.7868198e-04 5.6463771e-04 5.5617113e-02 4.1731742e-05 7.9259489e-06
 1.7770607e-02 5.0823600e-03 5.8805086e-03 8.7178335e-02 1.7450102e-05
 9.3311565e-03 3.1630963e-02 3.6174621e-02 2.1878813e-04 3.9752590e-04
 7.1829802e-01 1.8527346e-02 3.9842256e-05 3.2741809e-09 6.2163402e-03
 1.0043898e-04 8.8423677e-02 1.1034256e-02 1.3462430e-02 1.5474026e-03
 6.3377037e-04 3.7364309e-05 3.8411424e-01 8.8234954e-03 4.6268620e-02
 1.7268077e-02 4.6448946e-02 6.3473630e-01 3.7891576e-03 7.6251602e-01
 4.6034533e-05 6.4186715e-02 2.7660611e-01 7.7690212e-03 3.3492881e-01
 8.9740418e-03 6.1671782e-01 1.4885822e-01 5.4958678e-04 6.3275435e-04
 3.0048491e-04 7.1467318e-02 4.4405310e-06 2.5878873e-01 2.8561112e-01
 2.5300285e-01 7.4354811e-10 2.6797776e-03 2.1309149e-01 9.5750578e-03
 1.8182068e-01 8.9698027e-05 4.6635093e-03 2.7427325e-04 1.2033644e-02
 3.1971555e-02 3.5190594e-01 3.3731500e-03 4.7466886e-01 6.3555223e-01
 5.9596013e-04 5.0724663e-07 1.6877906e-03 2.7610371e-01 4.0492484e-01
 3.1582615e-01 1.2859791e-03 4.1245905e-01 4.1427374e-01 2.9813391e-01
 3.7344360e-01 4.3917762e-06 6.5369303e-03 9.2790113e-04 2.7360159e-01
 7.7968329e-02 1.4230607e-05 1.0444116e-06 1.9075042e-05 4.4554332e-01
 2.5555125e-01 1.9921167e-03 1.4633242e-08 5.9960026e-01 2.7564061e-01
 2.6849502e-01 1.3533895e-05 3.1683263e-05 3.9664386e-08 7.3347583e-02
 2.9575300e-01 5.4937631e-01 1.6021108e-02 7.4989982e-02 3.8133131e-03
 7.8379111e-03 5.9205532e-01 6.2921607e-01 6.2701255e-02 4.5303264e-01
 2.0063566e-01 3.0948216e-02 2.5920394e-01 2.3165515e-04 8.6735599e-02
 9.0820178e-09 1.4799820e-01 3.7216886e-03 4.0195766e-01 3.0157009e-01
 3.5467392e-01 6.8361378e-01 8.7882931e-05 7.8784215e-04 3.1933776e-01
 3.9195538e-02 5.0457406e-01 1.1373427e-02 2.0656389e-12 5.1395100e-01
 4.2419789e-08 2.5303176e-01 4.5712423e-04 1.2295998e-02 7.9633310e-02],Attack accuracy: 0.48955556750297546
2022-03-21 10:18:09,881 - attack - INFO - Epoch 9 over,Attack loss: [4.10693701e-12 3.41415785e-10 2.52206158e-03 6.40432769e-03
 2.87223190e-01 2.39975661e-01 1.14786945e-01 4.17497866e-02
 7.69209266e-01 2.82526003e-08 6.74484996e-03 2.12816941e-03
 1.50319302e-05 1.02176995e-03 3.12783357e-07 6.36435107e-06
 4.16349212e-04 3.78007963e-02 7.88756460e-02 1.11131445e-01
 2.27918457e-02 3.96600924e-02 3.53627019e-02 2.13748463e-05
 1.31331035e-07 2.51413621e-06 1.63980171e-01 1.61924157e-02
 4.88515109e-01 2.14162010e-05 1.36613799e-02 5.11590770e-13
 2.37857718e-02 1.91924982e-02 8.60569417e-05 1.15285558e-03
 1.94527462e-01 4.20163900e-07 9.32876617e-02 1.47537455e-01
 5.71096716e-05 2.55552251e-02 1.56684905e-07 1.78902000e-02
 1.86680332e-02 1.04545787e-01 1.09702982e-02 3.97007680e-03
 3.16327661e-02 9.64555074e-05 1.22909682e-10 3.85740861e-09
 1.72128320e-01 4.39051166e-02 4.86077458e-01 4.26135421e-01
 1.86235011e-05 5.07054524e-03 1.27456340e-04 5.68434189e-14
 2.83408326e-06 2.50381321e-01 3.77493109e-07 8.08852166e-02
 1.62700076e-10 2.22165414e-04 4.18914482e-02 3.85592784e-07
 3.15797217e-02 3.64027806e-02 3.55208977e-06 2.85994774e-05
 1.43735811e-01 1.40559919e-07 7.79127447e-08 4.98168655e-02
 2.51984713e-03 4.35958791e-04 1.63149729e-01 1.70471026e-07
 6.78684860e-02 6.98647872e-02 7.38479868e-02 5.86971737e-06
 2.88473672e-07 1.16619105e-02 1.53236315e-01 1.03157163e-08
 1.42108547e-14 1.00602723e-04 1.96867092e-08 1.93901554e-01
 6.95168856e-04 4.57011946e-02 6.12152158e-04 1.30034762e-03
 8.59634497e-08 5.21216333e-01 1.19221928e-02 1.36282318e-03
 6.06474001e-04 2.04211473e-02 3.82879347e-01 3.82203907e-05
 3.83719981e-01 4.81767348e-10 4.62863036e-02 4.69796881e-02
 3.06429283e-05 1.30663991e-01 1.51669187e-03 3.16512674e-01
 8.53063688e-02 1.68618681e-05 8.14151576e-07 1.22941481e-06
 2.20447835e-02 6.40003236e-07 1.43211529e-01 8.11409131e-02
 9.14677307e-02 1.06792864e-11 3.21960870e-05 1.03690930e-01
 2.13969790e-04 8.92753825e-02 7.61104384e-05 1.16634753e-03
 1.75892274e-06 9.87862796e-03 2.52555194e-03 3.15866582e-02
 5.61251763e-05 1.17718801e-01 1.28946871e-01 1.28170708e-04
 1.44736791e-08 7.53864661e-05 9.07571912e-02 2.53237395e-08
 1.20212659e-01 8.08677100e-07 1.73199907e-01 1.10444568e-01
 1.45532206e-01 1.29386291e-01 9.43253564e-09 1.05315738e-03
 6.56985549e-07 1.00228406e-01 1.00231525e-02 1.90833944e-07
 4.06184548e-12 1.78005885e-05 1.09718122e-01 1.07870415e-01
 3.28982901e-03 2.90625357e-10 1.12821229e-01 1.04492836e-01
 8.65312517e-02 9.34266666e-07 1.80000541e-06 1.51062141e-09
 4.02727500e-02 8.44132528e-02 7.09421039e-02 1.27346069e-03
 5.01193106e-02 1.20957775e-05 2.30358390e-04 1.16166182e-01
 1.43040463e-01 2.95304693e-02 6.85040951e-02 6.46962300e-02
 6.68609329e-03 4.91620675e-02 5.06905099e-06 6.19011112e-02
 3.17553150e-10 8.74101594e-02 7.43713899e-05 1.00838229e-01
 1.11729816e-01 1.00020602e-01 4.13725317e-01 8.40481675e-07
 1.44004880e-04 1.08399995e-01 2.59675621e-03 5.76363951e-02
 1.15084564e-04 5.09552729e-18 6.80696443e-02 2.27126061e-16
 1.32141963e-01 2.54448041e-05 4.97378460e-05 5.01360893e-02],Attack accuracy: 0.4868888854980469
2022-03-21 10:18:09,881 - attack - INFO - Best attack accuracy 50.00%


