2022-04-09 16:50:27,089 - attack - INFO - `exploit_loss` set to: True
2022-04-09 16:50:27,090 - attack - INFO - `exploit_label` set to: True
2022-04-09 16:50:27,090 - attack - INFO - `layers_to_exploit` set to: [6, 7]
2022-04-09 16:50:27,090 - attack - INFO - `gradients_to_exploit` set to: [4]
2022-04-09 16:50:27,091 - attack - INFO - Number of Epochs: 30
2022-04-09 16:50:27,091 - attack - INFO - Learning Rate: 0.001
2022-04-09 16:50:27,091 - attack - INFO - Optimizer: 0.001
2022-04-09 16:57:08,497 - attack - INFO - Epoch 0 over,Attack loss: [0.24385014 0.24385262 0.22933495 0.24385196 0.24385238 0.24385267
 0.242506   0.24016474 0.2438522  0.2438422  0.24024524 0.24385144
 0.2438502  0.24371941 0.24385132 0.24385196 0.24385238 0.2438519
 0.24059005 0.24385178 0.24072239 0.24385172 0.24331991 0.2438512
 0.24290395 0.24385172 0.24385178 0.24384926 0.24294284 0.2420407
 0.24385314 0.24385096 0.24074058 0.2435236  0.22051165 0.2438439
 0.24385308 0.24384679 0.24366298 0.2438528  0.2438506  0.23518981
 0.24023771 0.23777553 0.24216083 0.24369581 0.24385138 0.24302998
 0.23961112 0.24385084 0.24211173 0.239236   0.24283586 0.23860575
 0.2437781  0.24255684 0.2353989  0.2438505  0.24385178 0.24385156
 0.24385132 0.2437848  0.24385108 0.24385168 0.24385138 0.24385196
 0.24384625 0.23860797 0.24385114 0.23838423 0.2438519  0.24385114
 0.24385314 0.24384432 0.24385044 0.24385178 0.24378839 0.24385102
 0.24385132 0.24385162 0.24352224 0.23997678 0.24385044 0.2438512
 0.2388664  0.24360308 0.24385096 0.2438506  0.24385144 0.24252708
 0.2438505  0.23213138 0.2392904  0.24373496 0.24367775 0.24383406
 0.24385226 0.23845764 0.24306266 0.23860383 0.2565126  0.2562245
 0.2563437  0.25678074 0.2562261  0.26087117 0.25622445 0.25622568
 0.25851277 0.26113585 0.25622687 0.25622422 0.25622562 0.25907505
 0.25923824 0.25629035 0.25781935 0.25622493 0.2639782  0.25622505
 0.2562258  0.25622493 0.25622627 0.25629517 0.25622556 0.25832102
 0.25787657 0.25622445 0.2578699  0.26029605 0.25642216 0.256301
 0.2562255  0.26252624 0.25640532 0.25822482 0.25676373 0.25622535
 0.2562259  0.25622517 0.25622782 0.25622475 0.25689885 0.25655934
 0.25622603 0.2576954  0.2584006  0.25627697 0.2584713  0.263077
 0.25904375 0.25622523 0.25622535 0.2589647  0.25622463 0.2562262
 0.2595166  0.25998083 0.25685307 0.2562251  0.2562244  0.25622556
 0.25622556 0.2576694  0.25622663 0.25708446 0.25670463 0.2562281
 0.25652763 0.2562245  0.2562259  0.262759   0.2574093  0.25622603
 0.25652215 0.25622517 0.25622645 0.25622517 0.26265216 0.25622493
 0.2562254  0.256225   0.25622505 0.25638908 0.26013398 0.25721768
 0.25764608 0.2594339  0.2569664  0.2562247  0.2562245  0.25622463
 0.25622416 0.2562244  0.25817072 0.2562248  0.25622493 0.25849423
 0.25870404 0.25622487],Attack accuracy: 0.5
2022-04-09 17:03:07,060 - attack - INFO - Epoch 1 over,Attack loss: [0.24849017 0.25433856 0.23774879 0.24998128 0.2516544  0.25597414
 0.2515427  0.25091422 0.2539083  0.2492702  0.24257599 0.253475
 0.24711172 0.24820532 0.2523359  0.25100487 0.25374132 0.25432774
 0.2514298  0.25441486 0.25598502 0.2540049  0.2451742  0.25087798
 0.24608192 0.25288695 0.25338885 0.24835192 0.25257298 0.25583002
 0.2564674  0.24945283 0.24979918 0.23584168 0.2495817  0.24691176
 0.25510404 0.24937128 0.2499302  0.25472036 0.24518281 0.2310097
 0.25543126 0.2522525  0.25078586 0.2457231  0.2501295  0.24526688
 0.24500005 0.24818423 0.24706775 0.24474302 0.25076962 0.22045349
 0.25303534 0.24940936 0.25848985 0.25035846 0.2543167  0.25455397
 0.25329152 0.24404721 0.25274518 0.2530528  0.2528729  0.25204504
 0.24449793 0.25759533 0.25205353 0.25622356 0.24925442 0.2518035
 0.25562802 0.25469202 0.24779777 0.25023544 0.25011885 0.24786803
 0.25081056 0.25076088 0.25130197 0.24111372 0.24883567 0.2503179
 0.24360897 0.24970594 0.25237024 0.25098565 0.24911346 0.2520045
 0.25308025 0.23610586 0.2552372  0.2515313  0.248679   0.2489269
 0.25451666 0.23916002 0.20370427 0.23967256 0.24993575 0.24669807
 0.25033027 0.25447276 0.24792035 0.24273895 0.24711765 0.25091743
 0.24416491 0.24261923 0.24998355 0.24589205 0.24715656 0.24892488
 0.24719967 0.25909442 0.33213657 0.2491911  0.25195053 0.25015423
 0.24888414 0.24644089 0.24924244 0.24749069 0.25038078 0.24807286
 0.24634118 0.24788122 0.24481997 0.24636222 0.2506377  0.25822943
 0.24836582 0.2582044  0.25208566 0.2609689  0.25435427 0.25032544
 0.25380456 0.24769352 0.25781453 0.24526481 0.26321855 0.24776508
 0.24723941 0.25957564 0.24930775 0.24860162 0.24770153 0.25863153
 0.25074083 0.25077432 0.25036103 0.25721085 0.24772292 0.24717149
 0.24753879 0.24892889 0.26002997 0.24715555 0.24445042 0.24707203
 0.2519561  0.24749698 0.24912907 0.25068384 0.2534319  0.24870183
 0.24993551 0.24437955 0.24900235 0.26107797 0.24935597 0.25362822
 0.24943009 0.25448385 0.2491529  0.24593586 0.2478196  0.25269312
 0.2505251  0.24795933 0.24634635 0.25662524 0.25939262 0.2551129
 0.24943613 0.25347856 0.24905196 0.24466917 0.24586695 0.24506529
 0.24636379 0.247572   0.24782418 0.26784602 0.24594001 0.24434313
 0.24787162 0.24976635],Attack accuracy: 0.49399998784065247
2022-04-09 17:09:02,605 - attack - INFO - Epoch 2 over,Attack loss: [0.24289602 0.2817116  0.29638276 0.25119555 0.26193222 0.27157277
 0.2522936  0.25554848 0.25264314 0.24061023 0.24559571 0.2728694
 0.23542689 0.23829776 0.2577123  0.25815207 0.25861835 0.28356504
 0.25588405 0.26543903 0.27676067 0.27380365 0.2371593  0.25324136
 0.23915495 0.27566057 0.27217588 0.23622468 0.26149008 0.26671857
 0.28408372 0.23552431 0.23965348 0.23561543 0.2691401  0.23840892
 0.26565418 0.24117553 0.25125822 0.23665868 0.24209337 0.23620829
 0.26570356 0.2593757  0.24742904 0.2378946  0.23812123 0.2391226
 0.2547798  0.23391412 0.24005076 0.235239   0.250239   0.26684466
 0.23663153 0.24943794 0.27889687 0.25507694 0.2750903  0.26027128
 0.27905926 0.24555862 0.2645501  0.27236605 0.2544331  0.25836107
 0.23645568 0.26750422 0.2595277  0.2569176  0.23801118 0.23622063
 0.27172345 0.25991765 0.24240075 0.23986554 0.2500763  0.23732407
 0.23522165 0.2305313  0.25084877 0.24679212 0.23949337 0.25665024
 0.24054784 0.2558481  0.26629123 0.26602036 0.24946539 0.26179135
 0.24600771 0.23322853 0.262005   0.2526069  0.23540688 0.25092545
 0.2782222  0.27064824 0.22917318 0.26218125 0.26084036 0.2480427
 0.256096   0.2633678  0.23401497 0.22977717 0.23668443 0.2574225
 0.2425717  0.2324666  0.24826576 0.21885571 0.2616648  0.26176405
 0.23813377 0.2423662  0.25661525 0.2559165  0.24597505 0.26734072
 0.23236936 0.25828364 0.24597842 0.24532773 0.25379503 0.2384547
 0.26049897 0.24037097 0.2364849  0.23830625 0.24591306 0.26029718
 0.23013104 0.23570676 0.2511754  0.25547555 0.26135775 0.26306286
 0.26756    0.24225675 0.26763624 0.2260444  0.26930803 0.24461678
 0.23357569 0.28068167 0.2615812  0.24835515 0.24286878 0.24737982
 0.23341031 0.24080808 0.25502583 0.2539671  0.24822848 0.23730674
 0.24023873 0.2606614  0.27166975 0.23028053 0.24651839 0.22811225
 0.252895   0.24174811 0.2612698  0.25100458 0.26082507 0.24641429
 0.24796131 0.22123936 0.23517428 0.2712422  0.2671733  0.26979494
 0.2630139  0.27160713 0.26376143 0.21083787 0.24443173 0.25867686
 0.2647359  0.2402059  0.2525527  0.26060453 0.23823148 0.26500788
 0.23953931 0.25384024 0.252098   0.21255854 0.22593231 0.23702124
 0.23734148 0.23116122 0.26332656 0.24149643 0.22334953 0.23626544
 0.26479346 0.24727166],Attack accuracy: 0.5205000042915344
2022-04-09 17:14:47,566 - attack - INFO - Epoch 3 over,Attack loss: [0.23077904 0.26186475 0.3805071  0.23102002 0.24826738 0.2594656
 0.25446093 0.21532658 0.232715   0.23306867 0.21561697 0.2508452
 0.23277377 0.23306258 0.2544409  0.23342638 0.23311386 0.26187462
 0.22973377 0.25559413 0.30232388 0.25579122 0.23117033 0.24594133
 0.23198108 0.26074642 0.25208488 0.22927804 0.2431362  0.2999432
 0.25171536 0.23167379 0.23212408 0.22682694 0.22694086 0.2255774
 0.24373518 0.23459263 0.23269895 0.22561722 0.23572081 0.30805635
 0.2980249  0.2969318  0.22242735 0.23106374 0.2326599  0.23103945
 0.2829183  0.23008907 0.22672765 0.22738078 0.23029658 0.24038947
 0.22331373 0.22822371 0.3501786  0.24328105 0.25262    0.23358728
 0.25473574 0.25402665 0.23828931 0.25134918 0.24097395 0.24625972
 0.23166025 0.2733178  0.25078228 0.22900937 0.23247157 0.2285648
 0.23328006 0.2283472  0.23227906 0.22720926 0.23773682 0.23238853
 0.22846529 0.22743382 0.2326775  0.23207228 0.23276065 0.24566408
 0.27718052 0.24366115 0.23704854 0.24857628 0.23258896 0.25842682
 0.23344366 0.21691066 0.22198792 0.23003304 0.23097229 0.22868416
 0.25770164 0.27194333 0.21267861 0.22410242 0.27052745 0.2399067
 0.26158938 0.27442658 0.25134432 0.2846119  0.26851404 0.2673771
 0.26970845 0.23631363 0.2583229  0.24242036 0.27004775 0.2705375
 0.22224069 0.2849259  0.28978637 0.2699651  0.2775934  0.27060986
 0.25571537 0.26988623 0.25528032 0.27342987 0.25452155 0.27398112
 0.2721741  0.24153571 0.20375538 0.2594879  0.24802762 0.27542812
 0.247698   0.21269514 0.26483625 0.26925528 0.2852707  0.27237555
 0.27311748 0.26697472 0.27672294 0.25178123 0.2726652  0.26991743
 0.2516673  0.27855015 0.27162185 0.25941756 0.26456285 0.23862901
 0.22814953 0.25152037 0.2689758  0.27285382 0.24683076 0.2439433
 0.21819015 0.26351207 0.2794894  0.24420081 0.22046266 0.2477505
 0.25596902 0.22927852 0.26776102 0.26759824 0.27297097 0.26518092
 0.2567244  0.24536678 0.24945623 0.29612705 0.27161565 0.2731241
 0.26752    0.27452382 0.27025166 0.23628761 0.28699756 0.2680172
 0.27010486 0.26729086 0.26837403 0.26765808 0.22968838 0.27368495
 0.22783653 0.26930675 0.26897562 0.23316713 0.24429275 0.24219002
 0.23683558 0.25080943 0.25264776 0.26578087 0.24356192 0.23188189
 0.26777688 0.24495697],Attack accuracy: 0.5105000138282776
2022-04-09 17:20:37,863 - attack - INFO - Epoch 4 over,Attack loss: [0.22491342 0.26972187 0.22327858 0.22572549 0.22722489 0.22868638
 0.21949187 0.16528638 0.2258628  0.22328162 0.17677172 0.2277718
 0.22565831 0.21816078 0.22902928 0.23131777 0.22603805 0.26255405
 0.2170853  0.23440018 0.26868474 0.2569982  0.21587457 0.22700787
 0.22398105 0.26452857 0.24192013 0.22509584 0.22676256 0.19758616
 0.22653437 0.22482347 0.21555088 0.21961181 0.18254295 0.21640062
 0.22557792 0.23727843 0.22412138 0.2250523  0.21844327 0.21887133
 0.3278589  0.2126415  0.19570594 0.22509244 0.22609225 0.22208561
 0.2264218  0.22464547 0.2210946  0.22020744 0.22545524 0.21667665
 0.22379851 0.2182869  0.22585684 0.22572803 0.24493963 0.22534074
 0.2548611  0.22631824 0.23064591 0.24212223 0.22591129 0.22647053
 0.22001722 0.27291816 0.2416335  0.1863496  0.22523646 0.22383207
 0.22549956 0.19508219 0.22589922 0.22366443 0.23922683 0.22561568
 0.2254064  0.22466841 0.21647255 0.20383115 0.22596887 0.23494543
 0.1895577  0.2252428  0.22714858 0.24524586 0.22595255 0.22410485
 0.22532943 0.20741342 0.2399286  0.2142364  0.21944183 0.2307674
 0.25491208 0.2227378  0.17883617 0.21545266 0.2610943  0.26573843
 0.2784768  0.2760548  0.27323544 0.27549806 0.2752791  0.2752197
 0.28745404 0.17158031 0.27410883 0.24765532 0.2767908  0.2850628
 0.27570903 0.29004395 0.36604103 0.27551827 0.3036736  0.27701336
 0.2684994  0.27749604 0.26623452 0.27902713 0.27461952 0.2906299
 0.28173774 0.24254727 0.27885997 0.27943477 0.28503522 0.2640821
 0.24595684 0.24737437 0.2799528  0.27459043 0.3084562  0.27596092
 0.27673903 0.27571297 0.283838   0.27415127 0.2839901  0.28114662
 0.26349145 0.28680232 0.2870889  0.27687213 0.29426372 0.2750154
 0.27226943 0.24706657 0.2758216  0.27986577 0.2474307  0.27407187
 0.27666003 0.27630275 0.28417268 0.24276485 0.24815321 0.24630359
 0.24737048 0.2838352  0.27521777 0.2777973  0.2908224  0.27508488
 0.27736506 0.26732224 0.255934   0.29497224 0.28535852 0.27701128
 0.2768641  0.2776989  0.2783188  0.2345252  0.30963328 0.2756927
 0.27644345 0.27527836 0.29300568 0.2795518  0.27978462 0.27476904
 0.28299806 0.2732479  0.28539622 0.21662106 0.2522739  0.26430747
 0.22616427 0.27430934 0.28030732 0.2855764  0.24422246 0.2768334
 0.28853694 0.25958335],Attack accuracy: 0.5005000233650208
2022-04-09 17:26:23,652 - attack - INFO - Epoch 5 over,Attack loss: [0.20149064 0.24014516 0.19332126 0.21345001 0.22115183 0.21162142
 0.14365727 0.05754343 0.21204889 0.20768018 0.06069155 0.21679886
 0.21363175 0.20191269 0.22804435 0.21968722 0.21498369 0.24008045
 0.21158436 0.21846193 0.17971139 0.22376975 0.13864224 0.21744765
 0.20025223 0.282308   0.22383918 0.21222827 0.2251455  0.6696263
 0.21900111 0.21212405 0.13706431 0.38697994 0.15196858 0.17069441
 0.20994055 0.2862735  0.20806156 0.20748042 0.2021454  0.43943772
 0.13809979 0.10998355 0.05546633 0.22069691 0.21803947 0.19834782
 0.45489782 0.20966493 0.21136299 0.1882676  0.5408399  0.09906337
 0.89227486 0.3129621  0.53499985 0.21925475 0.21358112 0.21369919
 0.23476993 0.21880251 0.21537653 0.2193228  0.21434036 0.2164908
 0.20755215 0.19238397 0.21726985 0.13454776 0.20970859 0.20187712
 0.21206047 0.05689769 0.21246387 0.20720787 0.20607433 0.21830852
 0.21647306 0.20377275 0.19389625 0.14539135 0.21271132 0.22005704
 0.078924   0.21530955 0.21601732 0.21930772 0.21712686 0.20252171
 0.20893145 0.08202405 0.05503884 0.18412024 0.16858625 0.3106982
 0.22859392 0.40286505 0.03259212 0.1111735  0.27323493 0.21971695
 0.300698   0.19606948 0.2708561  0.01095067 0.28906974 0.28611884
 0.29733846 0.02549713 0.2879837  0.28326333 0.29966953 0.3887775
 0.35777295 0.33979082 0.55472594 0.26244813 0.3837208  0.29986116
 0.28529477 0.29772592 0.28584415 0.14051239 0.27844006 0.61629474
 0.72368675 0.2137757  0.00210519 0.3250525  0.29837433 0.09014253
 0.27688843 0.09015962 0.29828012 0.19173115 0.4650591  0.29461968
 0.29247493 0.2856821  0.29586127 0.29186052 0.38149878 0.32234424
 0.2834518  0.33759782 0.3135305  0.35939282 0.37274677 0.2889439
 0.13703059 0.23987465 0.28869206 0.35232428 0.28375494 0.2817058
 0.05291586 0.2821329  0.35199335 0.27301002 0.08698433 0.27362204
 0.22699103 0.21521352 0.28981462 0.3061925  0.37410128 0.2856168
 0.29427594 0.27091566 0.26968208 0.35420686 0.20170651 0.29821786
 0.12200482 0.2976166  0.30660206 0.24101396 0.36246213 0.29187405
 0.29190582 0.28662568 0.5211281  0.06170547 0.29902384 0.1242585
 0.40710357 0.0812419  0.25821555 0.18748717 0.24582656 0.2850903
 0.09766631 0.28493112 0.0644181  0.3132894  0.25870422 0.4272642
 0.10675909 0.25765505],Attack accuracy: 0.5180000066757202
2022-04-09 17:32:20,867 - attack - INFO - Epoch 6 over,Attack loss: [1.72169074e-01 2.84745723e-01 5.76653965e-02 1.99803159e-01
 2.09427550e-01 2.03121498e-01 5.80538511e-02 8.43803063e-02
 2.06665263e-01 1.97180152e-01 6.62541613e-02 2.15989783e-01
 2.02004731e-01 5.57051718e-01 2.21819907e-01 2.24651858e-01
 2.04203591e-01 2.93948114e-01 1.30800843e-01 2.51781046e-01
 7.55233318e-02 2.43379846e-01 1.06487930e-01 2.07004488e-01
 8.87398049e-02 3.49208117e-01 2.18756571e-01 1.66299447e-01
 1.96809828e-01 9.99782801e-01 2.11708784e-01 2.00142041e-01
 6.20138012e-02 2.02793792e-01 7.33046174e-01 9.53021422e-02
 2.02988774e-01 1.66483447e-01 1.78046823e-01 1.95675820e-01
 4.87453014e-01 1.55087346e-02 2.39470273e-01 6.37627125e-01
 1.58157479e-02 1.84917748e-01 2.07409829e-01 1.92612231e-01
 5.93076766e-01 1.96116164e-01 1.28242090e-01 1.85032174e-01
 3.18792671e-01 1.11278534e-01 1.00000000e+00 6.41750038e-01
 3.38501268e-04 2.11411387e-01 2.02548802e-01 2.07809493e-01
 2.19265521e-01 1.93454370e-01 2.05495372e-01 2.26870090e-01
 2.06474438e-01 2.06799135e-01 2.33013719e-01 9.61704478e-02
 2.08474860e-01 1.20725203e-02 1.99960873e-01 1.87311351e-01
 2.09280163e-01 3.16411629e-02 2.00283989e-01 1.91195503e-01
 2.45246097e-01 2.38436222e-01 2.70212442e-01 1.91684067e-01
 1.09770685e-01 8.76670361e-01 2.01024950e-01 2.10161775e-01
 8.91087174e-01 1.97111771e-01 2.06938535e-01 2.07251176e-01
 2.01488346e-01 1.64261445e-01 2.02699438e-01 1.93723012e-02
 4.47011366e-02 6.61392748e-01 1.22177087e-01 9.21564460e-01
 2.32425645e-01 9.63913500e-02 8.46751779e-02 8.44364464e-02
 4.24589396e-01 1.53758243e-01 3.82522792e-01 2.94001818e-01
 2.22473413e-01 7.05319492e-09 3.01437467e-01 3.11034918e-01
 4.14628834e-01 2.68995354e-05 3.03053766e-01 2.92559892e-01
 3.11605930e-01 5.30347824e-01 1.05019463e-02 3.13737869e-01
 2.58532289e-08 1.90605354e-02 8.12870450e-03 3.13175708e-01
 2.91796774e-01 3.09381485e-01 2.99188703e-01 2.50495050e-05
 2.53047407e-01 4.53195274e-01 5.46830177e-01 1.50134623e-01
 1.97551638e-01 3.83137792e-01 8.62286019e-04 4.37170939e-08
 2.88389623e-01 3.10383111e-01 4.27912951e-01 4.99301776e-02
 5.49478829e-01 3.11357588e-01 3.05366457e-01 2.96733320e-01
 3.95763695e-01 2.98546076e-01 4.98050570e-01 3.30080330e-01
 2.89990276e-01 2.95801729e-01 9.64956143e-06 3.60306948e-01
 6.35823548e-01 1.73455372e-01 2.97451943e-01 1.83082327e-01
 3.00250292e-01 2.90079772e-01 2.73932606e-01 2.93758363e-01
 1.74753914e-05 2.91531980e-01 4.37504947e-01 2.70730972e-01
 3.67680997e-01 2.46719107e-01 1.68690592e-01 1.09197141e-03
 3.01461637e-01 2.45806128e-01 3.15094680e-01 2.91064352e-01
 3.21423739e-01 2.69753009e-01 2.47434795e-01 5.70432663e-01
 3.21732387e-02 3.10993105e-01 3.09694769e-05 3.17872107e-01
 3.34440678e-01 2.02778637e-01 1.19561293e-04 3.27477783e-01
 3.21256846e-01 2.99727410e-01 3.46910238e-01 1.66041346e-03
 1.70822039e-01 7.20118487e-06 2.98155961e-03 6.18626326e-02
 9.36809869e-04 1.10594094e-01 2.91080117e-01 2.42857590e-01
 9.68814921e-03 3.02686304e-01 1.61382617e-04 1.04760770e-02
 2.38025755e-01 1.46249763e-03 1.05327452e-02 2.08330423e-01],Attack accuracy: 0.5099999904632568
2022-04-09 17:38:11,955 - attack - INFO - Epoch 7 over,Attack loss: [7.4202806e-01 3.1095740e-01 1.3609799e-03 1.9035226e-01 1.9837144e-01
 1.8647653e-01 9.9821645e-01 1.0662070e-04 1.9034290e-01 1.4039545e-01
 9.9876261e-01 1.9929168e-01 1.9425757e-01 6.8433665e-02 1.9934192e-01
 2.5161144e-01 1.8725671e-01 3.3872250e-01 3.4031260e-01 1.9795100e-01
 2.5680436e-07 2.7958867e-01 8.5394657e-01 2.1935585e-01 5.2687458e-08
 4.8077878e-01 2.1789582e-01 1.9900930e-01 9.5584506e-01 9.9956650e-01
 1.9639412e-01 1.8846224e-01 8.0046197e-03 8.0928087e-01 8.4256158e-09
 7.6322466e-02 1.7199638e-01 2.0164961e-01 3.7056100e-01 1.8113495e-01
 2.2995929e-01 4.6860762e-03 3.8219520e-07 2.7180945e-08 4.7072145e-01
 2.7548692e-01 1.9884872e-01 1.4528155e-01 5.6884027e-01 1.8089642e-01
 5.9255064e-01 1.2748572e-01 2.2662416e-02 9.9364769e-01 9.9999595e-01
 3.4173900e-05 8.2843119e-01 2.6948506e-01 1.9409263e-01 1.9278407e-01
 2.3746151e-01 2.2014585e-01 1.9615889e-01 2.3276791e-01 1.8080050e-01
 1.8712839e-01 2.8373253e-01 9.9988151e-01 1.7674419e-01 2.6176896e-02
 1.8263885e-01 1.5726027e-01 1.9338621e-01 3.6416599e-01 1.9668156e-01
 1.7227915e-01 5.3662136e-02 2.1155398e-01 3.5823795e-01 1.7641613e-01
 1.0953955e-01 1.5119330e-02 1.8979865e-01 2.1177478e-01 2.8349040e-03
 3.3970493e-01 1.9940835e-01 1.8227401e-01 3.0917668e-01 2.3933122e-01
 1.8817523e-01 6.4341716e-02 9.9999869e-01 1.0126022e-04 3.7922875e-03
 9.8290503e-02 2.1970527e-01 3.6628816e-01 2.3153913e-04 1.4739421e-02
 1.4272231e-01 8.5159741e-02 5.3738725e-01 1.3091925e-01 2.1922307e-01
 1.0072441e-09 3.1504402e-01 3.7294912e-01 3.7430173e-01 1.4493500e-06
 3.0651262e-01 3.0514550e-01 3.3153591e-01 6.2118006e-01 2.6417781e-02
 4.4318676e-02 4.7671404e-14 1.3029820e-02 6.6325818e-08 3.3719695e-01
 2.9896268e-01 3.3286506e-01 3.0471641e-01 4.6130884e-07 2.7015498e-01
 5.7952316e-03 9.3488881e-05 8.8006310e-02 5.2032743e-14 1.3763106e-01
 2.2288317e-02 3.2636954e-10 2.2913995e-01 1.4684462e-03 9.4936055e-01
 7.4123745e-03 3.0636985e-02 3.2804006e-01 3.3247226e-01 3.1725237e-01
 1.9193269e-01 3.0729192e-01 6.8912941e-01 4.4160601e-02 3.0938432e-01
 1.0773427e-02 1.1138426e-06 8.3754903e-01 2.3947439e-05 3.4046366e-06
 3.6241677e-02 1.1907740e-01 3.2202154e-01 3.1457242e-02 2.7961925e-01
 3.0941424e-01 4.2387955e-03 3.3971563e-01 6.0445374e-01 2.0953737e-01
 3.6923134e-01 2.1341904e-01 1.0146515e-01 2.3045486e-02 3.1221092e-01
 5.1642179e-02 8.6362816e-02 3.6994997e-02 7.6491289e-02 3.0552301e-01
 1.7950974e-01 1.0640421e-01 1.2699016e-06 3.3834511e-01 1.4244595e-06
 3.4685472e-01 4.5970765e-01 1.3176654e-01 7.5757784e-01 3.5175878e-01
 3.5838950e-01 3.0778450e-01 4.0196234e-01 2.1528644e-05 1.3962599e-02
 1.5899506e-07 3.6269880e-06 3.9756559e-03 9.3127449e-07 7.3221564e-02
 3.1051856e-01 3.0646718e-01 3.5343550e-02 1.2631361e-01 7.5599772e-08
 1.6580755e-02 2.0459619e-01 6.4141120e-17 1.3587283e-03 1.4879963e-01],Attack accuracy: 0.5184999704360962
2022-04-09 17:43:56,637 - attack - INFO - Epoch 8 over,Attack loss: [9.0532718e-05 1.9374396e-01 3.5084804e-04 1.6927813e-01 1.7970446e-01
 1.8277109e-01 9.9938297e-01 1.0000000e+00 1.6955118e-01 3.9690793e-02
 9.9999964e-01 1.8366942e-01 1.8758143e-01 4.8412446e-02 1.7971785e-01
 2.2598796e-01 1.7319831e-01 2.8958625e-01 1.5024525e-04 1.8061331e-01
 7.0631501e-09 2.9385981e-01 7.5489853e-04 1.9040543e-01 9.7548991e-10
 4.8289642e-01 1.9065873e-01 1.8901557e-01 9.6507800e-01 9.9998736e-01
 1.7686260e-01 1.7138577e-01 2.4459159e-02 9.4130412e-02 5.6402882e-11
 7.4769044e-04 1.5053532e-01 3.9360676e-02 3.4209169e-02 1.6868411e-01
 8.3385475e-02 3.8873411e-03 6.3409152e-06 1.9787194e-10 1.0078142e-03
 3.6143698e-05 1.8053712e-01 7.3486701e-02 1.0173024e-01 1.6865718e-01
 1.3704269e-01 1.4190413e-02 4.0403864e-04 2.2089318e-03 1.0000000e+00
 1.4695879e-03 0.0000000e+00 2.1418183e-01 1.7433707e-01 1.8226425e-01
 1.8521868e-01 7.1159261e-03 1.8562025e-01 1.9186470e-01 1.6055430e-01
 1.6839394e-01 2.1500469e-03 5.5219680e-03 1.9273157e-01 7.0522510e-04
 1.6069104e-01 1.3957131e-01 1.7391430e-01 8.8923946e-03 1.8744773e-01
 1.5682490e-01 2.3624090e-02 1.9106646e-01 8.2255796e-02 1.5699862e-01
 1.4750284e-01 6.2724821e-02 1.7995368e-01 1.8847616e-01 1.8895315e-06
 1.8541948e-01 1.8214925e-01 1.5355669e-01 1.5448682e-01 7.4606344e-02
 1.7974398e-01 7.6106539e-06 9.9997187e-01 5.2942322e-03 6.6349447e-02
 2.6108583e-03 1.9117095e-01 2.3821581e-02 2.5991452e-04 3.7988812e-06
 4.0522522e-01 8.4747240e-02 6.8025267e-01 1.7257762e-03 2.7248830e-01
 9.3028325e-17 3.3513844e-01 3.8713700e-01 2.7083684e-02 2.7941629e-12
 3.2083583e-01 3.1338534e-01 3.4473020e-01 2.1220932e-03 4.4477537e-01
 1.7099871e-26 6.4206873e-10 3.3001494e-01 7.6873818e-17 3.6081874e-01
 3.1972933e-01 3.5593221e-01 3.1538120e-01 8.1911118e-08 3.1431845e-01
 1.5721842e-08 2.0190805e-06 3.5085984e-02 2.1028155e-25 8.7437826e-01
 3.8870927e-02 9.3368601e-16 3.0547735e-01 9.2194036e-02 9.0524417e-01
 4.4203536e-03 1.5158100e-01 3.5159576e-01 3.4370464e-01 3.3668491e-01
 5.3483438e-01 3.1992984e-01 6.1903542e-01 3.2712165e-01 3.1927079e-01
 1.1017449e-07 5.4753479e-04 7.8689173e-02 7.4109888e-01 4.7201129e-06
 8.3228610e-02 7.8452632e-02 3.4222093e-01 5.8074826e-01 2.9467151e-01
 2.1854281e-01 4.9620221e-06 3.3219311e-01 3.7051117e-01 2.3412400e-01
 1.6348389e-05 1.5934910e-01 1.2072568e-01 1.0413995e-02 3.2727635e-01
 1.6892089e-02 3.5718698e-03 4.6264332e-02 6.6834137e-02 3.3948597e-01
 2.7262142e-01 3.7653518e-01 5.9861144e-12 3.5376513e-01 1.8861194e-15
 3.6691469e-01 3.5764989e-01 3.1276929e-01 6.2154417e-17 3.5154206e-01
 3.3586338e-01 3.2298258e-01 5.9441054e-01 1.3363369e-06 4.0896200e-03
 3.0806453e-12 6.3769573e-01 7.8500612e-03 6.4188525e-06 3.1850897e-02
 3.5677114e-01 3.4100914e-01 6.6374396e-03 1.8500003e-01 2.4679391e-08
 1.1056852e-02 2.6097116e-01 3.1406197e-10 1.0904500e-05 2.2686908e-01],Attack accuracy: 0.4984999895095825
2022-04-09 17:49:47,587 - attack - INFO - Epoch 9 over,Attack loss: [3.15576399e-05 2.58406997e-01 2.38884468e-11 1.41582698e-01
 1.76590323e-01 1.73812106e-01 9.99990940e-01 9.99996424e-01
 1.56152532e-01 2.63446346e-02 1.00000000e+00 1.69059455e-01
 1.74659312e-01 4.31317696e-03 1.90590754e-01 1.93007946e-01
 1.40512109e-01 1.89723507e-01 6.56896759e-10 1.91492945e-01
 1.27897692e-13 2.92865366e-01 1.11891097e-07 1.67092159e-01
 0.00000000e+00 4.10581410e-01 1.81777567e-01 1.39533505e-01
 9.84203041e-01 9.78530645e-01 1.65736198e-01 1.64379880e-01
 2.02780263e-03 1.96514372e-03 0.00000000e+00 2.78532752e-12
 1.30904600e-01 3.79074886e-02 3.76147276e-04 1.81176499e-01
 1.62635315e-02 1.00000000e+00 6.56591226e-08 2.14561005e-04
 1.20874967e-04 6.07450943e-08 1.82189241e-01 1.82917807e-04
 6.99812919e-02 1.24802850e-01 3.03271395e-06 4.68025974e-05
 2.46697251e-04 7.32960820e-01 1.00000000e+00 2.08245401e-05
 0.00000000e+00 1.83709115e-01 1.52592599e-01 1.92761779e-01
 1.17109030e-01 9.28464601e-07 1.85519740e-01 1.60097793e-01
 1.58275411e-01 1.25492319e-01 5.31528749e-05 8.39574754e-01
 9.17603001e-02 4.77885806e-06 1.56714454e-01 7.59978220e-02
 1.87534556e-01 9.04612762e-07 2.15061352e-01 1.54776886e-01
 5.15602669e-03 2.51103252e-01 1.86606169e-01 1.44897580e-01
 6.74783660e-04 4.19646763e-04 1.53110862e-01 1.68613508e-01
 3.03426906e-02 1.76797479e-01 1.89354092e-01 1.20036796e-01
 1.01392277e-01 4.78182547e-03 1.56914458e-01 5.68434189e-14
 1.00000000e+00 2.34246045e-09 1.90233465e-08 5.18177274e-07
 1.93887696e-01 3.69624331e-11 2.74330932e-06 5.11590770e-11
 5.87163091e-01 2.41093915e-02 8.79475534e-01 1.16645102e-03
 1.07946008e-01 1.86899584e-12 3.78845066e-01 5.15965641e-01
 6.02320023e-03 3.69715034e-18 3.27852279e-01 3.26050788e-01
 3.53055388e-01 1.71849132e-02 2.53631137e-02 1.37125542e-16
 3.11766053e-04 3.64770909e-04 2.25887911e-15 4.02577877e-01
 3.19118172e-01 3.44460070e-01 3.18765610e-01 4.70831901e-06
 2.98937321e-01 3.40880733e-03 2.68418156e-03 2.68465523e-02
 1.62192771e-31 2.67154008e-01 1.65573135e-01 5.76357741e-14
 2.29805365e-01 2.07183561e-07 2.85081369e-05 1.46636134e-03
 4.98018027e-09 4.28266257e-01 3.86597902e-01 3.39894563e-01
 5.15310884e-01 3.12801749e-01 1.79810971e-01 2.41760441e-04
 3.34148496e-01 4.28955676e-03 6.53066265e-04 2.39667619e-10
 3.20633582e-14 2.62933675e-08 4.23626843e-05 9.92509872e-02
 3.54601443e-01 3.69618017e-11 2.91352570e-01 1.30972713e-01
 1.72628630e-02 2.93161601e-01 4.81400758e-01 1.34625360e-01
 5.66923609e-06 2.14520618e-01 1.36485800e-01 1.14146918e-01
 3.45762789e-01 1.23847760e-02 8.71895827e-05 1.23547874e-02
 2.05569575e-03 1.37231424e-01 1.87853932e-01 8.29049037e-04
 1.67593575e-17 4.32264835e-01 1.26159319e-10 3.65357757e-01
 3.22736830e-01 1.27480686e-01 7.14296350e-18 3.82470876e-01
 4.09642398e-01 3.36297452e-01 5.57961357e-05 1.89076772e-07
 5.57303720e-05 2.26301083e-04 7.19668923e-15 1.25653837e-02
 2.57151532e-06 3.66486162e-02 3.31368506e-01 3.15707922e-01
 8.10351485e-05 4.52722982e-02 6.20657112e-04 3.79850306e-02
 1.66924208e-01 1.58189579e-07 2.97410179e-06 1.17101789e-01],Attack accuracy: 0.5044999718666077
2022-04-09 17:55:39,409 - attack - INFO - Epoch 10 over,Attack loss: [3.55271368e-13 4.69814271e-01 0.00000000e+00 1.35710374e-01
 2.58577377e-01 1.69605821e-01 1.00000000e+00 8.49476814e-01
 1.36002839e-01 2.34493637e-03 9.99685884e-01 2.57021040e-01
 1.55303493e-01 7.34669864e-01 1.97953328e-01 2.90048838e-01
 1.48993865e-01 5.06918132e-01 5.46265255e-11 2.43617848e-01
 0.00000000e+00 4.23993498e-01 6.24382519e-05 1.32870063e-01
 0.00000000e+00 6.75386965e-01 2.00321704e-01 4.65801044e-04
 4.02411044e-01 9.99926448e-01 1.30099595e-01 1.59002751e-01
 9.82763777e-06 1.43991290e-02 0.00000000e+00 5.68434189e-14
 1.38558090e-01 1.22420921e-03 8.55964117e-07 1.59853965e-01
 2.01091804e-02 0.00000000e+00 0.00000000e+00 0.00000000e+00
 2.65887024e-06 1.50762958e-10 1.56138763e-01 6.00159219e-05
 1.11333534e-07 9.87131298e-02 4.81918323e-05 2.98310786e-01
 1.22909682e-10 0.00000000e+00 9.99999762e-01 2.08177953e-03
 0.00000000e+00 1.80961773e-01 1.34992644e-01 3.75810772e-01
 4.48049903e-02 3.62208006e-08 3.00718099e-01 1.81445837e-01
 1.66830048e-01 1.31282002e-01 3.43622014e-06 0.00000000e+00
 1.78890049e-01 7.79080331e-01 1.48175240e-01 6.48413077e-02
 2.61905253e-01 8.64588401e-11 2.33854622e-01 1.51280239e-01
 2.08525648e-06 3.39254022e-01 6.87805368e-12 1.04421943e-01
 2.91008291e-05 6.19061440e-02 1.47919670e-01 1.78651541e-01
 0.00000000e+00 9.13528129e-02 2.07259908e-01 7.12174103e-02
 1.14756815e-01 3.11916578e-03 1.54145285e-01 3.41415785e-10
 8.37405801e-01 4.86330975e-09 1.27897692e-13 1.71951342e-12
 3.42775911e-01 3.96563884e-08 1.01836235e-03 0.00000000e+00
 1.53581321e-04 7.68968835e-03 2.30974898e-01 7.73985265e-03
 5.59418201e-02 1.59346426e-04 3.60516638e-01 6.44092262e-01
 2.69249529e-01 1.23536182e-07 2.76198298e-01 1.37148589e-01
 3.68723780e-01 9.86393388e-06 1.43246723e-07 2.01089625e-17
 2.08630314e-15 1.98961195e-10 3.00903684e-22 4.26930636e-01
 3.09132546e-01 3.26306701e-01 2.54783720e-01 2.02994420e-06
 1.40673041e-01 2.84351631e-06 2.53554970e-01 1.80357844e-02
 1.25453866e-07 7.71102449e-03 2.28698924e-03 3.07294012e-12
 1.65149793e-01 7.50404809e-07 4.64079494e-06 2.74072390e-05
 7.26885992e-05 4.00023371e-01 4.21952695e-01 3.18774968e-01
 5.09371923e-04 2.55737543e-01 9.64527014e-10 6.51737064e-05
 3.26259583e-01 3.66669267e-01 5.90926170e-01 1.27112907e-08
 1.05033949e-04 2.09753985e-11 5.41077927e-04 3.04971617e-02
 3.52441877e-01 5.64908537e-12 1.45034820e-01 1.61618069e-01
 8.30159408e-09 5.04895806e-01 1.92593858e-01 8.18836689e-02
 9.29333908e-08 1.25648394e-01 1.47148101e-02 4.13328689e-03
 3.62415969e-01 4.92984555e-07 4.52536769e-05 2.85232253e-03
 2.62574535e-02 7.68273249e-02 6.73241913e-02 6.79400982e-04
 9.28317644e-13 4.26156193e-01 1.13482704e-14 2.80037910e-01
 1.04102954e-01 1.00718305e-01 3.06479774e-19 8.16719010e-02
 3.50085497e-01 3.00887555e-01 1.23789403e-06 1.89725909e-11
 1.12127709e-04 2.72910056e-05 1.25623804e-17 7.24322200e-02
 3.73000621e-05 6.72377553e-03 3.24993551e-01 1.46144539e-01
 2.39885077e-02 1.45677747e-02 1.50805833e-02 8.37961910e-04
 4.05642800e-02 4.37090946e-24 2.74335889e-05 7.46917650e-02],Attack accuracy: 0.4860000014305115
2022-04-09 18:01:26,724 - attack - INFO - Epoch 11 over,Attack loss: [2.40163445e-12 2.19452336e-01 4.53364879e-01 1.51638910e-01
 1.58930317e-01 1.62986636e-01 1.00000000e+00 0.00000000e+00
 1.63112938e-01 1.64416999e-01 1.00000000e+00 1.88047111e-01
 1.47208646e-01 3.65856856e-01 1.52900085e-01 2.32419908e-01
 1.30746618e-01 6.61318958e-01 2.93449745e-08 1.50500298e-01
 0.00000000e+00 6.75379217e-01 7.32755097e-06 1.36608079e-01
 0.00000000e+00 9.68032479e-01 1.62172526e-01 3.23246010e-02
 4.18070704e-06 1.00000000e+00 1.38355210e-01 1.53727949e-01
 6.30614977e-07 8.99833776e-06 0.00000000e+00 1.24587733e-02
 1.41271174e-01 1.45899378e-06 1.88188671e-04 1.70515284e-01
 2.26138261e-04 1.26948124e-02 0.00000000e+00 9.32374178e-09
 1.87306597e-07 3.13917781e-11 1.76586509e-01 2.71949015e-04
 5.25835276e-06 1.25668555e-01 2.27884995e-03 5.26683061e-06
 1.40250951e-01 0.00000000e+00 1.00000000e+00 2.45956868e-01
 0.00000000e+00 5.12694597e-01 1.54824302e-01 5.58889329e-01
 4.82696518e-02 1.37589057e-04 2.91564286e-01 1.59352422e-01
 1.47728726e-01 1.30627587e-01 7.64822413e-04 0.00000000e+00
 1.20511942e-01 0.00000000e+00 1.51701763e-01 7.41804689e-02
 1.98902205e-01 2.77628942e-09 3.87143821e-01 1.35010824e-01
 1.15346558e-01 4.77154344e-01 8.76493118e-08 1.52152106e-01
 9.49151278e-01 4.14646417e-03 1.37121245e-01 1.29956841e-01
 5.68434189e-14 1.14229776e-01 1.88351616e-01 1.37421012e-01
 2.39817612e-03 3.44504751e-02 1.20655954e-01 5.12194633e-01
 4.78053153e-11 6.95044268e-03 1.65755409e-10 4.96939379e-10
 3.21184665e-01 1.04346141e-01 1.93460390e-01 0.00000000e+00
 3.38715466e-07 1.58165640e-05 1.15534851e-06 3.24426293e-01
 1.28205764e-04 1.31526829e-13 3.72661382e-01 4.81482804e-01
 2.95467643e-13 1.06605700e-26 1.65981770e-01 1.16924055e-01
 3.62737834e-01 2.46540033e-09 9.60658775e-10 0.00000000e+00
 1.09945608e-20 2.76867062e-01 7.00649232e-45 3.81445318e-01
 3.19233477e-01 3.19708645e-01 2.46005297e-01 1.10534149e-09
 5.75622022e-02 5.34586716e-21 0.00000000e+00 1.66919362e-03
 2.58735172e-10 5.48132113e-12 1.07201015e-06 1.06193136e-22
 1.00573137e-01 1.88635457e-12 9.62765171e-06 1.78227638e-04
 2.09339026e-14 3.71467501e-01 4.60166603e-01 2.56902546e-01
 3.55477198e-07 2.54068170e-02 1.87551863e-10 7.14943079e-13
 3.74535680e-01 1.14485758e-23 0.00000000e+00 1.30579820e-24
 1.41747855e-02 7.76106550e-27 7.71895793e-06 1.04043051e-04
 3.54645878e-01 1.58973390e-21 8.03418979e-02 8.93977121e-04
 5.54534363e-10 6.62262281e-08 8.06285072e-07 1.72142107e-02
 2.42703139e-23 1.61218215e-02 4.38933115e-04 8.75950036e-07
 3.50330859e-01 8.79925998e-22 6.76829903e-13 6.08951396e-08
 3.45140841e-04 1.31870210e-02 6.83206413e-03 1.10325836e-20
 1.16122729e-25 3.79045457e-01 6.00400200e-39 6.12531602e-02
 5.95800439e-03 3.39572579e-02 0.00000000e+00 3.48507464e-02
 3.48117203e-01 3.01375031e-01 8.00099447e-17 3.90454943e-19
 5.06697725e-05 2.29903555e-10 0.00000000e+00 1.82566517e-10
 1.05259020e-23 4.18895934e-06 2.72510886e-01 2.38998473e-01
 2.70953888e-06 1.19941826e-04 0.00000000e+00 1.91802357e-07
 9.50665586e-03 1.76490771e-18 2.98621190e-15 8.90373718e-03],Attack accuracy: 0.5040000081062317
2022-04-09 18:07:16,030 - attack - INFO - Epoch 12 over,Attack loss: [0.00000000e+00 1.14228122e-01 0.00000000e+00 1.39178425e-01
 1.55793399e-01 1.13850236e-01 1.00000000e+00 0.00000000e+00
 1.16091698e-01 4.64392215e-04 9.99906659e-01 1.54181138e-01
 1.17615104e-01 7.78186404e-09 2.60038108e-01 1.99706510e-01
 7.40942284e-02 1.74619809e-01 3.63797881e-12 2.57037252e-01
 0.00000000e+00 4.11760420e-01 5.84867895e-02 1.01771958e-01
 0.00000000e+00 9.87870872e-01 1.44588500e-01 3.42652529e-05
 1.05788990e-06 1.00000000e+00 3.65679920e-01 1.27213210e-01
 4.83011320e-09 1.97871941e-10 0.00000000e+00 0.00000000e+00
 8.46554041e-02 4.25434791e-07 2.74567924e-10 2.68214226e-01
 7.39927491e-05 0.00000000e+00 0.00000000e+00 0.00000000e+00
 0.00000000e+00 2.02459915e-07 1.33876339e-01 1.37276027e-06
 1.50055968e-07 1.17300838e-01 4.52739187e-03 1.42108547e-14
 0.00000000e+00 0.00000000e+00 1.00000000e+00 0.00000000e+00
 0.00000000e+00 5.74220158e-02 1.50726393e-01 3.29476148e-01
 8.86208788e-02 1.81394171e-06 2.07513437e-01 8.36485401e-02
 1.03612788e-01 5.90621680e-02 4.48841320e-09 0.00000000e+00
 1.77885592e-03 3.63797881e-12 1.15430869e-01 6.20512702e-02
 1.30911365e-01 2.61839932e-06 1.66777804e-01 3.16600613e-02
 2.32830644e-10 1.24717116e-01 9.38612743e-10 1.40187293e-01
 7.26190163e-04 4.63249762e-06 1.04642019e-01 1.07560351e-01
 6.87805368e-12 2.32111793e-02 2.16516644e-01 7.18417857e-03
 9.06234782e-05 1.02068043e-09 1.14001043e-01 0.00000000e+00
 0.00000000e+00 0.00000000e+00 2.04636308e-12 0.00000000e+00
 1.78880975e-01 5.11590770e-13 5.68434189e-14 0.00000000e+00
 3.19382888e-12 2.70107456e-08 8.49765674e-11 2.80452698e-01
 8.08396453e-06 1.00000000e+00 4.65588063e-01 4.07032311e-01
 3.48537885e-16 9.65494642e-42 3.53498198e-02 1.11024313e-01
 4.32725877e-01 6.59219346e-09 1.01981986e-12 7.94611988e-05
 5.39864701e-25 4.16564617e-05 1.57225688e-42 4.47257787e-01
 3.84206831e-01 4.12151784e-01 3.14681083e-02 1.06009116e-27
 1.36907622e-02 5.53504768e-33 0.00000000e+00 1.43450154e-06
 4.04133312e-02 2.79632515e-11 9.15709063e-02 2.02357531e-01
 2.82721650e-02 1.05789096e-17 1.37438550e-14 5.33576303e-06
 8.29700848e-21 4.61502522e-01 4.70814288e-01 2.26461678e-04
 5.10912605e-06 1.62085146e-01 8.10873522e-21 6.75928466e-19
 3.73549819e-01 7.23443627e-01 0.00000000e+00 4.14820519e-23
 4.17518553e-09 4.36841476e-29 5.63501530e-08 6.32031470e-06
 4.16397750e-01 9.78694636e-09 4.64286581e-02 7.46317730e-11
 4.67831586e-15 2.99171998e-09 2.11550807e-12 3.98878474e-03
 1.59278781e-20 1.18986974e-02 9.72416547e-06 7.52691540e-06
 3.85439575e-01 5.02051251e-17 2.43966743e-21 1.90001306e-10
 1.81231087e-07 5.41782239e-03 2.59920396e-03 4.00435329e-16
 1.10999452e-37 4.36940253e-01 1.11701696e-12 2.57089049e-01
 1.74107946e-08 2.97356350e-03 0.00000000e+00 6.30395720e-03
 3.47980142e-01 3.57062548e-01 1.15263090e-24 2.39862372e-26
 2.68627405e-01 5.88985145e-01 0.00000000e+00 6.36462657e-14
 4.36075558e-29 3.98842587e-07 3.67080569e-01 1.81518629e-01
 7.14347982e-12 2.35431628e-07 0.00000000e+00 3.73294620e-06
 8.34640407e-04 1.59706079e-33 2.47637072e-18 5.86799979e-05],Attack accuracy: 0.5090000033378601
2022-04-09 18:12:56,877 - attack - INFO - Epoch 13 over,Attack loss: [0.00000000e+00 2.30676249e-01 0.00000000e+00 1.08693674e-01
 2.33897582e-01 1.25251845e-01 1.00000000e+00 0.00000000e+00
 1.08936697e-01 1.46977982e-07 1.00000000e+00 3.50381732e-01
 8.46998766e-02 0.00000000e+00 2.83178389e-02 5.57097316e-01
 8.24282020e-02 7.42501080e-01 0.00000000e+00 1.28275603e-01
 0.00000000e+00 5.43069184e-01 0.00000000e+00 9.43199247e-02
 0.00000000e+00 9.96261895e-01 5.95870093e-02 1.13491808e-07
 5.11590770e-13 9.99995589e-01 5.67382395e-01 9.11039710e-02
 5.68434189e-14 0.00000000e+00 0.00000000e+00 0.00000000e+00
 9.76892188e-02 5.68434189e-14 1.67478811e-06 1.14042304e-01
 1.07939059e-07 0.00000000e+00 0.00000000e+00 0.00000000e+00
 2.27373675e-13 0.00000000e+00 1.47937864e-01 5.70439261e-05
 0.00000000e+00 6.74653575e-02 1.43190618e-06 0.00000000e+00
 0.00000000e+00 0.00000000e+00 9.99996424e-01 0.00000000e+00
 0.00000000e+00 3.73885632e-02 1.50789484e-01 4.44461226e-01
 8.16895335e-04 1.42108547e-14 2.43791163e-01 2.30952069e-01
 7.48710409e-02 5.49074188e-02 0.00000000e+00 0.00000000e+00
 3.44949171e-06 0.00000000e+00 1.89057693e-01 5.87919727e-02
 6.79668903e-01 0.00000000e+00 2.72877187e-01 1.22937439e-02
 0.00000000e+00 5.68441860e-02 0.00000000e+00 2.81565338e-01
 6.43909079e-05 7.97546119e-04 8.18075314e-02 4.59411472e-01
 0.00000000e+00 3.41343996e-03 1.43374428e-01 3.13782402e-06
 4.33010428e-09 5.11590770e-13 2.90431678e-01 0.00000000e+00
 0.00000000e+00 0.00000000e+00 0.00000000e+00 0.00000000e+00
 2.43623257e-01 0.00000000e+00 0.00000000e+00 0.00000000e+00
 3.16743503e-08 8.98836472e-09 5.12745338e-15 5.14165967e-11
 2.11837669e-05 9.99999762e-01 5.51220417e-01 4.77829453e-04
 9.44497446e-39 2.97478175e-09 2.83554220e-03 1.73291955e-02
 4.55398858e-01 4.30285096e-09 5.55385451e-24 1.32452329e-28
 0.00000000e+00 9.92177725e-01 0.00000000e+00 4.98989642e-01
 1.51856869e-01 3.31799924e-01 4.89005707e-02 1.75162308e-43
 7.04006851e-03 0.00000000e+00 0.00000000e+00 8.39783638e-07
 0.00000000e+00 7.15600166e-08 1.59938432e-17 2.37350884e-28
 2.79174149e-02 4.83380031e-17 3.23235440e-07 3.30221350e-03
 1.20469207e-34 4.07669127e-01 2.18460932e-01 6.21832186e-08
 2.04557660e-12 2.69572280e-04 1.97149468e-28 4.06646987e-29
 2.15700716e-01 8.68805048e-44 0.00000000e+00 5.06925500e-26
 0.00000000e+00 1.12834857e-36 1.81405210e-06 7.53782706e-06
 4.75767493e-01 2.89731742e-38 1.79252165e-04 9.43481545e-17
 9.01937237e-23 4.23673069e-10 8.20490261e-31 1.90771874e-02
 1.37062715e-32 5.02831442e-03 3.13445412e-07 4.40832224e-07
 4.87507105e-01 2.92653978e-01 1.40618685e-22 6.48724616e-11
 1.88551951e-07 8.53635895e-04 5.98851219e-03 4.13894420e-30
 4.91373714e-40 4.68203455e-01 9.26279392e-30 7.22533325e-03
 6.68297848e-11 1.17933771e-04 0.00000000e+00 1.08571665e-03
 4.47658658e-01 3.99844408e-01 1.52601403e-42 2.18543745e-27
 8.70977484e-14 1.10067009e-33 0.00000000e+00 9.81773526e-24
 7.05398438e-33 2.79000254e-08 6.67650551e-02 2.74079363e-03
 8.48513722e-08 2.82129349e-06 0.00000000e+00 5.38974916e-07
 2.13586274e-04 1.36946328e-15 4.53699048e-38 4.48840510e-05],Attack accuracy: 0.5040000081062317
2022-04-09 18:18:43,251 - attack - INFO - Epoch 14 over,Attack loss: [0.00000000e+00 1.54607911e-02 0.00000000e+00 7.72080272e-02
 4.51056138e-02 8.89215022e-02 1.00000000e+00 0.00000000e+00
 1.09030148e-02 3.11251824e-09 2.11932749e-01 1.31175518e-01
 2.34389566e-02 0.00000000e+00 1.73132285e-03 1.67622253e-01
 2.70145573e-02 1.62387997e-01 0.00000000e+00 6.49670139e-02
 0.00000000e+00 6.11784719e-02 0.00000000e+00 9.06111114e-03
 0.00000000e+00 9.67366040e-01 1.79319847e-02 0.00000000e+00
 0.00000000e+00 1.46576762e-01 1.14552083e-03 2.11877730e-02
 0.00000000e+00 0.00000000e+00 0.00000000e+00 0.00000000e+00
 7.75455311e-02 0.00000000e+00 0.00000000e+00 6.03207573e-02
 9.09494702e-13 0.00000000e+00 0.00000000e+00 0.00000000e+00
 0.00000000e+00 0.00000000e+00 3.28443162e-02 0.00000000e+00
 0.00000000e+00 1.36482306e-02 1.31158288e-07 0.00000000e+00
 0.00000000e+00 0.00000000e+00 1.00000000e+00 0.00000000e+00
 0.00000000e+00 6.77390432e-04 7.74005949e-02 8.84734541e-02
 1.17718312e-03 0.00000000e+00 9.90640447e-02 1.53024327e-02
 3.63664441e-02 1.68711245e-02 0.00000000e+00 0.00000000e+00
 5.11590770e-13 0.00000000e+00 5.46135083e-02 2.28191018e-02
 9.27499682e-02 0.00000000e+00 6.94190413e-02 2.86844384e-04
 0.00000000e+00 4.68482795e-05 0.00000000e+00 6.58201128e-02
 1.42108547e-14 0.00000000e+00 3.36350687e-02 4.83898111e-02
 0.00000000e+00 6.99386990e-04 1.21196851e-01 1.11413101e-11
 5.68434189e-12 0.00000000e+00 8.46079662e-02 0.00000000e+00
 0.00000000e+00 0.00000000e+00 0.00000000e+00 0.00000000e+00
 9.22932401e-02 0.00000000e+00 0.00000000e+00 0.00000000e+00
 3.08276087e-01 1.53189353e-06 6.41910737e-16 1.03779770e-04
 2.40967347e-05 1.00000000e+00 6.20874286e-01 4.00613785e-01
 1.78696428e-27 1.35248069e-06 1.61186103e-02 6.15806133e-02
 5.15797317e-01 1.21679041e-03 5.10451457e-07 2.67794347e-17
 0.00000000e+00 7.01909363e-01 0.00000000e+00 5.13845503e-01
 4.07836050e-01 4.06188846e-01 1.00816354e-01 0.00000000e+00
 1.49909323e-02 0.00000000e+00 0.00000000e+00 1.18732790e-03
 4.30574820e-09 9.26084742e-02 3.08436332e-11 4.00177147e-24
 6.87817559e-02 3.73929616e-08 3.59373033e-01 1.64951166e-06
 2.79771179e-01 7.04453349e-01 2.52357900e-01 1.89013299e-05
 3.41801432e-09 6.92510651e-03 7.67234085e-35 4.03009122e-27
 4.25080538e-01 5.94991328e-42 0.00000000e+00 4.83913829e-37
 2.86883574e-06 9.09742643e-32 6.81329038e-06 1.36516965e-05
 5.34143865e-01 2.78819616e-29 4.02894476e-03 1.15258358e-10
 2.11778353e-03 8.05306710e-10 3.94382485e-29 2.03415811e-01
 6.11971521e-15 2.12855171e-02 1.16495968e-07 2.49527670e-06
 6.41667545e-01 1.68155816e-44 1.35621835e-20 1.57970015e-09
 1.76456055e-07 1.39988968e-02 1.74783558e-01 5.89899421e-02
 6.14286997e-23 5.13607800e-01 4.23491712e-29 2.61495620e-01
 2.78575119e-09 2.50616111e-02 1.35228976e-31 4.10267292e-03
 1.53591424e-01 4.66693908e-01 0.00000000e+00 3.17979901e-38
 7.31809890e-10 0.00000000e+00 0.00000000e+00 2.45443570e-28
 1.40129846e-45 3.76182470e-07 6.76125467e-01 2.76902341e-03
 1.65300351e-02 2.19449848e-05 0.00000000e+00 1.90576361e-06
 3.11856475e-02 0.00000000e+00 1.94924926e-26 9.05147754e-04],Attack accuracy: 0.5170000195503235
2022-04-09 18:24:20,618 - attack - INFO - Epoch 15 over,Attack loss: [0.00000000e+00 1.39167495e-02 0.00000000e+00 8.92203897e-02
 2.50409227e-02 8.78193676e-02 1.00000000e+00 0.00000000e+00
 5.02890954e-03 1.68839165e-10 0.00000000e+00 5.30460849e-02
 1.15333265e-02 0.00000000e+00 2.26776651e-03 9.71015617e-02
 6.94154063e-03 1.18753731e-01 0.00000000e+00 3.91593352e-02
 0.00000000e+00 1.33193377e-02 0.00000000e+00 4.69887257e-03
 0.00000000e+00 9.88512695e-01 5.06138196e-03 6.38692654e-10
 0.00000000e+00 5.94611108e-01 5.57271473e-04 1.99308936e-02
 0.00000000e+00 0.00000000e+00 0.00000000e+00 0.00000000e+00
 5.64816184e-02 0.00000000e+00 0.00000000e+00 7.66148642e-02
 1.28751765e-09 0.00000000e+00 0.00000000e+00 0.00000000e+00
 0.00000000e+00 0.00000000e+00 4.99128327e-02 8.49180992e-08
 0.00000000e+00 5.93147287e-03 5.82076609e-11 0.00000000e+00
 0.00000000e+00 0.00000000e+00 7.63644516e-01 0.00000000e+00
 0.00000000e+00 5.44245937e-04 1.19786344e-01 4.23065461e-02
 2.93609053e-02 0.00000000e+00 8.65808278e-02 8.90706200e-04
 8.59847479e-03 6.03022578e-04 0.00000000e+00 0.00000000e+00
 2.40163445e-12 0.00000000e+00 1.20987836e-02 2.10508965e-02
 6.88013583e-02 0.00000000e+00 6.52503818e-02 9.30049737e-06
 0.00000000e+00 1.25503000e-02 0.00000000e+00 4.27901000e-02
 1.42108547e-14 1.42108547e-12 1.59105323e-02 2.89266229e-01
 0.00000000e+00 4.01430516e-05 1.21603698e-01 9.78985781e-11
 3.55271368e-13 0.00000000e+00 3.20459157e-02 0.00000000e+00
 0.00000000e+00 0.00000000e+00 0.00000000e+00 0.00000000e+00
 1.11459596e-02 0.00000000e+00 1.85828209e-01 0.00000000e+00
 6.38309392e-14 2.26516006e-09 3.78764685e-23 1.03053418e-18
 8.33030390e-06 1.00000000e+00 6.51087582e-01 2.52760556e-11
 1.15405000e-20 1.88307876e-14 1.14920811e-04 7.83137605e-02
 5.04762053e-01 2.40387788e-12 7.06686966e-12 7.34488428e-01
 4.67129850e-40 0.00000000e+00 4.37205121e-43 5.19172490e-01
 4.24998075e-01 4.21816885e-01 1.09912187e-01 0.00000000e+00
 7.19041144e-03 1.73222911e-40 0.00000000e+00 7.58685076e-07
 5.40919889e-26 3.50694895e-01 1.22880289e-28 1.11692179e-05
 2.28158962e-02 2.98552862e-07 0.00000000e+00 4.60201800e-01
 0.00000000e+00 7.42267311e-01 3.83050246e-06 7.14296888e-08
 2.54355619e-13 8.81372392e-03 0.00000000e+00 5.48888608e-42
 3.02705425e-03 1.04016881e-03 0.00000000e+00 0.00000000e+00
 4.08613124e-26 7.52777535e-41 6.85525386e-11 1.26256837e-05
 6.41168714e-01 0.00000000e+00 3.39166731e-01 2.18061203e-07
 7.59990915e-17 6.56622380e-14 4.67149445e-34 6.25763610e-02
 0.00000000e+00 9.61860642e-03 1.02788895e-10 1.80795713e-13
 6.66362703e-01 0.00000000e+00 2.43484076e-14 2.67202354e-18
 8.16696086e-11 1.38358206e-01 8.98155198e-03 0.00000000e+00
 1.83876505e-27 5.14288783e-01 3.09724186e-07 9.45532975e-06
 4.49257143e-17 1.03785555e-04 1.40129846e-45 4.88928436e-07
 3.12158285e-04 5.71576059e-01 0.00000000e+00 5.32493416e-44
 1.91777991e-03 1.63698524e-01 0.00000000e+00 2.80259693e-45
 7.11085277e-34 3.06346202e-08 7.20963717e-01 7.56029258e-05
 8.59201359e-30 4.48587389e-09 0.00000000e+00 3.53349388e-01
 5.82539290e-02 0.00000000e+00 0.00000000e+00 1.45305786e-03],Attack accuracy: 0.5
2022-04-09 18:29:54,623 - attack - INFO - Epoch 16 over,Attack loss: [0.00000000e+00 1.93386842e-02 0.00000000e+00 1.08602278e-01
 3.24852496e-01 1.35564223e-01 1.00000000e+00 0.00000000e+00
 8.89210217e-03 1.54756208e-11 0.00000000e+00 5.26091754e-02
 1.23544745e-02 0.00000000e+00 4.85875004e-04 4.01319504e-01
 1.97144337e-02 7.94001698e-01 0.00000000e+00 4.30095047e-02
 0.00000000e+00 2.54099146e-02 0.00000000e+00 4.76352638e-03
 0.00000000e+00 9.99916315e-01 8.15114677e-02 1.42108547e-14
 0.00000000e+00 0.00000000e+00 2.88795191e-03 1.94376130e-02
 0.00000000e+00 0.00000000e+00 0.00000000e+00 0.00000000e+00
 1.60589650e-01 0.00000000e+00 0.00000000e+00 8.58621597e-02
 0.00000000e+00 0.00000000e+00 0.00000000e+00 0.00000000e+00
 0.00000000e+00 0.00000000e+00 1.45139368e-02 0.00000000e+00
 0.00000000e+00 2.86674127e-03 0.00000000e+00 0.00000000e+00
 0.00000000e+00 0.00000000e+00 0.00000000e+00 0.00000000e+00
 0.00000000e+00 3.51243398e-06 1.67996570e-01 8.86778831e-02
 3.08426400e-03 0.00000000e+00 1.03526585e-01 6.97899517e-03
 9.55732688e-02 1.18050666e-03 0.00000000e+00 0.00000000e+00
 2.91619529e-09 0.00000000e+00 1.80696119e-02 5.69486581e-02
 5.71572542e-01 0.00000000e+00 4.88490164e-02 1.15934481e-05
 0.00000000e+00 1.31032944e-01 0.00000000e+00 1.19897313e-01
 0.00000000e+00 0.00000000e+00 5.95653569e-03 4.07614410e-01
 0.00000000e+00 1.46101036e-06 1.21403448e-01 2.27373675e-11
 0.00000000e+00 0.00000000e+00 5.31641364e-01 0.00000000e+00
 0.00000000e+00 0.00000000e+00 0.00000000e+00 0.00000000e+00
 8.28418229e-03 0.00000000e+00 2.77352228e-04 0.00000000e+00
 1.74988736e-22 5.04793559e-12 9.28046686e-17 2.64134158e-22
 5.93734001e-07 2.24259533e-02 5.39164543e-01 8.41760472e-14
 7.01403815e-06 0.00000000e+00 5.53544695e-08 6.49973081e-05
 4.32956308e-01 4.05206903e-29 1.46407414e-20 0.00000000e+00
 0.00000000e+00 0.00000000e+00 1.00000000e+00 4.16142702e-01
 5.63353859e-02 2.04258016e-04 7.15070358e-03 0.00000000e+00
 2.53124884e-03 0.00000000e+00 0.00000000e+00 1.18001049e-08
 1.40129846e-45 0.00000000e+00 4.46630126e-27 0.00000000e+00
 9.85121261e-03 6.29825348e-13 0.00000000e+00 6.50761031e-19
 0.00000000e+00 6.61836445e-01 2.31638168e-07 1.93124694e-09
 2.72764120e-22 9.38542653e-05 0.00000000e+00 0.00000000e+00
 9.29255737e-04 1.69600560e-35 0.00000000e+00 0.00000000e+00
 9.47985277e-02 3.32451085e-34 1.01705574e-07 4.20342616e-07
 5.30819058e-01 0.00000000e+00 4.24608079e-05 1.71197499e-07
 1.58353087e-05 1.23720552e-17 2.05966234e-37 4.07169200e-03
 0.00000000e+00 1.54869631e-03 1.24690004e-12 2.36255429e-14
 6.34962678e-01 0.00000000e+00 3.41500199e-05 2.65793355e-18
 4.12982613e-16 1.17920536e-07 1.17390249e-04 0.00000000e+00
 2.99377606e-21 4.52215880e-01 0.00000000e+00 4.73549866e-09
 6.93360367e-20 6.78439207e-08 1.54790685e-01 1.62331604e-09
 3.49823290e-06 4.86393839e-01 0.00000000e+00 0.00000000e+00
 4.55167601e-08 0.00000000e+00 0.00000000e+00 0.00000000e+00
 0.00000000e+00 9.35906641e-09 2.26202216e-02 9.78448185e-08
 0.00000000e+00 2.80790946e-09 0.00000000e+00 2.12066667e-25
 1.53140047e-06 0.00000000e+00 1.89845701e-29 2.78350853e-06],Attack accuracy: 0.5024999976158142
2022-04-09 18:35:44,187 - attack - INFO - Epoch 17 over,Attack loss: [0.00000000e+00 5.21479622e-02 0.00000000e+00 1.14826769e-01
 2.81055784e-03 1.22988500e-01 1.00000000e+00 0.00000000e+00
 7.87678547e-03 0.00000000e+00 0.00000000e+00 4.39696252e-01
 1.43169509e-02 0.00000000e+00 3.18564387e-04 4.44357216e-01
 1.83899216e-02 7.73666263e-01 0.00000000e+00 2.47753203e-01
 0.00000000e+00 3.11623998e-02 0.00000000e+00 6.00032741e-03
 0.00000000e+00 9.97387588e-01 5.72823174e-03 0.00000000e+00
 0.00000000e+00 0.00000000e+00 8.48386344e-03 1.52260382e-02
 0.00000000e+00 0.00000000e+00 0.00000000e+00 0.00000000e+00
 2.29223356e-01 0.00000000e+00 0.00000000e+00 5.27959801e-02
 0.00000000e+00 0.00000000e+00 0.00000000e+00 0.00000000e+00
 0.00000000e+00 0.00000000e+00 3.52655239e-02 0.00000000e+00
 0.00000000e+00 1.06953550e-02 0.00000000e+00 0.00000000e+00
 0.00000000e+00 0.00000000e+00 0.00000000e+00 0.00000000e+00
 0.00000000e+00 2.72714283e-06 1.56837925e-01 6.75494522e-02
 4.03107196e-01 0.00000000e+00 8.33267570e-02 1.23966858e-02
 5.78389764e-02 6.30756002e-03 0.00000000e+00 0.00000000e+00
 3.63797881e-12 0.00000000e+00 6.37446940e-02 7.15263337e-02
 1.44393697e-01 0.00000000e+00 1.21872565e-02 9.32374178e-11
 0.00000000e+00 3.55271368e-11 0.00000000e+00 6.40046671e-02
 0.00000000e+00 0.00000000e+00 5.07296482e-03 3.01407948e-02
 0.00000000e+00 2.86045776e-07 1.16795033e-01 5.68434189e-14
 0.00000000e+00 0.00000000e+00 7.60223687e-01 0.00000000e+00
 0.00000000e+00 0.00000000e+00 0.00000000e+00 0.00000000e+00
 1.38871912e-02 0.00000000e+00 1.63249933e-05 0.00000000e+00
 6.75902112e-11 2.22145609e-12 6.97687507e-01 1.16700662e-22
 4.50714026e-07 0.00000000e+00 4.86915827e-01 2.00657345e-14
 1.31829427e-26 8.60760920e-03 1.59208935e-09 4.46873237e-05
 4.26093310e-01 7.72710888e-12 4.76562053e-01 0.00000000e+00
 0.00000000e+00 0.00000000e+00 1.00000000e+00 4.13422555e-01
 1.47088870e-01 8.36231629e-04 5.29412273e-03 6.42570125e-30
 1.35648355e-04 1.26725968e-33 0.00000000e+00 1.63588680e-08
 0.00000000e+00 0.00000000e+00 3.59333576e-27 0.00000000e+00
 2.46536538e-01 3.25247912e-10 0.00000000e+00 5.59771684e-14
 0.00000000e+00 6.24879301e-01 6.89227534e-07 4.21526182e-11
 5.56125057e-09 5.69997246e-06 0.00000000e+00 0.00000000e+00
 2.23275623e-04 6.78788976e-42 0.00000000e+00 0.00000000e+00
 0.00000000e+00 3.77110155e-20 9.93752122e-01 4.51031525e-07
 4.57403839e-01 8.53870285e-27 6.31092917e-06 9.86631334e-01
 1.44478008e-01 4.09385725e-09 6.82992872e-42 3.84629607e-01
 0.00000000e+00 1.60897255e-03 1.24996222e-10 1.16218179e-01
 7.19937027e-01 0.00000000e+00 9.88217653e-05 1.03302328e-15
 4.44459126e-14 8.34470626e-09 2.25341678e-01 0.00000000e+00
 0.00000000e+00 4.40820217e-01 0.00000000e+00 1.36681649e-06
 1.22654339e-12 8.76533591e-07 0.00000000e+00 2.41444131e-09
 5.41694249e-07 4.90379810e-01 0.00000000e+00 5.31022053e-41
 4.24715861e-12 0.00000000e+00 0.00000000e+00 0.00000000e+00
 0.00000000e+00 2.83975982e-10 6.06474221e-01 9.21657417e-08
 3.50745006e-42 1.08429188e-09 0.00000000e+00 3.11978198e-24
 3.69713280e-06 0.00000000e+00 4.53447104e-02 2.04304215e-05],Attack accuracy: 0.4925000071525574
2022-04-09 18:41:33,596 - attack - INFO - Epoch 18 over,Attack loss: [0.0000000e+00 2.7965518e-05 0.0000000e+00 9.7121581e-02 5.2614529e-03
 1.3200727e-01 1.0000000e+00 0.0000000e+00 1.1130297e-02 0.0000000e+00
 0.0000000e+00 2.7096402e-02 1.1295571e-02 0.0000000e+00 9.3349570e-04
 8.9488931e-02 4.7855526e-03 4.3671604e-02 0.0000000e+00 1.0676316e-02
 0.0000000e+00 6.0649267e-03 0.0000000e+00 8.4310006e-03 0.0000000e+00
 9.9567467e-01 7.8540444e-03 0.0000000e+00 0.0000000e+00 0.0000000e+00
 8.0536706e-03 1.0204181e-02 0.0000000e+00 0.0000000e+00 0.0000000e+00
 0.0000000e+00 1.1852827e-01 0.0000000e+00 0.0000000e+00 7.9699010e-02
 0.0000000e+00 0.0000000e+00 0.0000000e+00 0.0000000e+00 0.0000000e+00
 0.0000000e+00 1.0434469e-02 0.0000000e+00 0.0000000e+00 1.7807569e-03
 0.0000000e+00 0.0000000e+00 0.0000000e+00 0.0000000e+00 0.0000000e+00
 0.0000000e+00 0.0000000e+00 6.2834505e-07 1.6602451e-01 8.6779647e-02
 5.2705360e-09 0.0000000e+00 4.0187493e-02 2.1079690e-03 7.1723469e-02
 7.0606759e-03 0.0000000e+00 0.0000000e+00 3.1974423e-12 0.0000000e+00
 7.1556561e-02 8.4524035e-02 1.3281675e-01 0.0000000e+00 2.5573140e-02
 6.3006599e-05 0.0000000e+00 1.0359713e-11 0.0000000e+00 1.5505551e-01
 3.9632653e-10 0.0000000e+00 1.6292064e-04 4.9592026e-02 0.0000000e+00
 1.1224821e-06 1.1788402e-01 5.6843419e-14 0.0000000e+00 0.0000000e+00
 6.0702093e-02 0.0000000e+00 0.0000000e+00 0.0000000e+00 0.0000000e+00
 0.0000000e+00 7.4712085e-03 0.0000000e+00 1.0000000e+00 0.0000000e+00
 5.0139934e-29 1.4077837e-09 0.0000000e+00 6.7988513e-34 5.0615326e-06
 5.9923782e-39 4.8961219e-01 1.9188526e-19 1.4012985e-45 0.0000000e+00
 3.4469781e-07 4.2562697e-02 4.3383268e-01 4.6255979e-28 0.0000000e+00
 0.0000000e+00 0.0000000e+00 0.0000000e+00 1.8450776e-02 4.0817779e-01
 9.6179195e-02 2.5772460e-02 3.7529059e-02 0.0000000e+00 7.3653791e-04
 0.0000000e+00 0.0000000e+00 3.3662179e-08 0.0000000e+00 0.0000000e+00
 9.5377857e-36 0.0000000e+00 3.6148629e-01 1.4315728e-35 0.0000000e+00
 1.9049905e-04 0.0000000e+00 7.9667860e-01 8.0620785e-06 1.4477428e-12
 1.4973387e-17 7.9365789e-05 0.0000000e+00 0.0000000e+00 4.4480329e-03
 2.9523089e-39 0.0000000e+00 0.0000000e+00 0.0000000e+00 0.0000000e+00
 1.7509469e-12 2.7095606e-05 4.1862807e-01 0.0000000e+00 8.8845687e-03
 3.3491033e-43 0.0000000e+00 3.9600554e-09 2.6624671e-44 4.4076223e-02
 0.0000000e+00 8.9045288e-03 2.6203767e-14 8.1835830e-43 6.6832125e-01
 0.0000000e+00 0.0000000e+00 6.9180097e-22 3.4614549e-20 1.6416031e-08
 2.9803141e-05 0.0000000e+00 0.0000000e+00 5.5627120e-01 0.0000000e+00
 2.8630675e-06 2.5346651e-30 5.3764472e-07 0.0000000e+00 7.8187299e-15
 1.5930459e-07 4.0793350e-01 0.0000000e+00 0.0000000e+00 3.9097898e-22
 0.0000000e+00 0.0000000e+00 0.0000000e+00 0.0000000e+00 4.3084265e-09
 2.1553345e-02 1.9158581e-06 8.4077908e-45 3.2140082e-11 0.0000000e+00
 2.9153979e-32 2.2324168e-03 0.0000000e+00 0.0000000e+00 6.1134619e-05],Attack accuracy: 0.4909999966621399
2022-04-09 18:47:31,713 - attack - INFO - Epoch 19 over,Attack loss: [0.0000000e+00 1.2862720e-04 0.0000000e+00 1.0661914e-01 4.5796658e-04
 1.1761093e-01 1.0000000e+00 0.0000000e+00 3.3827112e-03 0.0000000e+00
 0.0000000e+00 2.5931293e-02 3.9121234e-03 0.0000000e+00 5.7287662e-06
 4.0488616e-02 1.3360409e-03 4.8006755e-01 0.0000000e+00 8.5886726e-03
 0.0000000e+00 1.1196488e-03 0.0000000e+00 9.5585652e-04 0.0000000e+00
 9.0703130e-01 2.7179375e-04 0.0000000e+00 0.0000000e+00 0.0000000e+00
 3.6029478e-03 2.1828834e-03 0.0000000e+00 0.0000000e+00 0.0000000e+00
 0.0000000e+00 7.5198561e-02 0.0000000e+00 0.0000000e+00 3.1536883e-03
 0.0000000e+00 0.0000000e+00 0.0000000e+00 0.0000000e+00 0.0000000e+00
 0.0000000e+00 5.3440424e-04 0.0000000e+00 0.0000000e+00 3.8127748e-03
 0.0000000e+00 0.0000000e+00 0.0000000e+00 0.0000000e+00 0.0000000e+00
 0.0000000e+00 0.0000000e+00 1.3014997e-08 1.6567007e-01 2.3400318e-02
 1.2789769e-11 0.0000000e+00 1.8445769e-02 2.2589249e-05 4.6303887e-02
 1.2791702e-04 0.0000000e+00 0.0000000e+00 1.4210855e-14 0.0000000e+00
 4.8909318e-02 7.4641056e-02 1.1823406e-01 0.0000000e+00 4.2885351e-03
 1.3178706e-08 0.0000000e+00 5.6843419e-14 0.0000000e+00 9.0784810e-02
 2.3428811e-08 0.0000000e+00 1.3170359e-04 1.3281200e-02 0.0000000e+00
 3.0142118e-07 9.9183321e-02 0.0000000e+00 0.0000000e+00 0.0000000e+00
 9.2403620e-02 0.0000000e+00 0.0000000e+00 0.0000000e+00 0.0000000e+00
 0.0000000e+00 7.7177752e-03 0.0000000e+00 0.0000000e+00 0.0000000e+00
 7.8026560e-34 1.2613135e-09 0.0000000e+00 2.3967821e-36 3.9012425e-06
 0.0000000e+00 5.5394477e-01 1.9633923e-25 0.0000000e+00 0.0000000e+00
 1.1320297e-03 6.3810323e-04 4.5207351e-01 2.5857846e-27 1.2334214e-32
 0.0000000e+00 0.0000000e+00 0.0000000e+00 0.0000000e+00 3.9140233e-01
 3.7202135e-01 1.0005807e-02 2.0111218e-02 0.0000000e+00 1.5476277e-03
 0.0000000e+00 0.0000000e+00 1.0026096e-09 0.0000000e+00 2.8025969e-45
 9.9825472e-01 0.0000000e+00 2.9855588e-02 1.9249390e-33 0.0000000e+00
 6.1757633e-16 0.0000000e+00 6.4940798e-01 1.2154015e-06 5.5951084e-16
 2.2534455e-18 3.1752944e-02 0.0000000e+00 0.0000000e+00 6.0576401e-03
 0.0000000e+00 0.0000000e+00 0.0000000e+00 0.0000000e+00 2.7461728e-37
 1.4650924e-07 3.7863222e-06 4.0474302e-01 0.0000000e+00 1.5169901e-01
 2.8025969e-45 0.0000000e+00 4.0383860e-02 0.0000000e+00 1.1705155e-03
 0.0000000e+00 1.0647536e-02 1.4340953e-16 1.2574027e-25 6.6846120e-01
 0.0000000e+00 0.0000000e+00 1.3747155e-19 1.5783038e-18 3.9725231e-07
 7.9826824e-04 0.0000000e+00 0.0000000e+00 4.3971103e-01 0.0000000e+00
 2.2817623e-08 7.4086930e-32 2.5013321e-07 0.0000000e+00 1.6183865e-16
 3.3014338e-11 6.4301199e-01 0.0000000e+00 0.0000000e+00 3.2582065e-19
 0.0000000e+00 0.0000000e+00 0.0000000e+00 0.0000000e+00 1.4258066e-07
 6.1508019e-02 7.7435427e-04 4.7097641e-42 1.1316570e-17 0.0000000e+00
 3.4214115e-01 5.3720025e-04 0.0000000e+00 0.0000000e+00 4.3042492e-05],Attack accuracy: 0.5005000233650208
2022-04-09 18:53:22,685 - attack - INFO - Epoch 20 over,Attack loss: [0.00000000e+00 1.12905923e-06 0.00000000e+00 1.17374547e-01
 3.58211983e-05 1.37698546e-01 1.00000000e+00 0.00000000e+00
 2.09706416e-03 0.00000000e+00 0.00000000e+00 1.68946218e-02
 9.59645375e-04 0.00000000e+00 3.49369202e-06 3.89059447e-02
 3.95277515e-03 1.17377415e-02 0.00000000e+00 2.90342444e-03
 0.00000000e+00 2.10700580e-03 0.00000000e+00 4.01438185e-04
 0.00000000e+00 9.41132843e-01 7.79848851e-05 0.00000000e+00
 0.00000000e+00 0.00000000e+00 6.44121459e-03 5.49027370e-03
 2.41041575e-02 0.00000000e+00 0.00000000e+00 0.00000000e+00
 5.43625653e-02 0.00000000e+00 0.00000000e+00 1.67935767e-04
 2.26794850e-06 0.00000000e+00 0.00000000e+00 0.00000000e+00
 0.00000000e+00 0.00000000e+00 4.92870482e-03 0.00000000e+00
 0.00000000e+00 7.21981516e-04 0.00000000e+00 0.00000000e+00
 0.00000000e+00 0.00000000e+00 0.00000000e+00 0.00000000e+00
 0.00000000e+00 2.32830644e-10 1.51595920e-01 1.52027467e-02
 2.40163445e-12 0.00000000e+00 1.48574067e-02 2.16291437e-06
 7.05193132e-02 1.73178923e-05 0.00000000e+00 0.00000000e+00
 6.35382946e-08 0.00000000e+00 3.24636884e-03 8.67400095e-02
 7.51180723e-02 0.00000000e+00 3.59025784e-03 2.11736051e-09
 0.00000000e+00 2.78532752e-10 0.00000000e+00 4.75185923e-02
 1.27897692e-13 0.00000000e+00 6.95674998e-06 3.30349147e-01
 0.00000000e+00 1.72544503e-07 1.69860423e-01 0.00000000e+00
 0.00000000e+00 0.00000000e+00 3.65269303e-01 0.00000000e+00
 0.00000000e+00 0.00000000e+00 0.00000000e+00 0.00000000e+00
 1.18804211e-02 0.00000000e+00 0.00000000e+00 0.00000000e+00
 1.33208039e-25 5.19117582e-10 0.00000000e+00 0.00000000e+00
 6.53506094e-09 4.20389539e-45 5.57161629e-01 1.33167435e-32
 0.00000000e+00 0.00000000e+00 3.88889942e-09 1.63400808e-04
 4.07672554e-01 4.41409016e-43 0.00000000e+00 0.00000000e+00
 0.00000000e+00 0.00000000e+00 0.00000000e+00 4.19714004e-01
 4.18570310e-01 6.47179477e-05 1.00338319e-02 0.00000000e+00
 4.74457769e-03 0.00000000e+00 0.00000000e+00 1.96109812e-11
 0.00000000e+00 0.00000000e+00 1.08558423e-24 0.00000000e+00
 7.46143330e-03 1.48677407e-33 0.00000000e+00 2.57628098e-29
 0.00000000e+00 7.23400235e-01 3.02366914e-08 1.14729784e-22
 3.51416320e-01 1.00713260e-04 0.00000000e+00 0.00000000e+00
 1.08240522e-03 0.00000000e+00 0.00000000e+00 0.00000000e+00
 0.00000000e+00 3.01623365e-20 7.55947943e-11 3.12160381e-07
 3.88257146e-01 0.00000000e+00 2.40040114e-04 0.00000000e+00
 0.00000000e+00 0.00000000e+00 0.00000000e+00 1.44009886e-03
 0.00000000e+00 3.96636140e-04 5.48674696e-22 1.35725546e-32
 6.58636630e-01 0.00000000e+00 0.00000000e+00 7.11457229e-33
 1.70247760e-24 2.35574199e-10 1.53168365e-02 0.00000000e+00
 0.00000000e+00 4.28848118e-01 0.00000000e+00 5.57428326e-10
 2.80259693e-45 9.64169340e-06 0.00000000e+00 9.85636268e-21
 5.64323292e-15 5.53846240e-01 0.00000000e+00 0.00000000e+00
 2.90559237e-41 0.00000000e+00 0.00000000e+00 0.00000000e+00
 0.00000000e+00 8.24998292e-09 1.52417369e-05 1.16356612e-04
 0.00000000e+00 5.08902256e-24 0.00000000e+00 2.80259693e-44
 6.46669418e-04 0.00000000e+00 0.00000000e+00 5.47528225e-06],Attack accuracy: 0.4984999895095825
2022-04-09 18:59:08,409 - attack - INFO - Epoch 21 over,Attack loss: [0.00000000e+00 3.25715007e-07 0.00000000e+00 1.07838973e-01
 3.57111916e-03 1.59557879e-01 1.00000000e+00 0.00000000e+00
 1.27849085e-02 1.42108547e-14 0.00000000e+00 8.93246084e-02
 1.25095742e-02 0.00000000e+00 1.30056156e-04 1.60765365e-01
 1.40346494e-02 6.49459884e-02 0.00000000e+00 1.45674543e-02
 0.00000000e+00 1.06967217e-03 0.00000000e+00 6.43724692e-04
 0.00000000e+00 9.89934623e-01 9.85886669e-04 0.00000000e+00
 0.00000000e+00 0.00000000e+00 1.37060601e-03 5.54955041e-04
 0.00000000e+00 0.00000000e+00 0.00000000e+00 0.00000000e+00
 1.00983575e-01 0.00000000e+00 0.00000000e+00 1.73650515e-05
 1.94532390e-10 0.00000000e+00 0.00000000e+00 0.00000000e+00
 0.00000000e+00 0.00000000e+00 4.87755606e-04 0.00000000e+00
 0.00000000e+00 3.50015890e-03 0.00000000e+00 0.00000000e+00
 0.00000000e+00 0.00000000e+00 0.00000000e+00 0.00000000e+00
 0.00000000e+00 1.43705847e-09 1.59197181e-01 6.89837486e-02
 9.09494702e-13 0.00000000e+00 7.19103217e-02 1.02058311e-06
 2.65948642e-02 1.78644597e-03 0.00000000e+00 0.00000000e+00
 1.76006448e-04 0.00000000e+00 8.18716809e-02 1.34497732e-01
 1.58106133e-01 4.60431693e-12 9.53524292e-01 3.92209113e-05
 0.00000000e+00 3.20810933e-08 0.00000000e+00 4.92925709e-03
 5.68434189e-12 0.00000000e+00 1.96791836e-04 9.87538020e-04
 0.00000000e+00 5.07761058e-07 6.72668442e-02 1.71951342e-12
 0.00000000e+00 0.00000000e+00 8.81894529e-02 0.00000000e+00
 0.00000000e+00 0.00000000e+00 0.00000000e+00 0.00000000e+00
 6.33872747e-02 0.00000000e+00 0.00000000e+00 0.00000000e+00
 0.00000000e+00 1.21923071e-11 0.00000000e+00 0.00000000e+00
 2.14780140e-08 2.00802803e-01 3.98366958e-01 9.72896371e-32
 0.00000000e+00 0.00000000e+00 2.95949897e-12 1.70276471e-04
 3.64225209e-01 0.00000000e+00 0.00000000e+00 0.00000000e+00
 0.00000000e+00 0.00000000e+00 0.00000000e+00 3.88771266e-01
 4.79858279e-01 5.06600772e-04 1.74262188e-02 0.00000000e+00
 3.87349399e-03 0.00000000e+00 0.00000000e+00 1.81664135e-12
 0.00000000e+00 0.00000000e+00 6.84200410e-37 1.36118719e-30
 3.41271222e-01 1.44078901e-33 0.00000000e+00 1.25316881e-34
 0.00000000e+00 7.34853327e-01 4.26743121e-08 8.19615070e-22
 0.00000000e+00 1.21914335e-02 0.00000000e+00 0.00000000e+00
 8.97307321e-03 0.00000000e+00 0.00000000e+00 0.00000000e+00
 0.00000000e+00 0.00000000e+00 2.35044325e-07 1.28884267e-06
 3.66288811e-01 0.00000000e+00 8.54859687e-03 0.00000000e+00
 0.00000000e+00 0.00000000e+00 0.00000000e+00 4.63889353e-03
 0.00000000e+00 3.48967849e-03 4.83288965e-20 1.00655129e-39
 6.25338137e-01 0.00000000e+00 0.00000000e+00 1.24382430e-27
 6.78127856e-22 5.82335336e-09 4.54561599e-03 0.00000000e+00
 0.00000000e+00 3.77131820e-01 0.00000000e+00 1.09329467e-05
 0.00000000e+00 1.58296672e-07 0.00000000e+00 9.65211155e-24
 3.74107745e-16 3.61811608e-01 0.00000000e+00 0.00000000e+00
 2.80259693e-45 0.00000000e+00 0.00000000e+00 0.00000000e+00
 0.00000000e+00 1.16467874e-07 3.11609782e-09 3.14031022e-05
 0.00000000e+00 4.89092623e-18 0.00000000e+00 0.00000000e+00
 3.67308421e-05 0.00000000e+00 0.00000000e+00 2.18538912e-06],Attack accuracy: 0.5005000233650208
2022-04-09 19:04:54,380 - attack - INFO - Epoch 22 over,Attack loss: [0.0000000e+00 3.9159431e-10 0.0000000e+00 4.4165980e-02 2.6169042e-05
 5.4903787e-02 1.0000000e+00 0.0000000e+00 9.3328446e-04 0.0000000e+00
 0.0000000e+00 1.3619487e-02 1.6113754e-05 0.0000000e+00 3.3593128e-08
 1.5137035e-01 1.0424401e-02 8.0944281e-03 0.0000000e+00 8.9324469e-04
 0.0000000e+00 3.0195250e-04 0.0000000e+00 6.6010898e-07 0.0000000e+00
 3.4994878e-06 2.0845761e-09 0.0000000e+00 0.0000000e+00 0.0000000e+00
 6.0674606e-06 3.1340369e-05 0.0000000e+00 0.0000000e+00 0.0000000e+00
 0.0000000e+00 4.0841728e-02 0.0000000e+00 0.0000000e+00 1.5436253e-05
 1.8130064e-03 0.0000000e+00 0.0000000e+00 0.0000000e+00 0.0000000e+00
 0.0000000e+00 2.3629955e-06 0.0000000e+00 0.0000000e+00 1.9494168e-03
 0.0000000e+00 0.0000000e+00 0.0000000e+00 0.0000000e+00 0.0000000e+00
 0.0000000e+00 0.0000000e+00 5.6843419e-14 1.8722236e-01 5.8679789e-02
 0.0000000e+00 0.0000000e+00 1.7254431e-02 1.6883916e-08 4.8024949e-02
 1.2004546e-06 0.0000000e+00 0.0000000e+00 0.0000000e+00 0.0000000e+00
 3.4773341e-04 1.4009835e-01 3.7316289e-02 0.0000000e+00 3.9395054e-05
 0.0000000e+00 0.0000000e+00 2.2737368e-13 0.0000000e+00 3.9280541e-04
 3.9159431e-10 0.0000000e+00 1.3675972e-08 5.8434648e-06 0.0000000e+00
 4.4565240e-11 2.8056197e-02 0.0000000e+00 0.0000000e+00 0.0000000e+00
 1.1126210e-02 0.0000000e+00 0.0000000e+00 0.0000000e+00 0.0000000e+00
 0.0000000e+00 2.4812886e-02 0.0000000e+00 0.0000000e+00 0.0000000e+00
 0.0000000e+00 4.9975557e-07 0.0000000e+00 1.3084484e-40 3.1590866e-07
 0.0000000e+00 5.7153922e-01 7.1063839e-25 0.0000000e+00 0.0000000e+00
 4.4388360e-09 2.9533358e-02 6.3179809e-01 1.4293166e-38 0.0000000e+00
 0.0000000e+00 0.0000000e+00 0.0000000e+00 0.0000000e+00 3.5898101e-01
 7.1704727e-01 6.7577195e-01 8.9421116e-02 0.0000000e+00 6.1899509e-02
 0.0000000e+00 0.0000000e+00 5.2488863e-04 0.0000000e+00 0.0000000e+00
 1.9022510e-26 2.0301643e-18 2.8544168e-03 1.8001721e-24 0.0000000e+00
 1.1041568e-17 0.0000000e+00 9.2749804e-01 9.0156885e-07 2.1413804e-17
 0.0000000e+00 4.1870436e-01 0.0000000e+00 0.0000000e+00 5.6806201e-01
 0.0000000e+00 0.0000000e+00 0.0000000e+00 0.0000000e+00 1.2914175e-16
 3.5898217e-03 1.8106119e-05 3.6592349e-01 0.0000000e+00 4.8333947e-03
 2.8025969e-45 0.0000000e+00 0.0000000e+00 0.0000000e+00 1.1592535e-01
 0.0000000e+00 2.2767843e-03 4.9270140e-17 1.9551839e-27 8.7462974e-01
 0.0000000e+00 0.0000000e+00 2.4897912e-19 2.2326298e-16 2.3241610e-08
 8.5081048e-03 0.0000000e+00 0.0000000e+00 3.7094021e-01 0.0000000e+00
 3.6981783e-05 5.1080184e-34 6.5522200e-01 0.0000000e+00 9.9658051e-15
 6.6581428e-11 3.5241449e-01 0.0000000e+00 0.0000000e+00 1.7464852e-38
 0.0000000e+00 0.0000000e+00 0.0000000e+00 0.0000000e+00 8.2057039e-07
 3.4458500e-03 3.8704325e-02 0.0000000e+00 5.2103358e-14 0.0000000e+00
 3.3832075e-34 4.1009570e-03 0.0000000e+00 0.0000000e+00 7.2123235e-06],Attack accuracy: 0.5145000219345093
2022-04-09 19:10:49,017 - attack - INFO - Epoch 23 over,Attack loss: [0.00000000e+00 3.08663459e-07 0.00000000e+00 8.59212056e-02
 1.47160847e-07 1.37838408e-01 1.00000000e+00 0.00000000e+00
 4.82352425e-06 0.00000000e+00 0.00000000e+00 2.24090973e-03
 3.03422974e-04 0.00000000e+00 1.81458404e-10 2.29937844e-02
 7.71941923e-05 9.11978167e-03 0.00000000e+00 1.10476030e-05
 0.00000000e+00 1.15058050e-04 0.00000000e+00 3.69334487e-07
 0.00000000e+00 4.24657600e-07 2.94164920e-06 0.00000000e+00
 0.00000000e+00 0.00000000e+00 3.47388927e-08 1.92409993e-06
 0.00000000e+00 0.00000000e+00 0.00000000e+00 0.00000000e+00
 2.32895222e-02 0.00000000e+00 0.00000000e+00 1.26102009e-08
 0.00000000e+00 0.00000000e+00 0.00000000e+00 0.00000000e+00
 0.00000000e+00 0.00000000e+00 7.40357962e-08 0.00000000e+00
 0.00000000e+00 1.41710880e-05 0.00000000e+00 0.00000000e+00
 0.00000000e+00 0.00000000e+00 0.00000000e+00 0.00000000e+00
 0.00000000e+00 1.74082970e-11 3.05100977e-01 2.20665219e-03
 0.00000000e+00 0.00000000e+00 1.03557226e-03 1.60140473e-06
 4.20636171e-03 1.22117996e-08 0.00000000e+00 0.00000000e+00
 2.86547674e-10 0.00000000e+00 2.52433441e-04 1.41748264e-01
 4.66279080e-03 0.00000000e+00 1.16645897e-05 1.15107923e-12
 0.00000000e+00 1.05103481e-10 0.00000000e+00 3.81050745e-06
 1.85393766e-01 0.00000000e+00 2.40163445e-08 3.87890964e-07
 0.00000000e+00 5.18426191e-10 2.62771305e-02 0.00000000e+00
 0.00000000e+00 0.00000000e+00 4.49100137e-03 0.00000000e+00
 0.00000000e+00 0.00000000e+00 0.00000000e+00 0.00000000e+00
 1.82647370e-02 0.00000000e+00 0.00000000e+00 0.00000000e+00
 0.00000000e+00 1.07572063e-07 0.00000000e+00 0.00000000e+00
 7.59744978e-08 0.00000000e+00 4.47348446e-01 8.92772375e-26
 0.00000000e+00 0.00000000e+00 4.23075047e-11 3.24761518e-03
 3.68856430e-01 1.44614002e-42 0.00000000e+00 0.00000000e+00
 0.00000000e+00 0.00000000e+00 0.00000000e+00 3.39975536e-01
 5.26819348e-01 7.01433420e-02 1.14734285e-01 0.00000000e+00
 3.38393543e-03 0.00000000e+00 0.00000000e+00 3.51186063e-05
 0.00000000e+00 0.00000000e+00 1.14159648e-29 0.00000000e+00
 4.35433090e-01 6.46387840e-31 0.00000000e+00 1.32154747e-11
 0.00000000e+00 9.61388648e-01 5.37496177e-04 2.59340173e-19
 0.00000000e+00 4.89159208e-03 0.00000000e+00 0.00000000e+00
 8.59102309e-02 0.00000000e+00 0.00000000e+00 0.00000000e+00
 0.00000000e+00 5.26837896e-25 3.40399202e-11 6.77346804e-07
 3.38094264e-01 0.00000000e+00 2.04239832e-03 0.00000000e+00
 0.00000000e+00 0.00000000e+00 0.00000000e+00 1.17643453e-01
 0.00000000e+00 2.94059806e-04 1.55488306e-19 2.25292415e-38
 9.45843935e-01 0.00000000e+00 0.00000000e+00 1.04555885e-23
 3.00998551e-17 1.24453364e-10 2.90834866e-02 0.00000000e+00
 0.00000000e+00 3.49708229e-01 0.00000000e+00 9.96685624e-01
 2.09766135e-35 2.42597248e-10 0.00000000e+00 3.65148691e-17
 2.81166600e-19 5.01624048e-01 0.00000000e+00 0.00000000e+00
 3.15834342e-07 0.00000000e+00 0.00000000e+00 0.00000000e+00
 0.00000000e+00 1.42452237e-07 1.52206898e-01 4.94574308e-01
 0.00000000e+00 4.58079455e-17 0.00000000e+00 1.48322144e-34
 2.68533011e-04 0.00000000e+00 0.00000000e+00 4.25932649e-06],Attack accuracy: 0.5095000267028809
2022-04-09 19:16:44,445 - attack - INFO - Epoch 24 over,Attack loss: [0.0000000e+00 2.7512215e-11 0.0000000e+00 8.1340307e-03 3.4251801e-08
 9.2801787e-02 1.0000000e+00 0.0000000e+00 6.3778913e-08 0.0000000e+00
 0.0000000e+00 4.4268980e-03 5.7361292e-05 0.0000000e+00 4.8633098e-09
 9.8935507e-02 2.1807283e-04 5.8730654e-02 0.0000000e+00 7.9115239e-08
 0.0000000e+00 5.3621907e-06 0.0000000e+00 1.6150621e-05 0.0000000e+00
 9.7882599e-01 9.3350664e-08 0.0000000e+00 0.0000000e+00 0.0000000e+00
 6.2466512e-09 1.5376829e-05 0.0000000e+00 0.0000000e+00 0.0000000e+00
 0.0000000e+00 8.5670108e-06 0.0000000e+00 0.0000000e+00 1.1245005e-07
 0.0000000e+00 0.0000000e+00 0.0000000e+00 0.0000000e+00 0.0000000e+00
 0.0000000e+00 1.3940030e-07 0.0000000e+00 0.0000000e+00 2.7460151e-04
 0.0000000e+00 0.0000000e+00 0.0000000e+00 0.0000000e+00 0.0000000e+00
 0.0000000e+00 0.0000000e+00 5.6843419e-14 1.7057693e-02 7.1835923e-03
 0.0000000e+00 0.0000000e+00 1.7268777e-02 4.2457945e-08 4.9494063e-03
 8.1220151e-09 0.0000000e+00 0.0000000e+00 5.6843419e-14 0.0000000e+00
 5.5841742e-06 1.3651861e-01 4.9314451e-01 0.0000000e+00 1.2000008e-05
 0.0000000e+00 0.0000000e+00 0.0000000e+00 0.0000000e+00 2.3706982e-06
 0.0000000e+00 0.0000000e+00 1.0668941e-09 8.2850020e-06 0.0000000e+00
 2.2737368e-13 6.1620727e-02 0.0000000e+00 0.0000000e+00 0.0000000e+00
 3.7948207e-03 0.0000000e+00 0.0000000e+00 0.0000000e+00 0.0000000e+00
 0.0000000e+00 4.4871434e-03 0.0000000e+00 0.0000000e+00 0.0000000e+00
 0.0000000e+00 2.1291890e-13 0.0000000e+00 0.0000000e+00 3.9339691e-11
 0.0000000e+00 4.4406420e-01 4.8167109e-35 0.0000000e+00 0.0000000e+00
 2.8156239e-11 2.3832483e-06 6.3220739e-01 0.0000000e+00 0.0000000e+00
 0.0000000e+00 0.0000000e+00 0.0000000e+00 0.0000000e+00 3.8881221e-01
 6.4081120e-01 3.5331590e-04 4.3682540e-03 0.0000000e+00 3.6936821e-03
 0.0000000e+00 0.0000000e+00 1.0500792e-11 0.0000000e+00 0.0000000e+00
 1.4266694e-38 2.8796683e-42 7.1385293e-05 5.4977631e-31 0.0000000e+00
 1.1934916e-24 0.0000000e+00 9.4311547e-01 5.3070539e-06 5.8973380e-24
 0.0000000e+00 2.1180226e-03 0.0000000e+00 0.0000000e+00 2.4130942e-02
 3.3092333e-06 0.0000000e+00 0.0000000e+00 0.0000000e+00 3.0249550e-40
 3.0226119e-10 1.9350309e-06 3.6689100e-01 0.0000000e+00 3.4533945e-04
 0.0000000e+00 0.0000000e+00 0.0000000e+00 0.0000000e+00 2.0681222e-05
 0.0000000e+00 2.1104292e-04 9.9731140e-29 9.8595360e-42 9.6534729e-01
 0.0000000e+00 0.0000000e+00 8.0638518e-29 2.2287442e-28 7.7830355e-12
 2.1511740e-03 0.0000000e+00 0.0000000e+00 3.9164191e-01 0.0000000e+00
 2.9523199e-09 1.3415453e-32 2.3445399e-14 0.0000000e+00 1.4343394e-26
 1.4607285e-18 3.3068943e-01 0.0000000e+00 0.0000000e+00 0.0000000e+00
 4.3795507e-33 0.0000000e+00 0.0000000e+00 0.0000000e+00 2.3826106e-12
 3.0973261e-14 1.4930451e-07 0.0000000e+00 5.0253071e-23 0.0000000e+00
 4.0217266e-43 1.4216613e-04 0.0000000e+00 0.0000000e+00 2.6298461e-10],Attack accuracy: 0.5174999833106995
2022-04-09 19:22:26,481 - attack - INFO - Epoch 25 over,Attack loss: [0.00000000e+00 1.79092297e-09 0.00000000e+00 1.50507331e-01
 5.02761623e-07 1.98824555e-02 9.99958396e-01 0.00000000e+00
 1.88658305e-06 0.00000000e+00 0.00000000e+00 3.11251148e-03
 6.38458587e-05 0.00000000e+00 4.37729852e-09 5.67356646e-01
 4.54098964e-03 4.39545745e-03 0.00000000e+00 6.68074904e-07
 0.00000000e+00 3.74146039e-05 0.00000000e+00 1.32698426e-03
 0.00000000e+00 3.57014324e-05 6.97531277e-08 0.00000000e+00
 0.00000000e+00 0.00000000e+00 3.74569083e-07 5.45345014e-04
 0.00000000e+00 0.00000000e+00 0.00000000e+00 0.00000000e+00
 8.83934740e-03 0.00000000e+00 0.00000000e+00 7.37509481e-07
 0.00000000e+00 0.00000000e+00 0.00000000e+00 0.00000000e+00
 0.00000000e+00 0.00000000e+00 1.20198374e-05 0.00000000e+00
 0.00000000e+00 1.38851684e-02 0.00000000e+00 0.00000000e+00
 0.00000000e+00 0.00000000e+00 0.00000000e+00 0.00000000e+00
 0.00000000e+00 0.00000000e+00 1.25352535e-02 4.76671420e-02
 0.00000000e+00 0.00000000e+00 7.00383447e-03 7.19264654e-06
 3.49775068e-02 1.02984131e-07 0.00000000e+00 0.00000000e+00
 0.00000000e+00 0.00000000e+00 1.57333934e-03 1.51517034e-01
 3.27208102e-01 0.00000000e+00 1.56613503e-04 1.42108547e-12
 0.00000000e+00 0.00000000e+00 0.00000000e+00 8.72861801e-06
 0.00000000e+00 0.00000000e+00 7.34645766e-09 1.67150283e-05
 0.00000000e+00 2.62758704e-11 6.90135881e-02 0.00000000e+00
 0.00000000e+00 0.00000000e+00 2.19084974e-03 0.00000000e+00
 0.00000000e+00 0.00000000e+00 0.00000000e+00 0.00000000e+00
 2.70851199e-02 0.00000000e+00 0.00000000e+00 0.00000000e+00
 0.00000000e+00 1.65777288e-12 0.00000000e+00 0.00000000e+00
 8.26179070e-10 0.00000000e+00 4.07648116e-01 1.50699745e-28
 0.00000000e+00 0.00000000e+00 1.71722792e-12 2.07848061e-04
 5.71489573e-01 0.00000000e+00 0.00000000e+00 0.00000000e+00
 0.00000000e+00 0.00000000e+00 0.00000000e+00 3.37435007e-01
 5.21252692e-01 1.65570737e-03 6.72029797e-04 0.00000000e+00
 1.41008524e-03 0.00000000e+00 0.00000000e+00 3.60070480e-13
 0.00000000e+00 0.00000000e+00 0.00000000e+00 0.00000000e+00
 1.72007421e-05 1.17208898e-21 0.00000000e+00 2.84788247e-26
 0.00000000e+00 1.41894985e-02 5.33566810e-04 8.29793469e-19
 0.00000000e+00 2.74696723e-02 0.00000000e+00 0.00000000e+00
 5.23396861e-03 0.00000000e+00 0.00000000e+00 0.00000000e+00
 0.00000000e+00 9.44048062e-10 3.20821092e-10 3.36459891e-07
 3.31971079e-01 0.00000000e+00 1.18291406e-04 0.00000000e+00
 0.00000000e+00 0.00000000e+00 0.00000000e+00 2.81513676e-05
 0.00000000e+00 2.19489957e-04 1.43203784e-26 6.67438459e-42
 9.46994245e-01 0.00000000e+00 0.00000000e+00 4.07099717e-24
 1.08195843e-24 2.78428808e-10 6.93600487e-06 0.00000000e+00
 0.00000000e+00 4.99583572e-01 0.00000000e+00 1.27237989e-02
 0.00000000e+00 2.15119094e-15 0.00000000e+00 1.99300192e-26
 5.57080035e-19 1.43467158e-01 0.00000000e+00 0.00000000e+00
 7.00649232e-45 0.00000000e+00 0.00000000e+00 0.00000000e+00
 0.00000000e+00 1.13387156e-11 1.46974544e-10 8.02432187e-04
 0.00000000e+00 1.67197573e-18 0.00000000e+00 0.00000000e+00
 1.70223066e-05 0.00000000e+00 0.00000000e+00 5.20765253e-09],Attack accuracy: 0.5009999871253967
2022-04-09 19:28:11,817 - attack - INFO - Epoch 26 over,Attack loss: [0.00000000e+00 1.46692400e-08 0.00000000e+00 4.05193418e-01
 4.36153869e-09 3.93683873e-02 1.00000000e+00 0.00000000e+00
 2.46504419e-06 0.00000000e+00 0.00000000e+00 5.82100272e-01
 2.63236434e-04 0.00000000e+00 3.57684691e-08 1.60138365e-02
 1.29990965e-01 7.94750676e-02 0.00000000e+00 4.81835559e-05
 0.00000000e+00 3.07824404e-04 0.00000000e+00 1.09480713e-02
 0.00000000e+00 1.88031714e-04 4.83011320e-09 0.00000000e+00
 0.00000000e+00 0.00000000e+00 1.20256246e-07 1.92651496e-04
 0.00000000e+00 0.00000000e+00 0.00000000e+00 0.00000000e+00
 1.07513748e-04 0.00000000e+00 0.00000000e+00 4.08787400e-06
 0.00000000e+00 0.00000000e+00 0.00000000e+00 0.00000000e+00
 0.00000000e+00 0.00000000e+00 3.24773168e-06 0.00000000e+00
 0.00000000e+00 1.65003515e-03 0.00000000e+00 0.00000000e+00
 0.00000000e+00 0.00000000e+00 0.00000000e+00 0.00000000e+00
 0.00000000e+00 0.00000000e+00 1.01980045e-01 5.04832109e-03
 0.00000000e+00 0.00000000e+00 1.33155882e-01 5.78052641e-06
 1.76406968e-02 1.20280674e-10 0.00000000e+00 0.00000000e+00
 1.35686662e-07 0.00000000e+00 1.81611314e-01 1.53242186e-01
 1.62071586e-01 0.00000000e+00 4.71817730e-05 0.00000000e+00
 0.00000000e+00 0.00000000e+00 0.00000000e+00 1.66026352e-03
 0.00000000e+00 0.00000000e+00 1.09985251e-07 1.59507510e-06
 0.00000000e+00 0.00000000e+00 4.89884257e-01 0.00000000e+00
 0.00000000e+00 0.00000000e+00 1.49428528e-02 0.00000000e+00
 0.00000000e+00 0.00000000e+00 0.00000000e+00 0.00000000e+00
 8.42967272e-01 0.00000000e+00 0.00000000e+00 0.00000000e+00
 0.00000000e+00 2.75171948e-13 0.00000000e+00 0.00000000e+00
 1.21655706e-11 0.00000000e+00 5.21072388e-01 2.40371973e-31
 0.00000000e+00 0.00000000e+00 5.66155869e-16 3.56573963e-07
 3.30540061e-01 0.00000000e+00 0.00000000e+00 0.00000000e+00
 0.00000000e+00 0.00000000e+00 0.00000000e+00 2.00843453e-01
 5.09813011e-01 3.03430129e-02 4.68774495e-04 0.00000000e+00
 2.46648618e-04 0.00000000e+00 0.00000000e+00 1.66617208e-14
 0.00000000e+00 0.00000000e+00 0.00000000e+00 0.00000000e+00
 3.70000562e-05 0.00000000e+00 0.00000000e+00 7.09057023e-43
 0.00000000e+00 2.80739530e-03 2.09484342e-03 3.74721424e-07
 0.00000000e+00 9.76041134e-04 0.00000000e+00 0.00000000e+00
 3.24222399e-03 0.00000000e+00 0.00000000e+00 0.00000000e+00
 0.00000000e+00 2.15249002e-01 2.08172967e-32 2.78166645e-08
 2.75976688e-01 0.00000000e+00 3.97155372e-06 0.00000000e+00
 0.00000000e+00 0.00000000e+00 0.00000000e+00 6.63662195e-06
 0.00000000e+00 5.65622722e-05 7.69277877e-25 0.00000000e+00
 9.57238436e-01 0.00000000e+00 0.00000000e+00 3.95583609e-35
 1.90877469e-30 4.45871985e-11 9.78875440e-04 0.00000000e+00
 0.00000000e+00 2.70541757e-01 0.00000000e+00 1.81494997e-05
 3.83439121e-20 2.09284434e-12 0.00000000e+00 2.10202263e-24
 4.04734263e-21 4.42029648e-02 0.00000000e+00 0.00000000e+00
 0.00000000e+00 0.00000000e+00 0.00000000e+00 0.00000000e+00
 0.00000000e+00 1.48142761e-12 3.25613217e-11 7.93726867e-05
 0.00000000e+00 2.49472792e-17 0.00000000e+00 0.00000000e+00
 3.04917223e-04 0.00000000e+00 0.00000000e+00 4.47535231e-10],Attack accuracy: 0.48899999260902405
2022-04-09 19:33:57,751 - attack - INFO - Epoch 27 over,Attack loss: [0.0000000e+00 2.2929712e-06 0.0000000e+00 2.6011538e-02 7.0036776e-10
 6.9247389e-01 1.0000000e+00 0.0000000e+00 2.9511910e-05 0.0000000e+00
 0.0000000e+00 1.7930323e-03 8.0854210e-05 0.0000000e+00 8.2298044e-09
 6.7836273e-01 3.3984490e-02 5.6503605e-02 0.0000000e+00 1.8090088e-03
 0.0000000e+00 4.2037044e-02 0.0000000e+00 6.1006546e-02 0.0000000e+00
 6.2265884e-02 3.8689052e-10 0.0000000e+00 0.0000000e+00 0.0000000e+00
 1.1101555e-07 2.3112756e-04 0.0000000e+00 0.0000000e+00 0.0000000e+00
 0.0000000e+00 1.6430058e-04 0.0000000e+00 0.0000000e+00 9.9160306e-06
 0.0000000e+00 0.0000000e+00 0.0000000e+00 0.0000000e+00 0.0000000e+00
 0.0000000e+00 8.5464781e-03 0.0000000e+00 0.0000000e+00 3.3367911e-01
 0.0000000e+00 0.0000000e+00 0.0000000e+00 0.0000000e+00 0.0000000e+00
 0.0000000e+00 0.0000000e+00 0.0000000e+00 4.7412392e-01 7.0231155e-02
 0.0000000e+00 0.0000000e+00 6.1484224e-01 9.3006063e-04 4.8963988e-04
 6.2902859e-06 0.0000000e+00 0.0000000e+00 1.2033894e-09 0.0000000e+00
 8.8006448e-07 2.4820080e-01 3.3866969e-01 0.0000000e+00 6.8410188e-01
 3.5527137e-13 0.0000000e+00 0.0000000e+00 0.0000000e+00 2.6807718e-05
 0.0000000e+00 0.0000000e+00 4.0869099e-06 2.3684961e-06 0.0000000e+00
 5.6843419e-14 2.6587108e-02 0.0000000e+00 0.0000000e+00 0.0000000e+00
 7.2972548e-01 0.0000000e+00 0.0000000e+00 0.0000000e+00 0.0000000e+00
 0.0000000e+00 4.2390874e-01 0.0000000e+00 0.0000000e+00 0.0000000e+00
 0.0000000e+00 6.6118680e-15 0.0000000e+00 0.0000000e+00 9.0971738e-14
 0.0000000e+00 2.1920560e-01 8.0022081e-34 0.0000000e+00 0.0000000e+00
 1.8858198e-20 3.4500545e-08 4.9801868e-01 0.0000000e+00 0.0000000e+00
 0.0000000e+00 0.0000000e+00 0.0000000e+00 0.0000000e+00 8.6712398e-02
 5.4451877e-01 2.2238094e-04 4.2987417e-04 0.0000000e+00 2.5608050e-04
 0.0000000e+00 0.0000000e+00 4.8747664e-14 0.0000000e+00 0.0000000e+00
 0.0000000e+00 0.0000000e+00 1.0419252e-07 4.6800513e-36 0.0000000e+00
 9.0164818e-31 0.0000000e+00 5.8944770e-03 4.3460431e-09 9.0105571e-02
 0.0000000e+00 4.2462284e-03 0.0000000e+00 0.0000000e+00 2.9837692e-04
 0.0000000e+00 0.0000000e+00 0.0000000e+00 0.0000000e+00 0.0000000e+00
 1.2500124e-35 2.1630768e-09 1.5514456e-01 0.0000000e+00 6.5116922e-07
 0.0000000e+00 0.0000000e+00 0.0000000e+00 0.0000000e+00 1.4691682e-06
 0.0000000e+00 1.0922987e-05 3.6439645e-29 0.0000000e+00 8.9951313e-01
 0.0000000e+00 0.0000000e+00 1.4973785e-39 3.7730726e-35 5.9571727e-12
 2.1652292e-04 0.0000000e+00 0.0000000e+00 1.0644773e-01 0.0000000e+00
 2.5803372e-12 3.3678767e-31 5.0885073e-12 0.0000000e+00 2.9562834e-26
 1.1234077e-24 1.6174167e-03 0.0000000e+00 0.0000000e+00 2.4611572e-36
 0.0000000e+00 0.0000000e+00 0.0000000e+00 0.0000000e+00 5.1692662e-14
 6.4863048e-10 1.2017819e-08 0.0000000e+00 3.1056865e-25 0.0000000e+00
 0.0000000e+00 1.1234207e-08 0.0000000e+00 0.0000000e+00 6.1130767e-11],Attack accuracy: 0.4925000071525574
2022-04-09 19:39:45,587 - attack - INFO - Epoch 28 over,Attack loss: [0.00000000e+00 1.11731651e-07 0.00000000e+00 9.37805977e-03
 1.47849732e-10 1.89642832e-02 1.00000000e+00 0.00000000e+00
 5.55800671e-06 0.00000000e+00 0.00000000e+00 2.20935494e-01
 1.23174146e-08 0.00000000e+00 1.48260426e-07 7.18988106e-02
 2.58121621e-02 5.11312008e-01 0.00000000e+00 4.35996444e-05
 0.00000000e+00 3.58160556e-04 0.00000000e+00 1.75428482e-07
 0.00000000e+00 9.35109198e-01 2.75122147e-11 0.00000000e+00
 0.00000000e+00 0.00000000e+00 1.90562446e-08 1.21355131e-02
 0.00000000e+00 0.00000000e+00 0.00000000e+00 0.00000000e+00
 5.48116211e-03 0.00000000e+00 0.00000000e+00 4.66241654e-05
 0.00000000e+00 0.00000000e+00 0.00000000e+00 0.00000000e+00
 0.00000000e+00 0.00000000e+00 1.64817460e-02 0.00000000e+00
 0.00000000e+00 2.72191187e-07 0.00000000e+00 0.00000000e+00
 0.00000000e+00 0.00000000e+00 0.00000000e+00 0.00000000e+00
 0.00000000e+00 0.00000000e+00 3.54744613e-01 6.83176816e-01
 0.00000000e+00 0.00000000e+00 2.47676611e-01 4.60239855e-04
 2.75515579e-03 1.69490363e-06 0.00000000e+00 0.00000000e+00
 0.00000000e+00 0.00000000e+00 4.91498895e-07 1.55566454e-01
 5.35492273e-03 1.42108547e-14 5.11590770e-13 6.73189788e-08
 0.00000000e+00 0.00000000e+00 0.00000000e+00 1.89666636e-04
 0.00000000e+00 0.00000000e+00 2.71693864e-07 3.66805398e-06
 0.00000000e+00 2.27373675e-13 6.07768334e-02 0.00000000e+00
 0.00000000e+00 0.00000000e+00 2.95497417e-01 0.00000000e+00
 0.00000000e+00 0.00000000e+00 0.00000000e+00 0.00000000e+00
 6.01108046e-03 0.00000000e+00 0.00000000e+00 0.00000000e+00
 0.00000000e+00 3.64640446e-18 0.00000000e+00 0.00000000e+00
 1.90816736e-14 0.00000000e+00 2.00743109e-01 4.08898892e-42
 0.00000000e+00 3.69747616e-17 5.47764221e-12 9.50850332e-09
 6.60730958e-01 0.00000000e+00 0.00000000e+00 0.00000000e+00
 0.00000000e+00 0.00000000e+00 0.00000000e+00 6.82632178e-02
 1.71952963e-01 1.70820044e-06 1.22698708e-04 0.00000000e+00
 2.15398063e-06 0.00000000e+00 0.00000000e+00 1.01079955e-16
 0.00000000e+00 0.00000000e+00 0.00000000e+00 0.00000000e+00
 2.22870398e-07 1.55322880e-27 0.00000000e+00 3.39019753e-26
 0.00000000e+00 5.84437686e-04 4.14982354e-11 0.00000000e+00
 0.00000000e+00 1.64832454e-05 0.00000000e+00 0.00000000e+00
 1.32624031e-04 0.00000000e+00 0.00000000e+00 0.00000000e+00
 0.00000000e+00 0.00000000e+00 4.52212203e-27 6.95458339e-13
 2.07499892e-01 0.00000000e+00 3.88472671e-07 0.00000000e+00
 0.00000000e+00 0.00000000e+00 0.00000000e+00 8.73941701e-07
 0.00000000e+00 1.35947284e-05 1.90482844e-34 0.00000000e+00
 9.06804144e-01 0.00000000e+00 0.00000000e+00 0.00000000e+00
 3.96589045e-39 6.11296983e-13 2.10008375e-06 0.00000000e+00
 0.00000000e+00 2.74590343e-01 0.00000000e+00 4.27523363e-15
 0.00000000e+00 2.85031881e-17 0.00000000e+00 7.85853291e-37
 3.95880182e-24 8.90706549e-04 0.00000000e+00 0.00000000e+00
 1.41106284e-34 0.00000000e+00 0.00000000e+00 0.00000000e+00
 0.00000000e+00 3.57970311e-15 1.23702227e-16 2.50484788e-08
 0.00000000e+00 4.06376555e-44 0.00000000e+00 0.00000000e+00
 3.67331365e-09 0.00000000e+00 0.00000000e+00 3.22114405e-13],Attack accuracy: 0.48249998688697815
2022-04-09 19:45:30,471 - attack - INFO - Epoch 29 over,Attack loss: [0.00000000e+00 2.00091608e-06 0.00000000e+00 1.79479197e-02
 1.71951342e-12 5.10550998e-02 1.00000000e+00 0.00000000e+00
 1.93718529e-06 0.00000000e+00 0.00000000e+00 1.12573034e-04
 4.47245441e-09 0.00000000e+00 4.01087163e-10 1.17563345e-02
 1.33692985e-03 2.21197517e-03 0.00000000e+00 5.24469397e-06
 0.00000000e+00 2.70702457e-03 0.00000000e+00 2.00907380e-09
 0.00000000e+00 7.71824205e-08 1.03597131e-11 1.10604835e-03
 0.00000000e+00 0.00000000e+00 1.29522860e-07 3.42657417e-03
 0.00000000e+00 0.00000000e+00 0.00000000e+00 0.00000000e+00
 1.20170880e-04 0.00000000e+00 0.00000000e+00 1.87218538e-04
 0.00000000e+00 0.00000000e+00 0.00000000e+00 0.00000000e+00
 0.00000000e+00 0.00000000e+00 9.27063811e-05 0.00000000e+00
 0.00000000e+00 6.07215952e-06 0.00000000e+00 0.00000000e+00
 0.00000000e+00 0.00000000e+00 0.00000000e+00 0.00000000e+00
 0.00000000e+00 0.00000000e+00 1.42338006e-02 9.67408065e-03
 0.00000000e+00 0.00000000e+00 7.91672210e-04 2.69735744e-03
 5.26683056e-04 2.03270683e-05 0.00000000e+00 0.00000000e+00
 3.55271368e-13 0.00000000e+00 7.78129561e-10 1.66888535e-01
 3.87890816e-01 0.00000000e+00 1.27897692e-11 0.00000000e+00
 0.00000000e+00 0.00000000e+00 0.00000000e+00 9.87098992e-01
 0.00000000e+00 0.00000000e+00 1.24500730e-08 5.34729452e-06
 0.00000000e+00 7.51754214e-12 6.54336577e-03 0.00000000e+00
 0.00000000e+00 0.00000000e+00 3.13475244e-02 0.00000000e+00
 0.00000000e+00 0.00000000e+00 0.00000000e+00 0.00000000e+00
 5.01965046e-01 0.00000000e+00 0.00000000e+00 0.00000000e+00
 0.00000000e+00 3.19905683e-17 0.00000000e+00 0.00000000e+00
 6.05797639e-13 0.00000000e+00 2.43392020e-01 0.00000000e+00
 0.00000000e+00 0.00000000e+00 3.12720283e-18 6.76833167e-07
 4.31920260e-01 0.00000000e+00 0.00000000e+00 0.00000000e+00
 0.00000000e+00 0.00000000e+00 0.00000000e+00 6.51564624e-04
 1.76425144e-01 1.16823703e-05 2.98254221e-04 0.00000000e+00
 2.95173755e-04 0.00000000e+00 0.00000000e+00 2.34673046e-16
 0.00000000e+00 0.00000000e+00 1.96181785e-44 0.00000000e+00
 3.00687930e-06 0.00000000e+00 0.00000000e+00 1.00687386e-24
 0.00000000e+00 6.36170793e-04 1.06807493e-10 0.00000000e+00
 0.00000000e+00 9.05646593e-05 0.00000000e+00 0.00000000e+00
 6.71775124e-05 0.00000000e+00 0.00000000e+00 0.00000000e+00
 0.00000000e+00 0.00000000e+00 0.00000000e+00 7.21015747e-11
 1.23614401e-01 0.00000000e+00 3.97623054e-08 0.00000000e+00
 0.00000000e+00 0.00000000e+00 0.00000000e+00 9.74073942e-07
 0.00000000e+00 3.13866303e-06 1.59756355e-29 0.00000000e+00
 8.36537004e-01 0.00000000e+00 0.00000000e+00 7.50994411e-37
 4.48415509e-44 1.06617535e-13 9.28943791e-07 0.00000000e+00
 0.00000000e+00 5.60305780e-03 0.00000000e+00 4.62591222e-14
 0.00000000e+00 3.65030490e-16 0.00000000e+00 2.90412738e-35
 1.90951508e-12 5.27747849e-04 0.00000000e+00 0.00000000e+00
 0.00000000e+00 0.00000000e+00 0.00000000e+00 0.00000000e+00
 0.00000000e+00 1.83039246e-15 4.37620599e-12 3.71406683e-09
 0.00000000e+00 2.59633159e-34 0.00000000e+00 0.00000000e+00
 8.14661616e-05 0.00000000e+00 0.00000000e+00 4.70760204e-13],Attack accuracy: 0.4860000014305115
2022-04-09 19:45:30,593 - attack - INFO - Best attack accuracy 52.05%


