2022-04-09 10:59:45,337 - attack - INFO - `exploit_loss` set to: False
2022-04-09 10:59:45,338 - attack - INFO - `exploit_label` set to: True
2022-04-09 10:59:45,338 - attack - INFO - `layers_to_exploit` set to: [7]
2022-04-09 10:59:45,338 - attack - INFO - `gradients_to_exploit` set to: None
2022-04-09 10:59:45,338 - attack - INFO - Number of Epochs: 30
2022-04-09 10:59:45,338 - attack - INFO - Learning Rate: 0.001
2022-04-09 10:59:45,338 - attack - INFO - Optimizer: 0.001
2022-04-09 11:00:33,148 - attack - INFO - Epoch 0 over,Attack loss: [0.25012818 0.250129   0.2501283  ... 0.24987154 0.24987094 0.24987094],Attack accuracy: 0.5
2022-04-09 11:00:39,185 - attack - INFO - Epoch 1 over,Attack loss: [0.25006402 0.2500704  0.25006622 ... 0.24993473 0.24992806 0.24993038],Attack accuracy: 0.5
2022-04-09 11:00:45,524 - attack - INFO - Epoch 2 over,Attack loss: [0.24981436 0.25024873 0.24988152 ... 0.25012442 0.24969336 0.24981073],Attack accuracy: 0.4934999942779541
2022-04-09 11:00:51,666 - attack - INFO - Epoch 3 over,Attack loss: [0.24766569 0.25179085 0.24780649 ... 0.25165993 0.24778508 0.24842475],Attack accuracy: 0.5055000185966492
2022-04-09 11:00:57,835 - attack - INFO - Epoch 4 over,Attack loss: [0.22870393 0.26094332 0.22904834 ... 0.26386553 0.23702036 0.24063355],Attack accuracy: 0.5099999904632568
2022-04-09 11:01:04,032 - attack - INFO - Epoch 5 over,Attack loss: [0.21145256 0.28806096 0.20606242 ... 0.2724583  0.19252539 0.21713991],Attack accuracy: 0.503000020980835
2022-04-09 11:01:10,067 - attack - INFO - Epoch 6 over,Attack loss: [0.20106654 0.25213325 0.19826113 ... 0.2776681  0.18543768 0.20344453],Attack accuracy: 0.503000020980835
2022-04-09 11:01:16,135 - attack - INFO - Epoch 7 over,Attack loss: [0.19159411 0.24974525 0.19156994 ... 0.2945432  0.17262036 0.18933402],Attack accuracy: 0.5084999799728394
2022-04-09 11:01:22,328 - attack - INFO - Epoch 8 over,Attack loss: [0.19296066 0.22072984 0.20332164 ... 0.3103836  0.20142438 0.19708903],Attack accuracy: 0.5074999928474426
2022-04-09 11:01:28,376 - attack - INFO - Epoch 9 over,Attack loss: [0.25948697 0.24298973 0.31283936 ... 0.3072059  0.18444417 0.16933858],Attack accuracy: 0.5139999985694885
2022-04-09 11:01:34,376 - attack - INFO - Epoch 10 over,Attack loss: [0.23362859 0.19459756 0.29563826 ... 0.343039   0.13939874 0.1611254 ],Attack accuracy: 0.5254999995231628
2022-04-09 11:01:40,363 - attack - INFO - Epoch 11 over,Attack loss: [0.21122293 0.17391336 0.2845536  ... 0.3585321  0.13409711 0.16397604],Attack accuracy: 0.5210000276565552
2022-04-09 11:01:46,455 - attack - INFO - Epoch 12 over,Attack loss: [0.30933174 0.25567484 0.41616046 ... 0.341113   0.14128195 0.13927984],Attack accuracy: 0.5184999704360962
2022-04-09 11:01:52,430 - attack - INFO - Epoch 13 over,Attack loss: [0.26889983 0.17811684 0.35733294 ... 0.34177315 0.33283988 0.13856152],Attack accuracy: 0.5180000066757202
2022-04-09 11:01:58,402 - attack - INFO - Epoch 14 over,Attack loss: [0.30455902 0.18811138 0.452795   ... 0.33932346 0.40899763 0.11955112],Attack accuracy: 0.5210000276565552
2022-04-09 11:02:04,532 - attack - INFO - Epoch 15 over,Attack loss: [0.34343237 0.1700485  0.4815613  ... 0.33068278 0.23458631 0.13579097],Attack accuracy: 0.515999972820282
2022-04-09 11:02:10,641 - attack - INFO - Epoch 16 over,Attack loss: [0.20518292 0.17751588 0.31620806 ... 0.37143537 0.3571253  0.1761569 ],Attack accuracy: 0.5109999775886536
2022-04-09 11:02:16,611 - attack - INFO - Epoch 17 over,Attack loss: [0.15345988 0.16856408 0.32838017 ... 0.36610702 0.37263674 0.19146897],Attack accuracy: 0.5120000243186951
2022-04-09 11:02:22,732 - attack - INFO - Epoch 18 over,Attack loss: [0.19868068 0.15456615 0.34729716 ... 0.38024384 0.40088728 0.10875672],Attack accuracy: 0.5205000042915344
2022-04-09 11:02:28,820 - attack - INFO - Epoch 19 over,Attack loss: [0.26376966 0.14745738 0.42991439 ... 0.37384117 0.43256325 0.10448693],Attack accuracy: 0.5139999985694885
2022-04-09 11:02:34,942 - attack - INFO - Epoch 20 over,Attack loss: [0.2765397  0.15116236 0.37383446 ... 0.36725372 0.4590955  0.11757641],Attack accuracy: 0.5174999833106995
2022-04-09 11:02:40,978 - attack - INFO - Epoch 21 over,Attack loss: [0.27176628 0.1452189  0.34880838 ... 0.3662295  0.4510648  0.11780324],Attack accuracy: 0.5164999961853027
2022-04-09 11:02:46,931 - attack - INFO - Epoch 22 over,Attack loss: [0.41196766 0.14529791 0.5302106  ... 0.3668803  0.43710494 0.08429135],Attack accuracy: 0.5130000114440918
2022-04-09 11:02:53,067 - attack - INFO - Epoch 23 over,Attack loss: [0.19275786 0.15676698 0.34465873 ... 0.3707765  0.4371862  0.14399831],Attack accuracy: 0.5115000009536743
2022-04-09 11:02:59,115 - attack - INFO - Epoch 24 over,Attack loss: [0.29903927 0.16248688 0.53708005 ... 0.35316163 0.2875796  0.11297745],Attack accuracy: 0.5214999914169312
2022-04-09 11:03:05,071 - attack - INFO - Epoch 25 over,Attack loss: [0.12446882 0.15211454 0.16303746 ... 0.37090048 0.35710543 0.32168657],Attack accuracy: 0.5134999752044678
2022-04-09 11:03:11,076 - attack - INFO - Epoch 26 over,Attack loss: [0.18208937 0.17251034 0.46472985 ... 0.3590405  0.41207305 0.18107583],Attack accuracy: 0.5115000009536743
2022-04-09 11:03:17,076 - attack - INFO - Epoch 27 over,Attack loss: [0.15736897 0.14364173 0.3543826  ... 0.42651355 0.33175084 0.19335893],Attack accuracy: 0.5184999704360962
2022-04-09 11:03:23,060 - attack - INFO - Epoch 28 over,Attack loss: [0.19080293 0.15306813 0.44397482 ... 0.3867898  0.39935517 0.18373933],Attack accuracy: 0.5184999704360962
2022-04-09 11:03:29,141 - attack - INFO - Epoch 29 over,Attack loss: [0.26327458 0.1974785  0.37708262 ... 0.39073557 0.41464695 0.2093119 ],Attack accuracy: 0.5210000276565552
2022-04-09 11:03:29,145 - attack - INFO - Best attack accuracy 52.55%


