2022-04-08 02:57:35,446 - attack - INFO - `exploit_loss` set to: False
2022-04-08 02:57:35,447 - attack - INFO - `exploit_label` set to: True
2022-04-08 02:57:35,448 - attack - INFO - `layers_to_exploit` set to: [7]
2022-04-08 02:57:35,448 - attack - INFO - `gradients_to_exploit` set to: None
2022-04-08 02:57:35,448 - attack - INFO - Number of Epochs: 30
2022-04-08 02:57:35,448 - attack - INFO - Learning Rate: 0.001
2022-04-08 02:57:35,448 - attack - INFO - Optimizer: 0.001
2022-04-08 02:58:31,450 - attack - INFO - Epoch 0 over,Attack loss: [0.24999076 0.24998963 0.24999118 0.24999166 0.24999356 0.2499907
 0.24999201 0.24998975 0.2499885  0.2499901  0.24998981 0.24999076
 0.24999255 0.24999022 0.2499907  0.24999058 0.24999124 0.24999064
 0.24998862 0.24998993 0.24999303 0.24998868 0.2499929  0.24998909
 0.24999213 0.24999237 0.24999106 0.24999225 0.2499876  0.24998885
 0.24998999 0.24999261 0.24998999 0.24999213 0.24999106 0.24999064
 0.24998832 0.24999022 0.24998969 0.24998963 0.24999058 0.2499901
 0.24999058 0.24999064 0.24998975 0.24999344 0.24999052 0.24999112
 0.24999046 0.24999124 0.25000876 0.25000995 0.25000775 0.2500093
 0.25000954 0.25001192 0.25001234 0.25000978 0.2500093  0.25000757
 0.25000757 0.25000876 0.2500121  0.2500078  0.2500096  0.25000948
 0.25000983 0.2500102  0.25000888 0.25001013 0.25000983 0.2500102
 0.25000697 0.2500077  0.25000912 0.25000644 0.25001234 0.25001025
 0.25000948 0.25000823 0.25001067 0.25001198 0.25000942 0.25000912
 0.25001    0.25000936 0.25000942 0.25000727 0.25001    0.25000912
 0.25000948 0.25000888 0.25000876 0.25000966 0.25000995 0.2500099
 0.25000888 0.25000882 0.25000954 0.25000864],Attack accuracy: 0.5
2022-04-08 02:58:44,464 - attack - INFO - Epoch 1 over,Attack loss: [0.24976987 0.24976593 0.24968885 0.24960117 0.24935848 0.24974334
 0.24971987 0.24984124 0.24968223 0.24969223 0.24970374 0.24974614
 0.2495845  0.24951833 0.2497688  0.24961469 0.24968658 0.24952541
 0.24968289 0.24986507 0.24932311 0.2496409  0.24938412 0.24969742
 0.24973835 0.24960688 0.24973567 0.24967699 0.24980251 0.24972446
 0.24958907 0.24954179 0.249612   0.24971345 0.24957174 0.24984029
 0.24971761 0.24964173 0.24976176 0.24979763 0.24975151 0.24949344
 0.24963494 0.24976152 0.24975109 0.24934013 0.24945724 0.24964696
 0.24955477 0.24962088 0.25025254 0.25042737 0.25033534 0.25022012
 0.25038323 0.25025928 0.25028166 0.25048715 0.2502632  0.2503566
 0.2503627  0.2503265  0.25019422 0.25031987 0.25023848 0.2502803
 0.250364   0.2503828  0.25030723 0.2502538  0.2505273  0.25046876
 0.25070515 0.25035143 0.2503673  0.25062552 0.25018176 0.25031492
 0.25050977 0.2503283  0.25046727 0.25026828 0.25049073 0.2502545
 0.25021946 0.25024813 0.25017026 0.25034052 0.25035852 0.25033236
 0.25016806 0.2502791  0.2502961  0.25019923 0.25025094 0.25034386
 0.25026172 0.2503154  0.25024843 0.2502647 ],Attack accuracy: 0.5005000233650208
2022-04-08 02:58:57,485 - attack - INFO - Epoch 2 over,Attack loss: [0.24989684 0.24948707 0.24963625 0.2496279  0.2503747  0.24988408
 0.25026602 0.24994087 0.24893339 0.2500279  0.24971785 0.24993467
 0.25047588 0.24955697 0.2503203  0.24977659 0.24963202 0.24894564
 0.2487988  0.2504359  0.2503513  0.24882787 0.25039467 0.249823
 0.25009465 0.25054497 0.24965459 0.2500925  0.24945378 0.24905966
 0.248979   0.24998343 0.24958973 0.25011754 0.24958098 0.24994761
 0.24890335 0.24961951 0.24993664 0.24947302 0.24983701 0.24884376
 0.2491682  0.24966685 0.2495727  0.25037602 0.24948695 0.24984375
 0.24955459 0.24962403 0.25010008 0.2510825  0.24992824 0.25009978
 0.2510825  0.2508753  0.25109208 0.25112182 0.2501095  0.24993777
 0.24994719 0.24987684 0.25096306 0.24992216 0.25023443 0.25005686
 0.2510523  0.25041574 0.25036988 0.25002027 0.25023896 0.25106013
 0.24964015 0.24991798 0.25031593 0.24962291 0.2506658  0.25057527
 0.250423   0.25024897 0.25136107 0.25079647 0.25115228 0.25009644
 0.25006688 0.25009453 0.24952395 0.24943283 0.2503827  0.25021297
 0.24999285 0.2503568  0.25031146 0.2499392  0.2503391  0.2503855
 0.25026733 0.25039145 0.2500729  0.25025725],Attack accuracy: 0.4894999861717224
2022-04-08 02:59:10,636 - attack - INFO - Epoch 3 over,Attack loss: [0.24967198 0.25015065 0.24962237 0.2509977  0.2502374  0.24904777
 0.25137985 0.25094754 0.25118342 0.25175413 0.25028583 0.25099722
 0.25004196 0.25034368 0.25224054 0.25112587 0.2497521  0.25110975
 0.25071046 0.25184977 0.25015995 0.25110635 0.25071093 0.25197047
 0.2506586  0.25073385 0.2501043  0.25091487 0.2516168  0.25155345
 0.250022   0.24820715 0.25010502 0.2501129  0.25082484 0.25037625
 0.25086555 0.25027856 0.25189292 0.24995643 0.2509771  0.24909781
 0.2516551  0.25049365 0.25106704 0.25057605 0.24997222 0.250676
 0.2496475  0.25098613 0.24851145 0.25136328 0.2492458  0.24996412
 0.25174683 0.24881819 0.24946727 0.24971202 0.24861273 0.24913773
 0.2493512  0.2491787  0.24910453 0.24934028 0.24930291 0.24841587
 0.25041538 0.24999976 0.24957114 0.24842675 0.24865834 0.2506004
 0.2494625  0.2502012  0.24912812 0.25169063 0.2482316  0.24934915
 0.24918914 0.2495011  0.25099435 0.24850164 0.25081682 0.24915874
 0.24962978 0.24964464 0.24753018 0.24936308 0.24960078 0.24920806
 0.24916066 0.24945611 0.24940753 0.24879074 0.25101185 0.25049722
 0.25020435 0.25119656 0.24906184 0.24941261],Attack accuracy: 0.4945000112056732
2022-04-08 02:59:23,577 - attack - INFO - Epoch 4 over,Attack loss: [0.25018588 0.24231648 0.25011396 0.249951   0.25010133 0.2501018
 0.25008273 0.2501702  0.22621441 0.25021917 0.24998397 0.2502275
 0.2501894  0.2418448  0.25025505 0.25025624 0.2500931  0.24634983
 0.22496957 0.2503008  0.25020662 0.22691569 0.2501061  0.24415964
 0.25025827 0.25021273 0.25020137 0.25010073 0.2271042  0.23159175
 0.23174495 0.25021666 0.24390942 0.25004697 0.2502302  0.2502635
 0.22274636 0.24660058 0.24986698 0.24429108 0.25000107 0.22212723
 0.2358891  0.2501173  0.24944468 0.25018534 0.24754314 0.25021285
 0.24144796 0.25027403 0.24982652 0.26580754 0.24977757 0.24976224
 0.27227336 0.28099874 0.2509881  0.26628962 0.2501166  0.24979629
 0.2497784  0.25009102 0.28131017 0.24995905 0.24989264 0.24969754
 0.27106124 0.25913587 0.24973379 0.25013122 0.2575038  0.25020686
 0.24970487 0.25001472 0.249744   0.24988942 0.27937326 0.24988632
 0.2560275  0.25001675 0.27243817 0.27891204 0.28102937 0.24981794
 0.24987273 0.24995553 0.2498183  0.24978007 0.25116572 0.2500075
 0.24981776 0.24985926 0.24999988 0.24991572 0.2553652  0.25257507
 0.24976093 0.24973987 0.24993503 0.2497412 ],Attack accuracy: 0.48750001192092896
2022-04-08 02:59:36,683 - attack - INFO - Epoch 5 over,Attack loss: [0.25058913 0.24845031 0.25027043 0.25029126 0.2505865  0.25023913
 0.25068355 0.25031057 0.24728046 0.25081593 0.24981532 0.2508391
 0.25037822 0.24817039 0.25082955 0.2505317  0.25034308 0.24967627
 0.24703191 0.25045934 0.2503957  0.24701525 0.25085485 0.24871437
 0.25086161 0.25081927 0.25040525 0.2506045  0.24730329 0.2489078
 0.24960676 0.25068438 0.24826388 0.25037614 0.25061527 0.25075993
 0.24681936 0.24841471 0.24960539 0.24960819 0.2502918  0.2474135
 0.2496428  0.2502324  0.2495799  0.25042385 0.24837264 0.25076196
 0.24820448 0.25046942 0.24917355 0.2502906  0.24914347 0.24930537
 0.2502395  0.25349453 0.25074354 0.25032118 0.25026643 0.24917457
 0.24914579 0.24988197 0.2533528  0.24986778 0.24977304 0.24947724
 0.25027025 0.25183633 0.24970838 0.25008214 0.25179246 0.251222
 0.24962208 0.24966748 0.24941112 0.24922812 0.25318223 0.25018075
 0.25173146 0.24986897 0.25270158 0.2532423  0.25287873 0.2492896
 0.24972545 0.24980022 0.24925624 0.24916926 0.25120977 0.24998927
 0.24952944 0.24973057 0.24973772 0.2497283  0.25081027 0.25145456
 0.24950492 0.24932589 0.24978544 0.24931855],Attack accuracy: 0.4754999876022339
2022-04-08 02:59:49,827 - attack - INFO - Epoch 6 over,Attack loss: [0.25012615 0.2497598  0.25004113 0.25002182 0.250013   0.25004303
 0.25009322 0.25003797 0.24950244 0.25014654 0.24989207 0.2501488
 0.24992442 0.24944866 0.25014558 0.250085   0.250071   0.24989076
 0.24927247 0.24998325 0.24994165 0.2493577  0.2501543  0.24982378
 0.25015196 0.2501469  0.25007582 0.2501148  0.24948576 0.24996418
 0.24998945 0.25007188 0.24947551 0.25008166 0.25011122 0.2501445
 0.24919783 0.24955817 0.24987228 0.2500428  0.24991341 0.2494639
 0.25002557 0.2500292  0.25004888 0.24992442 0.24955596 0.25008643
 0.24947712 0.25004184 0.24984768 0.25008994 0.2498447  0.24986748
 0.25003475 0.25089857 0.25023848 0.25000328 0.25015715 0.24984959
 0.24984625 0.2500146  0.25083748 0.25000274 0.24998772 0.24988131
 0.25003153 0.25055194 0.25009346 0.25009722 0.25053495 0.250398
 0.25007558 0.2499187  0.24991314 0.24989359 0.2507779  0.25006646
 0.2505224  0.25000525 0.25058332 0.2508111  0.25071797 0.2498679
 0.24997294 0.24996507 0.2498701  0.24987881 0.25022864 0.25006485
 0.24990563 0.24995089 0.24996102 0.24995315 0.2500897  0.25038686
 0.24990515 0.24987154 0.24996245 0.24985735],Attack accuracy: 0.4805000126361847
2022-04-08 03:00:02,814 - attack - INFO - Epoch 7 over,Attack loss: [0.2502132  0.2480302  0.25074238 0.25082037 0.2491792  0.250563
 0.25071982 0.25078747 0.2477153  0.250137   0.2510414  0.25005853
 0.24883996 0.24719457 0.25024623 0.24980876 0.25043815 0.25101587
 0.24683186 0.249582   0.24912713 0.24696058 0.250113   0.249248
 0.24997437 0.24997038 0.25047565 0.25044933 0.24882247 0.25069594
 0.25034487 0.249042   0.24728912 0.25058687 0.24986596 0.25007522
 0.24668725 0.24756835 0.25124097 0.24958354 0.24890602 0.24718378
 0.25040022 0.250687   0.25033224 0.24894896 0.2476406  0.24943331
 0.24737899 0.2493624  0.24968727 0.24924274 0.24993753 0.24976027
 0.24952854 0.2538717  0.24882004 0.2497589  0.24872366 0.24991769
 0.24995863 0.24907844 0.25349975 0.2491886  0.2491317  0.25003016
 0.2496506  0.25284505 0.25126642 0.24887477 0.25254464 0.24853118
 0.25129884 0.24959953 0.25028434 0.25046405 0.2528246  0.24918042
 0.25259623 0.2490859  0.2532496  0.25305203 0.25323728 0.24967732
 0.24923229 0.24936272 0.2495916  0.25033587 0.25227407 0.24894099
 0.24948995 0.24942937 0.2492745  0.24915026 0.2518579  0.2522956
 0.24974722 0.2501361  0.24940217 0.25017294],Attack accuracy: 0.5149999856948853
2022-04-08 03:00:15,863 - attack - INFO - Epoch 8 over,Attack loss: [0.2513827  0.24919973 0.25271878 0.25444007 0.25471446 0.24932793
 0.2544777  0.25351787 0.24966948 0.2551553  0.25199834 0.25338164
 0.25214368 0.25456634 0.25635016 0.25503287 0.25252897 0.25430208
 0.24704127 0.25380847 0.25481915 0.24724205 0.25439814 0.25548834
 0.25239927 0.2524252  0.25119162 0.25412688 0.25427592 0.25180265
 0.2522264  0.25078663 0.25229058 0.25353757 0.25437176 0.24904183
 0.24689695 0.25224268 0.25581056 0.24719991 0.2539319  0.2481729
 0.25442183 0.25180498 0.25272518 0.25515395 0.2545974  0.2527974
 0.2537328  0.254153   0.24555397 0.24742219 0.24636607 0.24897332
 0.2524273  0.24923247 0.24577005 0.24628425 0.24517691 0.24590194
 0.24635758 0.24559341 0.26080978 0.24624215 0.24621639 0.24504642
 0.25154883 0.25017187 0.24687181 0.24483849 0.2438154  0.24516591
 0.24527976 0.2461924  0.24576414 0.2469463  0.24714701 0.24682328
 0.24420002 0.24586758 0.25645047 0.24651961 0.2524076  0.24670608
 0.24699539 0.2479492  0.24300542 0.24659434 0.24813826 0.24593857
 0.24785902 0.24789257 0.24596255 0.24640585 0.25832024 0.24922042
 0.24974005 0.25183925 0.24919015 0.24821444],Attack accuracy: 0.4909999966621399
2022-04-08 03:00:28,738 - attack - INFO - Epoch 9 over,Attack loss: [0.24355489 0.23599072 0.24837443 0.2494898  0.24612361 0.2366719
 0.25767496 0.2504668  0.24005012 0.25307745 0.24331897 0.24595107
 0.240159   0.24734052 0.25955662 0.25180903 0.24452439 0.24870974
 0.24134241 0.2462454  0.2456344  0.2317003  0.24865036 0.25209153
 0.24482052 0.24146155 0.24390547 0.24792804 0.25236365 0.23096381
 0.24607252 0.23886164 0.24385796 0.24641675 0.24874826 0.24183495
 0.24028884 0.24421684 0.2522255  0.23515466 0.24915332 0.23710455
 0.24888104 0.24624002 0.24432778 0.24722706 0.24836493 0.24224278
 0.24581334 0.24661544 0.2499159  0.24885951 0.25429434 0.25665215
 0.26100484 0.2525011  0.24906565 0.25323236 0.24463356 0.25334877
 0.2532217  0.25013074 0.27247152 0.2534785  0.246852   0.2460729
 0.25529218 0.259265   0.2548909  0.24383095 0.24500312 0.24659096
 0.25444263 0.2535233  0.2508311  0.26055342 0.25340378 0.25503296
 0.24772003 0.2490622  0.2719605  0.25152695 0.2646769  0.25350004
 0.25028804 0.25635704 0.23971058 0.25316298 0.2592503  0.24714541
 0.25395834 0.25687173 0.25125667 0.2532857  0.26964748 0.25778255
 0.2557099  0.2573007  0.26137507 0.25566256],Attack accuracy: 0.4950000047683716
2022-04-08 03:00:41,698 - attack - INFO - Epoch 10 over,Attack loss: [0.24214599 0.23716371 0.25224388 0.25651085 0.24993521 0.22897646
 0.27157643 0.25234184 0.22825679 0.25391105 0.23303732 0.24822408
 0.24194576 0.25271636 0.26988313 0.25355378 0.24349724 0.24467993
 0.23772304 0.24612397 0.25110838 0.23268774 0.2576072  0.25900874
 0.24683352 0.24196424 0.24113315 0.25292102 0.25198135 0.22546667
 0.24557291 0.23783994 0.24421944 0.25028297 0.25215384 0.24100831
 0.23852324 0.24401699 0.25788322 0.2301204  0.24950422 0.23816498
 0.25403216 0.2432934  0.24424076 0.2526779  0.2541443  0.24138246
 0.24954322 0.24836636 0.24499553 0.24249966 0.25162524 0.2563501
 0.27313966 0.25341398 0.24836594 0.2560212  0.24453571 0.25099358
 0.25160027 0.24749991 0.27721158 0.25572246 0.23949715 0.24499813
 0.26614058 0.25857157 0.25551888 0.23858273 0.23961213 0.2558164
 0.24996793 0.2518803  0.24994713 0.25879171 0.25623623 0.26673388
 0.2382185  0.24000874 0.27329063 0.25168923 0.25971267 0.24692772
 0.25003785 0.26507503 0.23338085 0.2532188  0.2574848  0.24163526
 0.25356007 0.26167157 0.24607548 0.2508352  0.27152    0.25634056
 0.25599176 0.25471517 0.27197057 0.25673968],Attack accuracy: 0.48350000381469727
2022-04-08 03:00:54,719 - attack - INFO - Epoch 11 over,Attack loss: [0.24671449 0.24112906 0.2559908  0.2692074  0.25565943 0.23541284
 0.27903312 0.25600955 0.21232988 0.25604954 0.24696176 0.25329357
 0.24559808 0.25529116 0.28462106 0.25493807 0.24857129 0.250804
 0.23009463 0.24661408 0.26161793 0.2173097  0.26121387 0.26971012
 0.25311726 0.24862218 0.24396089 0.26165578 0.2478415  0.20237449
 0.25228292 0.24353819 0.2467303  0.2562758  0.25738367 0.24157526
 0.21894506 0.24573427 0.26574925 0.2225388  0.24960284 0.24364185
 0.26355767 0.24759777 0.24773712 0.25824365 0.26244953 0.24696118
 0.2549004  0.25213277 0.240098   0.23551811 0.24330117 0.2522176
 0.2868991  0.27049676 0.24500409 0.24615443 0.24674377 0.24146067
 0.24486704 0.24147294 0.31494874 0.24761495 0.23129143 0.24503121
 0.26174995 0.25585687 0.25627285 0.22724696 0.23339275 0.24645193
 0.25085217 0.2464342  0.25073582 0.25007463 0.2695292  0.2561707
 0.22992513 0.23148617 0.29112494 0.25519562 0.2575056  0.24042729
 0.246263   0.25780913 0.22768901 0.24963777 0.25268552 0.23503986
 0.25180808 0.25433376 0.24142742 0.24630137 0.2729192  0.25179797
 0.25331822 0.25422844 0.27433318 0.2511198 ],Attack accuracy: 0.48899999260902405
2022-04-08 03:01:07,947 - attack - INFO - Epoch 12 over,Attack loss: [0.23073803 0.2282892  0.24342419 0.24759606 0.24174866 0.21745944
 0.2710443  0.25204232 0.22743252 0.23931827 0.23650624 0.23973857
 0.23093276 0.2477112  0.28253773 0.24191315 0.23283134 0.22913833
 0.23584707 0.23668581 0.24657276 0.2300219  0.25933743 0.2608515
 0.24033558 0.23064344 0.23227371 0.24605182 0.2505106  0.20989549
 0.24416989 0.22911276 0.23630522 0.2376555  0.2462835  0.23000257
 0.2347366  0.2345155  0.2490971  0.22612421 0.24031216 0.23201554
 0.25235537 0.23524763 0.23341186 0.24571565 0.25698635 0.23176578
 0.2451964  0.23792663 0.25373375 0.24359716 0.2582247  0.26609507
 0.2888121  0.25641492 0.24789985 0.2581476  0.2619253  0.2597043
 0.2614042  0.2599276  0.29480016 0.26175886 0.2377575  0.25597584
 0.2714815  0.26821738 0.26811403 0.22616577 0.23630969 0.26816106
 0.26652306 0.26609138 0.26231703 0.2682019  0.26082945 0.27023095
 0.22935422 0.24516469 0.2748902  0.25810906 0.2669217  0.2509286
 0.25674373 0.27353248 0.23771746 0.26245233 0.26459855 0.24594013
 0.26779863 0.2663435  0.25995976 0.2611718  0.2772915  0.26337844
 0.26715925 0.26297623 0.2882472  0.26564047],Attack accuracy: 0.5095000267028809
2022-04-08 03:01:20,905 - attack - INFO - Epoch 13 over,Attack loss: [0.24651979 0.22108513 0.25743473 0.2724506  0.25287688 0.20967901
 0.28264344 0.26397687 0.19460014 0.2497362  0.2438087  0.24937026
 0.24178407 0.26165712 0.29684436 0.25279763 0.24326418 0.2358245
 0.2182834  0.24252139 0.26080304 0.20159955 0.26567942 0.26955065
 0.26106676 0.24012682 0.23965394 0.2687468  0.2571261  0.1839662
 0.2605328  0.22433104 0.24677217 0.2556852  0.25738838 0.23963632
 0.20546895 0.24449699 0.26215056 0.21109907 0.2525558  0.23826417
 0.27046794 0.24355695 0.24362531 0.25962713 0.27103567 0.23807877
 0.25784677 0.24673717 0.23875819 0.23665006 0.23859091 0.2536822
 0.2973591  0.2771809  0.24377719 0.25031224 0.27305028 0.24466978
 0.2505501  0.24898766 0.32521045 0.24959786 0.22145651 0.25011945
 0.2793153  0.25815094 0.25657848 0.20660703 0.22379553 0.2628587
 0.2555751  0.25254112 0.253716   0.26024562 0.2963036  0.27689245
 0.2149468  0.22392751 0.30335808 0.26313734 0.26053894 0.2278611
 0.24443427 0.2755764  0.22888409 0.24967887 0.25474334 0.23668079
 0.2539933  0.25844702 0.24467556 0.24999201 0.29095188 0.25263822
 0.25550857 0.25641516 0.29522306 0.25135672],Attack accuracy: 0.492000013589859
2022-04-08 03:01:33,931 - attack - INFO - Epoch 14 over,Attack loss: [0.24980786 0.21921529 0.2638283  0.27681047 0.25267848 0.2010104
 0.29160756 0.2661822  0.17969243 0.24863032 0.24551815 0.25394553
 0.24145094 0.26530063 0.3107634  0.25317737 0.24437864 0.22636151
 0.24749374 0.24905914 0.26252472 0.19667299 0.2913931  0.28124377
 0.27113226 0.23934877 0.24313831 0.2760647  0.2699946  0.16677639
 0.26481113 0.21228725 0.24786015 0.25749132 0.2643598  0.24150823
 0.19447762 0.24636391 0.2617632  0.2045581  0.25333065 0.24289273
 0.28167364 0.24390301 0.24517372 0.25943208 0.2778302  0.23466522
 0.2630719  0.24698569 0.23865598 0.23045905 0.23215725 0.2503662
 0.3086981  0.25693536 0.23822732 0.24574955 0.29974473 0.23981282
 0.24861793 0.25040266 0.34074172 0.24440248 0.22006728 0.24989538
 0.28441516 0.2578768  0.25690714 0.18846305 0.21825571 0.27639073
 0.26299554 0.2572293  0.2572621  0.25908604 0.29970556 0.2847243
 0.20417777 0.22033809 0.31426686 0.25031343 0.2556731  0.21438235
 0.23945197 0.29210564 0.22559617 0.24464037 0.25008827 0.24471457
 0.25228783 0.25608453 0.24768583 0.24617948 0.2954898  0.24883725
 0.25760278 0.24769299 0.30840528 0.24729078],Attack accuracy: 0.5
2022-04-08 03:01:47,113 - attack - INFO - Epoch 15 over,Attack loss: [0.25146645 0.22406952 0.27180398 0.28115654 0.25456142 0.20018408
 0.30421335 0.27282917 0.19530022 0.24313185 0.25721103 0.25374216
 0.24451655 0.26616353 0.33722264 0.2489228  0.24344559 0.22930652
 0.24862123 0.24560422 0.26585034 0.23234801 0.30337942 0.27816913
 0.27612564 0.2339817  0.24314566 0.2827614  0.27573633 0.1839662
 0.28197876 0.20281135 0.25013164 0.25766957 0.26391765 0.24260387
 0.20725627 0.24461642 0.25685966 0.2044609  0.25167063 0.24382718
 0.2864657  0.24007915 0.24660112 0.26172042 0.28133193 0.23215458
 0.26272425 0.24543197 0.24292769 0.22214235 0.22674607 0.2484845
 0.31436643 0.24863838 0.22331922 0.24721423 0.30196217 0.2390383
 0.2531024  0.24864747 0.3320096  0.24958684 0.2135003  0.2536389
 0.29284593 0.25808853 0.2558416  0.17589821 0.21455999 0.25763467
 0.2603213  0.25928244 0.25707442 0.2558405  0.2671408  0.30196595
 0.20103829 0.21261238 0.29354241 0.23605315 0.25531435 0.20501548
 0.23453186 0.300225   0.23404646 0.24546392 0.24972056 0.23358981
 0.25209793 0.26364452 0.24942252 0.24197645 0.29875636 0.24881144
 0.25256094 0.23880544 0.31492826 0.2475382 ],Attack accuracy: 0.5005000233650208
2022-04-08 03:02:00,323 - attack - INFO - Epoch 16 over,Attack loss: [0.2482558  0.20250143 0.26690644 0.27274212 0.25138497 0.19734205
 0.29453835 0.26936904 0.19498694 0.2341576  0.27274624 0.25973934
 0.24098548 0.26570186 0.33251205 0.24677868 0.22779173 0.20814797
 0.24198751 0.24110559 0.26420084 0.21943508 0.30695808 0.29073396
 0.27435634 0.20454495 0.23680246 0.27708915 0.25864297 0.18180446
 0.28291443 0.20261453 0.24852203 0.25524953 0.26597655 0.24053082
 0.20164923 0.24253865 0.26335788 0.20307906 0.25406185 0.22184068
 0.28664732 0.22633457 0.23995417 0.25922605 0.2911195  0.2332819
 0.2660291  0.24164042 0.24817672 0.23040396 0.23189488 0.25153556
 0.31757087 0.24814959 0.20698282 0.25034738 0.30841768 0.24263358
 0.26022744 0.2515431  0.32110766 0.2508355  0.2187123  0.2494378
 0.30316076 0.261877   0.25817648 0.16659935 0.20214103 0.2628106
 0.2847649  0.27806088 0.2619393  0.2638141  0.30079132 0.3074732
 0.1822628  0.21882658 0.30809805 0.23301657 0.25895104 0.20986377
 0.22945765 0.29653347 0.23325446 0.2447178  0.24956344 0.22475354
 0.24800913 0.2615011  0.25287533 0.22826576 0.30100495 0.25018415
 0.258734   0.24595979 0.31644225 0.24754976],Attack accuracy: 0.49950000643730164
2022-04-08 03:02:13,539 - attack - INFO - Epoch 17 over,Attack loss: [0.26279035 0.2306435  0.2773385  0.29978105 0.25241274 0.19462948
 0.31193155 0.27454743 0.20732054 0.23489621 0.2867261  0.28177032
 0.24359626 0.26521724 0.34768647 0.25829384 0.24181338 0.22258481
 0.2866569  0.25201887 0.2753137  0.26467028 0.30761594 0.32881683
 0.29488024 0.23124921 0.24436957 0.3000323  0.27260357 0.1712113
 0.28337082 0.18904401 0.24936722 0.26884803 0.28001663 0.25035918
 0.24794057 0.25418228 0.28107798 0.23849308 0.26593444 0.23554334
 0.30766016 0.25033104 0.261643   0.26215196 0.2958905  0.25524646
 0.2690298  0.25017676 0.23005474 0.22482882 0.21137324 0.23846276
 0.3397045  0.22426972 0.1929247  0.23339064 0.31024593 0.22916877
 0.25472245 0.2548901  0.32283375 0.23594886 0.20614219 0.24009977
 0.30886477 0.2661352  0.24852681 0.15661341 0.20447306 0.2340674
 0.31394905 0.27310136 0.26801947 0.24534243 0.2392215  0.28034577
 0.18137798 0.19822443 0.29250085 0.23131107 0.259863   0.18981515
 0.22424383 0.30245307 0.22811848 0.22874632 0.23847702 0.21912058
 0.23637514 0.2502489  0.2416168  0.2202764  0.31358337 0.23972021
 0.24726506 0.23493001 0.3464169  0.23478295],Attack accuracy: 0.5034999847412109
2022-04-08 03:02:26,449 - attack - INFO - Epoch 18 over,Attack loss: [0.25777087 0.22201315 0.2756765  0.2852849  0.25486156 0.20350476
 0.3173591  0.2792809  0.18363206 0.21466361 0.28047323 0.26659033
 0.24548247 0.26930475 0.3235705  0.25289607 0.23114409 0.19986983
 0.26816323 0.2484386  0.27316752 0.26612502 0.29687023 0.29879403
 0.27996    0.23273282 0.23877914 0.27929997 0.28109828 0.16800746
 0.2709664  0.18628353 0.25246355 0.26338494 0.27166194 0.2457907
 0.18880655 0.25143263 0.2604191  0.21332617 0.26737335 0.23125798
 0.28799763 0.24577783 0.2521618  0.2646704  0.30005527 0.23843382
 0.27045596 0.24526848 0.23845775 0.22699009 0.22179736 0.25166997
 0.3449005  0.24857585 0.19977914 0.24349001 0.2721203  0.23667575
 0.26196054 0.24725343 0.33937803 0.24814053 0.21368638 0.24853395
 0.28919378 0.2616666  0.24778397 0.15632991 0.19574034 0.22265826
 0.3037678  0.29185963 0.2716267  0.24778478 0.283596   0.29989928
 0.17380974 0.20340347 0.31743956 0.23695502 0.25549495 0.20706654
 0.22093865 0.3079236  0.22671472 0.23542354 0.23992659 0.23162691
 0.24515109 0.27171648 0.24675511 0.22450215 0.3083522  0.24351013
 0.25471994 0.23516515 0.34187165 0.24559087],Attack accuracy: 0.49399998784065247
2022-04-08 03:02:39,568 - attack - INFO - Epoch 19 over,Attack loss: [0.2725951  0.23630035 0.28295475 0.31007656 0.26093748 0.20791163
 0.31758216 0.27207777 0.2353435  0.22730848 0.27433005 0.28602052
 0.25869808 0.27311856 0.36976916 0.26015252 0.25217324 0.23284721
 0.2834636  0.25452173 0.2856073  0.25740787 0.30341408 0.33008453
 0.29636088 0.23531666 0.2439315  0.30950236 0.26157346 0.15634605
 0.27233213 0.19319119 0.26178423 0.2793745  0.28151062 0.25684822
 0.24903254 0.26146448 0.28592452 0.21433946 0.2768343  0.21141867
 0.3155607  0.25480267 0.26335594 0.27216527 0.3029743  0.2615022
 0.27497536 0.2566408  0.2293315  0.2340266  0.20825635 0.23121561
 0.34079254 0.21285135 0.20472193 0.2317345  0.36195877 0.22355406
 0.24662507 0.26657623 0.3184181  0.2410009  0.20632964 0.2292717
 0.28569332 0.24978097 0.23858845 0.1700254  0.19155172 0.21909882
 0.28145403 0.25237617 0.24862182 0.2285143  0.24304421 0.31279236
 0.17308591 0.19000058 0.28961858 0.211859   0.24586473 0.1871624
 0.22812554 0.2889207  0.22005036 0.22284916 0.22785293 0.22471565
 0.22427003 0.27203953 0.23178603 0.22081879 0.2908331  0.23354326
 0.24267252 0.2310108  0.32080922 0.22638837],Attack accuracy: 0.5015000104904175
2022-04-08 03:02:52,726 - attack - INFO - Epoch 20 over,Attack loss: [0.27079526 0.2530194  0.27819937 0.3048603  0.28132004 0.1987428
 0.30541468 0.2949194  0.2333335  0.23324764 0.3136393  0.28910634
 0.25769547 0.2769466  0.36235318 0.27053997 0.25858846 0.18190289
 0.3032283  0.21048646 0.29658955 0.30093914 0.30025667 0.3225848
 0.29222253 0.25946492 0.253996   0.30200055 0.28100434 0.21063782
 0.2677536  0.24868894 0.26623517 0.27901    0.27483785 0.2606753
 0.25442022 0.27472842 0.2852132  0.23642798 0.29234743 0.21436635
 0.30986264 0.2595105  0.25744414 0.28843233 0.31018877 0.27189112
 0.28673527 0.26880273 0.22699645 0.23345377 0.20225729 0.24016137
 0.35101214 0.23353867 0.18355586 0.21572573 0.32845068 0.21817653
 0.23562166 0.2284182  0.3093159  0.22561345 0.21252564 0.22036211
 0.26557478 0.251084   0.2168172  0.14344954 0.1854887  0.21417132
 0.33015445 0.24275148 0.2470476  0.2199756  0.29275241 0.30157357
 0.15263292 0.19263232 0.28302547 0.2126589  0.2649977  0.19777405
 0.21078864 0.30349243 0.20265111 0.21482548 0.23094589 0.2272279
 0.22814237 0.2335981  0.23513196 0.20999905 0.3149628  0.22130498
 0.24466236 0.22856312 0.34493068 0.22707655],Attack accuracy: 0.503000020980835
2022-04-08 03:03:05,959 - attack - INFO - Epoch 21 over,Attack loss: [0.26695368 0.25005317 0.2648064  0.30389956 0.2821899  0.19241995
 0.30964246 0.29527235 0.17424272 0.26157206 0.29646376 0.28828546
 0.2587759  0.28725755 0.38742152 0.27672926 0.255495   0.07495169
 0.3116023  0.19248125 0.2950045  0.27932337 0.2759038  0.32324585
 0.29500654 0.2577958  0.2624014  0.29265237 0.3071176  0.07877755
 0.23419094 0.249016   0.26741594 0.27618954 0.26312387 0.2561947
 0.2501637  0.27701724 0.26834005 0.20150456 0.2860626  0.18186933
 0.30316567 0.26125112 0.25688592 0.29327127 0.31640077 0.26148582
 0.28339165 0.25949213 0.23109594 0.25730836 0.20500074 0.27155966
 0.3834161  0.21387202 0.19203407 0.2217468  0.4074071  0.22087896
 0.2502334  0.23817644 0.30348456 0.23374848 0.21567942 0.22582637
 0.30190104 0.28072023 0.21718039 0.14774616 0.18385509 0.23589836
 0.3185624  0.24757905 0.2723561  0.22404726 0.31912965 0.32247567
 0.1513683  0.19479421 0.26390275 0.24129984 0.24320798 0.19994666
 0.21476388 0.32487792 0.21153188 0.22015542 0.22520937 0.23749131
 0.23168911 0.27705356 0.23896345 0.22623219 0.31362966 0.22753215
 0.25492376 0.23317939 0.42755818 0.2291775 ],Attack accuracy: 0.5084999799728394
2022-04-08 03:03:19,019 - attack - INFO - Epoch 22 over,Attack loss: [0.2711889  0.2560249  0.2745742  0.3166469  0.26407596 0.18854433
 0.317512   0.30070168 0.15786482 0.25799602 0.29419723 0.3017256
 0.2577577  0.29193854 0.41228825 0.27384356 0.19783814 0.08433325
 0.31590837 0.17364445 0.29077482 0.29846692 0.28565565 0.36292893
 0.29913244 0.26441363 0.2560165  0.2896502  0.30749074 0.09655123
 0.26341784 0.19319978 0.2726393  0.27461204 0.27288187 0.26480487
 0.228489   0.26839817 0.27392304 0.18048672 0.28743213 0.17109309
 0.31210002 0.26365817 0.264851   0.2911014  0.3246902  0.24950522
 0.28100714 0.24905491 0.22915512 0.29222775 0.20621938 0.27534547
 0.4428014  0.19995166 0.19903049 0.22212018 0.48683167 0.22231808
 0.24918684 0.22326624 0.33273983 0.2801476  0.21594647 0.21755359
 0.27673465 0.2834464  0.21707575 0.1422171  0.1718206  0.22428764
 0.34272656 0.2764163  0.24192925 0.23004611 0.3609223  0.3295211
 0.1457485  0.19525486 0.29467773 0.18015175 0.23643516 0.1964886
 0.20888609 0.32897922 0.2070916  0.22404802 0.22462146 0.24099414
 0.22547013 0.2925361  0.23524664 0.21578121 0.32283965 0.23071215
 0.28229567 0.22669853 0.4522222  0.22993387],Attack accuracy: 0.4950000047683716
2022-04-08 03:03:32,071 - attack - INFO - Epoch 23 over,Attack loss: [0.27441704 0.26119938 0.2911117  0.3263368  0.27904326 0.18670149
 0.32109502 0.31802455 0.15854979 0.23093906 0.31428772 0.30862585
 0.2665861  0.30548078 0.44041586 0.2772498  0.20620438 0.15881771
 0.31594113 0.19821994 0.28769168 0.30058938 0.3013077  0.36734834
 0.30145594 0.26544133 0.27391794 0.29042095 0.3110352  0.08938223
 0.27691185 0.18910778 0.28184253 0.27813643 0.27309126 0.27627212
 0.203511   0.27108255 0.29092726 0.22605275 0.2889346  0.16508134
 0.33297202 0.269317   0.26970515 0.303937   0.32447    0.26902416
 0.28739315 0.26557633 0.22730024 0.22352923 0.2066826  0.24251065
 0.38472867 0.21067357 0.18569444 0.20201316 0.52348495 0.22070783
 0.23651989 0.20685543 0.3056123  0.2172857  0.20346372 0.20878662
 0.25876394 0.26829827 0.21381852 0.12406703 0.17294303 0.21145916
 0.32455498 0.28989786 0.238943   0.22649899 0.36143655 0.33462444
 0.14949727 0.19443296 0.28367576 0.17205295 0.22562692 0.19232984
 0.19170262 0.30057567 0.19915086 0.22224861 0.21754903 0.2196291
 0.21026336 0.25074843 0.22931643 0.20082542 0.32479435 0.23166199
 0.25284198 0.21707208 0.45083952 0.22310613],Attack accuracy: 0.49950000643730164
2022-04-08 03:03:45,202 - attack - INFO - Epoch 24 over,Attack loss: [0.27155545 0.26822418 0.28679466 0.3297211  0.28767797 0.17945036
 0.3223596  0.30646366 0.1350178  0.2726372  0.30628952 0.30550772
 0.2632357  0.3145597  0.42226848 0.27402288 0.24221902 0.07778845
 0.31551847 0.18472761 0.29109704 0.28596884 0.30374724 0.3597167
 0.30385053 0.26951352 0.2688343  0.28804997 0.289331   0.00734161
 0.27071112 0.27335396 0.28182107 0.2774076  0.28157526 0.27295572
 0.24655761 0.27547342 0.27712077 0.22910546 0.30213302 0.151437
 0.31196892 0.26854536 0.2688665  0.30868644 0.32645524 0.270895
 0.29098463 0.27777934 0.22432928 0.24352725 0.20760904 0.26284713
 0.3925868  0.21155936 0.20604067 0.19232489 0.6036511  0.21654724
 0.22695172 0.20941418 0.2621718  0.22526339 0.21149106 0.20480946
 0.23589998 0.258443   0.20706078 0.14137557 0.16858551 0.21595699
 0.33746436 0.2627427  0.2275488  0.21571237 0.33892927 0.33884636
 0.14797407 0.20088224 0.25410423 0.16983752 0.22638701 0.19961487
 0.2000135  0.33767533 0.18966442 0.21116713 0.22392918 0.25486225
 0.22076902 0.26015908 0.23141877 0.22203442 0.30867472 0.22498488
 0.26534435 0.21686131 0.48637944 0.2169425 ],Attack accuracy: 0.49950000643730164
2022-04-08 03:03:58,200 - attack - INFO - Epoch 25 over,Attack loss: [0.26723546 0.26449823 0.29111028 0.3218759  0.27380216 0.16561432
 0.31786948 0.31420144 0.11494209 0.27083272 0.32226348 0.28034967
 0.26000613 0.30073005 0.40257055 0.26925954 0.18015607 0.08695982
 0.29393414 0.11240696 0.28930405 0.26238266 0.28538665 0.34527543
 0.2965175  0.26521528 0.2602779  0.28374356 0.28933534 0.00125727
 0.26640818 0.26611194 0.26836637 0.27689853 0.2750081  0.2667805
 0.20401284 0.26806584 0.27585596 0.17394279 0.28450176 0.1451312
 0.29815963 0.2509565  0.26809347 0.27841327 0.3135488  0.2633136
 0.2893703  0.24824534 0.22888836 0.21415184 0.21166036 0.3386445
 0.3831104  0.22703837 0.19847913 0.20348908 0.6102903  0.21837965
 0.23498277 0.20884183 0.30771273 0.2363951  0.20525818 0.21645999
 0.28122297 0.26968616 0.22459337 0.13134015 0.186576   0.21296504
 0.4427499  0.3286256  0.23115803 0.2292629  0.42866805 0.4032401
 0.16458139 0.20424014 0.2793226  0.18885174 0.23197569 0.20726354
 0.20443915 0.36011162 0.19943795 0.22272    0.22527134 0.23299566
 0.22653028 0.37181297 0.23075925 0.2226788  0.37572753 0.2272743
 0.23694043 0.2178693  0.5170385  0.23046944],Attack accuracy: 0.4964999854564667
2022-04-08 03:04:11,494 - attack - INFO - Epoch 26 over,Attack loss: [0.27726826 0.27563962 0.30434775 0.32099527 0.29018688 0.16252114
 0.31922668 0.32923695 0.12552483 0.2844754  0.34631276 0.2925211
 0.27671283 0.3022631  0.34955168 0.2898963  0.23898755 0.27588296
 0.31097895 0.10718688 0.30204707 0.2882511  0.32058746 0.35535663
 0.3018394  0.27874276 0.2729227  0.2944166  0.2955177  0.00348227
 0.27629158 0.28373545 0.28169826 0.28912032 0.29572555 0.27771255
 0.22822866 0.2780541  0.2839755  0.18540952 0.31116498 0.1436707
 0.30560294 0.2467932  0.2781096  0.30397514 0.32549313 0.27458218
 0.29713672 0.28343683 0.21732673 0.19943629 0.20596941 0.25603026
 0.35430562 0.2728902  0.1702461  0.19436742 0.48857552 0.2094234
 0.21742553 0.20446467 0.26035565 0.22223754 0.19293666 0.20680082
 0.22730882 0.22880077 0.19444269 0.12817778 0.18923423 0.2487775
 0.4053606  0.3245919  0.21755862 0.2125382  0.38965702 0.38915816
 0.1552735  0.19947104 0.28017524 0.18685105 0.24140467 0.2009602
 0.19089507 0.3518411  0.18306251 0.21606746 0.23169795 0.24361655
 0.21687672 0.37477317 0.22043692 0.21198404 0.36737782 0.2174966
 0.27471742 0.20560947 0.41146427 0.22014466],Attack accuracy: 0.4984999895095825
2022-04-08 03:04:24,724 - attack - INFO - Epoch 27 over,Attack loss: [0.27602252 0.27346143 0.3104257  0.33158374 0.29696375 0.1625991
 0.32101592 0.32435092 0.05404187 0.28090087 0.351799   0.29204893
 0.2723934  0.33115497 0.39358488 0.28160375 0.20155732 0.27687258
 0.3124641  0.02875446 0.29187727 0.28714025 0.31756073 0.35662538
 0.30096903 0.2689938  0.27574515 0.29010823 0.30103797 0.00087939
 0.28093427 0.27635494 0.28549173 0.28988168 0.29309466 0.2778543
 0.22208504 0.27540603 0.28228673 0.13695104 0.3079789  0.15546204
 0.29926482 0.27968302 0.27805498 0.31439966 0.33914527 0.26999003
 0.29987982 0.27325448 0.21889023 0.19511873 0.20761071 0.28878808
 0.32400545 0.20943545 0.17746489 0.20710272 0.5957597  0.2127585
 0.22269309 0.19972727 0.30294332 0.22706567 0.1926562  0.21391982
 0.22409537 0.24769452 0.19341418 0.120395   0.1669301  0.19945808
 0.47761986 0.3182363  0.2213316  0.22266757 0.49613756 0.39415205
 0.125664   0.19777994 0.2797328  0.18534362 0.21721964 0.20161586
 0.18786418 0.37218603 0.18864302 0.21835913 0.216488   0.25318876
 0.21419512 0.42564094 0.22120632 0.21123143 0.40868565 0.22221911
 0.23836373 0.19882731 0.54846126 0.22030498],Attack accuracy: 0.4909999966621399
2022-04-08 03:04:37,903 - attack - INFO - Epoch 28 over,Attack loss: [0.2718966  0.23406243 0.29378408 0.31275895 0.29205936 0.20195608
 0.30345264 0.32628408 0.092042   0.15759869 0.3578815  0.30630675
 0.2794042  0.30258533 0.44854692 0.27857432 0.14491633 0.2705595
 0.3110522  0.09542432 0.3043233  0.307039   0.29325753 0.3776752
 0.29981685 0.16089013 0.2735118  0.28284577 0.2953997  0.00570635
 0.27616477 0.26898798 0.2844699  0.2751663  0.26919118 0.2790687
 0.22468813 0.2769352  0.27560344 0.22006772 0.28718394 0.17437406
 0.30408055 0.29051018 0.262253   0.2953493  0.30337685 0.27104896
 0.28223798 0.26388684 0.2285999  0.20730884 0.21329193 0.28681347
 0.30769482 0.19267169 0.16485627 0.19882762 0.4956927  0.21757992
 0.22766952 0.18280427 0.2342392  0.3179272  0.20516273 0.419881
 0.22805904 0.25050494 0.19637765 0.11284643 0.20725383 0.21462764
 0.42034018 0.31486264 0.23480704 0.21467033 0.37491477 0.42416462
 0.17337798 0.20831114 0.25498375 0.13641189 0.23701563 0.20251256
 0.19211926 0.33507183 0.20409651 0.20669252 0.2254125  0.22071125
 0.20954177 0.35230488 0.23198405 0.1994768  0.33614323 0.21546301
 0.26145637 0.20176236 0.4183611  0.21507344],Attack accuracy: 0.5040000081062317
2022-04-08 03:04:50,811 - attack - INFO - Epoch 29 over,Attack loss: [0.27111146 0.17356424 0.30954707 0.31612957 0.27930138 0.26119378
 0.32496637 0.33107808 0.04954627 0.2552484  0.36359352 0.29326406
 0.2830436  0.3014607  0.44553703 0.27862692 0.14443271 0.25033343
 0.30073962 0.0414631  0.29626927 0.3275054  0.30973786 0.33467153
 0.2972722  0.07481984 0.27856803 0.28082493 0.3207097  0.01985307
 0.28835306 0.26669136 0.27804604 0.27757016 0.27764252 0.2798915
 0.26572293 0.27911392 0.27036962 0.2169658  0.28822327 0.28715214
 0.2866075  0.29341254 0.27128583 0.28563997 0.3035516  0.26921648
 0.28165808 0.21302395 0.23134974 0.19115591 0.21367544 0.33092934
 0.22087915 0.22391135 0.16790514 0.2041774  0.30311048 0.2227948
 0.23242119 0.17254399 0.23445016 0.22356914 0.19733635 0.3329714
 0.22075742 0.22491603 0.19634575 0.10070994 0.19929567 0.19631405
 0.42380825 0.25394914 0.23224066 0.22413053 0.2902551  0.35968524
 0.16615622 0.2077554  0.2472614  0.16571182 0.2533196  0.20414999
 0.18695086 0.30809328 0.20759249 0.20784628 0.23561396 0.21850917
 0.20948578 0.21394436 0.28159544 0.19307984 0.22831663 0.2206991
 0.22584674 0.18987767 0.43772638 0.22215661],Attack accuracy: 0.4950000047683716
2022-04-08 03:04:50,818 - attack - INFO - Best attack accuracy 51.50%


2022-04-09 10:09:10,304 - attack - INFO - `exploit_loss` set to: False
2022-04-09 10:09:10,306 - attack - INFO - `exploit_label` set to: True
2022-04-09 10:09:10,306 - attack - INFO - `layers_to_exploit` set to: [7]
2022-04-09 10:09:10,306 - attack - INFO - `gradients_to_exploit` set to: None
2022-04-09 10:09:10,306 - attack - INFO - Number of Epochs: 30
2022-04-09 10:09:10,306 - attack - INFO - Learning Rate: 0.001
2022-04-09 10:09:10,306 - attack - INFO - Optimizer: 0.001
2022-04-09 10:10:06,866 - attack - INFO - Epoch 0 over,Attack loss: [0.25       0.24999976 0.2499997  0.24999893 0.24999833 0.24999958
 0.24999917 0.24999928 0.24999905 0.24999797 0.24999815 0.24999958
 0.24999934 0.24999887 0.24999863 0.24999839 0.24999923 0.24999875
 0.24999928 0.24999851 0.24999821 0.24999887 0.24999827 0.24999887
 0.25       0.24999946 0.24999934 0.24999946 0.24999833 0.24999887
 0.24999928 0.24999946 0.24999899 0.24999994 0.24999881 0.25000012
 0.24999952 0.24999917 0.2499994  0.24999958 0.24999923 0.24999905
 0.24999958 0.24999917 0.2499994  0.24999863 0.24999869 0.24999917
 0.24999899 0.24999887 0.250001   0.2500012  0.25000012 0.25000083
 0.25000095 0.25000125 0.2500013  0.25000167 0.25000048 0.25000143
 0.2500015  0.2500016  0.25000107 0.25000077 0.250001   0.25
 0.25000072 0.25000006 0.2500021  0.25000077 0.2500012  0.25000042
 0.25000155 0.25000024 0.25000173 0.24999994 0.25000048 0.24999988
 0.25000173 0.2500009  0.25000054 0.25000304 0.25000036 0.2500019
 0.2500012  0.25000048 0.25000137 0.25000143 0.25000095 0.25000125
 0.25000042 0.2500012  0.25000107 0.25000066 0.25000042 0.2500018
 0.25000077 0.25000107 0.2500016  0.25000077],Attack accuracy: 0.49399998784065247
2022-04-09 10:10:20,386 - attack - INFO - Epoch 1 over,Attack loss: [0.2498612  0.24986203 0.24986197 0.24987073 0.24986364 0.2498612
 0.24987371 0.24986406 0.24987336 0.24989493 0.2498615  0.24986245
 0.24986334 0.24986483 0.24989517 0.24987622 0.24986131 0.24986471
 0.2498643  0.2498876  0.2498662  0.24987657 0.24987252 0.24988343
 0.24986215 0.24987079 0.2498615  0.24986269 0.24989165 0.24988581
 0.24986662 0.2498615  0.24986167 0.24986209 0.24987175 0.24986102
 0.24986954 0.24986185 0.24987115 0.24986102 0.24987663 0.2498634
 0.24986471 0.24986096 0.2498693  0.24986966 0.24986406 0.24986263
 0.24986245 0.24986453 0.2501326  0.25009274 0.2501386  0.25013646
 0.2501354  0.25013772 0.25012854 0.25010043 0.2501379  0.25013807
 0.25013795 0.2501259  0.2501385  0.25013664 0.2501388  0.2501376
 0.25013873 0.25013205 0.2501379  0.2501195  0.25013807 0.25013807
 0.2501304  0.2501389  0.25011528 0.25013915 0.2501389  0.2501391
 0.2501382  0.250138   0.25013682 0.25012752 0.25013158 0.2500844
 0.25013486 0.25013825 0.25013533 0.2501358  0.25013784 0.250137
 0.25013873 0.25013807 0.25013766 0.25013766 0.25013903 0.2501045
 0.25013766 0.2501217  0.2500937  0.2501391 ],Attack accuracy: 0.5
2022-04-09 10:10:33,716 - attack - INFO - Epoch 2 over,Attack loss: [0.2496758  0.24965984 0.24984589 0.2501179  0.24966007 0.24965924
 0.24965978 0.25036275 0.25005615 0.24973322 0.24994826 0.2496599
 0.24966002 0.24965996 0.24970737 0.24965996 0.24965954 0.24970767
 0.24973692 0.25060892 0.24966013 0.2501475  0.24966002 0.2502857
 0.24966013 0.24974483 0.24968325 0.24966031 0.25042218 0.2506895
 0.25031325 0.2496599  0.2496599  0.2500822  0.24965996 0.2497368
 0.25006974 0.24965996 0.2511867  0.24965948 0.24965972 0.2496599
 0.24996758 0.24966002 0.25005198 0.24966007 0.2496599  0.24965996
 0.2496599  0.24965996 0.24947599 0.24822766 0.25034088 0.25034034
 0.24993765 0.250324   0.25034028 0.25004357 0.25026822 0.25022483
 0.2503295  0.25034016 0.25033706 0.25034016 0.25034034 0.24998456
 0.25034028 0.25002784 0.2502087  0.24962775 0.24987678 0.25034052
 0.24934863 0.25033987 0.24914841 0.25034064 0.25033998 0.2503304
 0.25034016 0.25034028 0.25034022 0.24956404 0.25018272 0.24741454
 0.24994218 0.25034028 0.25003392 0.249857   0.25014552 0.25034028
 0.250145   0.25034076 0.25034022 0.25034034 0.2503385  0.247698
 0.25034088 0.25033778 0.24887429 0.25034016],Attack accuracy: 0.49950000643730164
2022-04-09 10:10:47,102 - attack - INFO - Epoch 3 over,Attack loss: [0.24982587 0.24982521 0.2498261  0.24982521 0.24982467 0.24982557
 0.2498255  0.24982557 0.24982515 0.24982479 0.24982509 0.24982539
 0.24982485 0.24982479 0.24982485 0.24982473 0.24982521 0.24982509
 0.24982521 0.24982503 0.2498245  0.24982509 0.24982473 0.24982509
 0.24982569 0.24982497 0.24982539 0.24982527 0.24982491 0.24982533
 0.24982533 0.24982491 0.24982485 0.24982604 0.24982473 0.2498261
 0.24982557 0.24982497 0.2498258  0.24982563 0.24982497 0.24982485
 0.2498255  0.24982569 0.24982545 0.24982461 0.24982479 0.24982497
 0.24982479 0.24982485 0.25017437 0.25017485 0.25017443 0.25017515
 0.25017473 0.25017473 0.2501752  0.2501752  0.2501746  0.2501751
 0.25017455 0.2501754  0.25017467 0.2501749  0.25017515 0.25017408
 0.2501749  0.2501743  0.25017515 0.25017455 0.25017473 0.25017515
 0.25017467 0.25017485 0.25017467 0.2501742  0.2501748  0.2501739
 0.25017545 0.2501752  0.2501749  0.2501752  0.2501746  0.25017497
 0.25017473 0.2501749  0.25017467 0.25017485 0.2501745  0.2501752
 0.25017425 0.25017497 0.2501752  0.25017515 0.25017443 0.25017473
 0.25017467 0.25017515 0.25017497 0.25017485],Attack accuracy: 0.5005000233650208
2022-04-09 10:11:00,609 - attack - INFO - Epoch 4 over,Attack loss: [0.25006282 0.25006068 0.25006413 0.25006092 0.25005698 0.25006187
 0.25006223 0.25006223 0.25006056 0.25005805 0.25006008 0.25006127
 0.25005877 0.25005782 0.25005913 0.250058   0.25006056 0.2500602
 0.25006068 0.2500602  0.25005567 0.25006044 0.25005734 0.25006044
 0.2500623  0.2500595  0.2500614  0.25006086 0.25005955 0.250062
 0.2500615  0.25005913 0.25005877 0.25006455 0.25005782 0.25006324
 0.25006217 0.2500595  0.25006336 0.250062   0.25005966 0.2500589
 0.25006187 0.25006217 0.25006163 0.25005662 0.25005788 0.2500596
 0.25005823 0.25005925 0.24993491 0.24993831 0.24993801 0.24994099
 0.24993873 0.24993896 0.24994117 0.24994063 0.24993849 0.24994034
 0.24993765 0.2499429  0.24993879 0.2499395  0.24994099 0.24993682
 0.24993956 0.2499373  0.24994051 0.24993795 0.24993795 0.24994063
 0.24993807 0.24993938 0.24993807 0.24993742 0.2499392  0.24993634
 0.24994385 0.24994087 0.24993956 0.24994093 0.24993837 0.24993718
 0.24993855 0.24993956 0.24993813 0.24993932 0.24993789 0.24994159
 0.24993742 0.2499398  0.24994099 0.24994075 0.24993801 0.24993777
 0.24993873 0.24994045 0.24993896 0.2499395 ],Attack accuracy: 0.5
2022-04-09 10:11:14,170 - attack - INFO - Epoch 5 over,Attack loss: [0.2499454  0.24980645 0.25005352 0.24981484 0.24972643 0.24986662
 0.24990727 0.24998373 0.24979411 0.24975312 0.24978046 0.24985082
 0.24976498 0.24974698 0.24977474 0.24975175 0.24979644 0.24978535
 0.24981454 0.24978589 0.24969909 0.24978809 0.24973483 0.24978767
 0.2499096  0.24977861 0.24986298 0.24981621 0.24978773 0.24983779
 0.24990149 0.24977106 0.24976504 0.25011146 0.24974751 0.24998271
 0.2498857  0.24977945 0.24999851 0.24988629 0.24978338 0.24976408
 0.249878   0.24988772 0.24986573 0.24972077 0.24974543 0.24978177
 0.24975342 0.24977379 0.24976039 0.25008208 0.25010705 0.25023007
 0.2501677  0.2501568  0.25023258 0.25021875 0.2501271  0.25021893
 0.2501674  0.25026888 0.2501785  0.25021183 0.25023127 0.25001782
 0.25020388 0.25005227 0.25022662 0.25011963 0.24987106 0.25022203
 0.25016358 0.25018993 0.2501531  0.2500614  0.25016913 0.2499857
 0.2502927  0.25022924 0.25020453 0.2502244  0.25009263 0.24992657
 0.25019655 0.25020322 0.250187   0.25009894 0.25012183 0.2502421
 0.25007164 0.25021464 0.25022978 0.25022542 0.25011718 0.25010532
 0.25015363 0.25021607 0.25019673 0.25020203],Attack accuracy: 0.49950000643730164
2022-04-09 10:11:27,913 - attack - INFO - Epoch 6 over,Attack loss: [0.25299942 0.25223196 0.25262097 0.25169563 0.24990441 0.25264645
 0.2525153  0.25259677 0.25167122 0.25082013 0.2517935  0.25247934
 0.25130752 0.25063458 0.25135198 0.25076088 0.2521402  0.25173584
 0.25224915 0.25144523 0.24907109 0.25139728 0.25026113 0.25159183
 0.25281322 0.25164205 0.25254655 0.25223467 0.2514493  0.25145486
 0.2522003  0.25159392 0.25141492 0.25267237 0.25070772 0.25330436
 0.2523118  0.25184062 0.25251734 0.25275376 0.2518246  0.2512562
 0.25243556 0.25270906 0.25239244 0.24951816 0.2506263  0.25165904
 0.2511199  0.25141582 0.24772134 0.24831066 0.24729934 0.24851558
 0.24799135 0.24779466 0.24878712 0.24862479 0.24740621 0.2482637
 0.24823332 0.24985795 0.24765508 0.24820437 0.24852732 0.24696472
 0.2478805  0.24735612 0.24888545 0.24783708 0.24777555 0.24820095
 0.24819222 0.24762996 0.24826576 0.24685346 0.2475927  0.24671964
 0.25079247 0.24855965 0.247821   0.24917735 0.24740028 0.24840485
 0.24825042 0.24763787 0.248193   0.24826233 0.2478489  0.24910185
 0.24707338 0.24826872 0.24882063 0.24836496 0.24746774 0.24829188
 0.24758857 0.24828571 0.24891233 0.24779607],Attack accuracy: 0.5024999976158142
2022-04-09 10:11:40,945 - attack - INFO - Epoch 7 over,Attack loss: [0.2515169  0.2505582  0.25106364 0.25018397 0.2482719  0.25109148
 0.2510784  0.2511634  0.2501401  0.24928288 0.25023323 0.250983
 0.24971612 0.24903344 0.24989231 0.24920622 0.25056466 0.25010276
 0.25075296 0.24992782 0.24735516 0.24985917 0.24866776 0.2500986
 0.25132623 0.25004542 0.25103462 0.25067768 0.24997628 0.24993265
 0.2507536  0.24994123 0.24980335 0.2511192  0.24914993 0.25186858
 0.25082776 0.25027245 0.25104585 0.25121695 0.25035155 0.24966478
 0.25089303 0.25124836 0.25090024 0.24787243 0.24903314 0.2501111
 0.24952625 0.24987401 0.24921437 0.24972914 0.2488224  0.25010473
 0.24951625 0.24930184 0.25032184 0.250046   0.24888259 0.24989323
 0.24973927 0.2514301  0.24913773 0.24986051 0.25015363 0.24841127
 0.24937639 0.24880151 0.25067523 0.24930847 0.24928603 0.24978222
 0.24977106 0.24924532 0.24975443 0.24832198 0.2490724  0.24814664
 0.25271103 0.25011027 0.24934195 0.25080234 0.24883348 0.24978186
 0.2497858  0.24911343 0.24984512 0.24989419 0.249436   0.25069553
 0.24854529 0.24980201 0.2503609  0.24989174 0.24903496 0.24973856
 0.24904881 0.2497812  0.25041747 0.249294  ],Attack accuracy: 0.4959999918937683
2022-04-09 10:11:54,282 - attack - INFO - Epoch 8 over,Attack loss: [0.25307235 0.25143746 0.25229543 0.2514157  0.24868882 0.25232556
 0.2528233  0.2527389  0.2513009  0.2502535  0.25127548 0.25247642
 0.25044593 0.24981865 0.2512663  0.25012222 0.25158584 0.2508734
 0.25215563 0.25115916 0.24656115 0.25093076 0.24912511 0.25137588
 0.25285625 0.25099733 0.25229982 0.25182855 0.2512338  0.25104344
 0.2520528  0.2504597  0.2503679  0.25254548 0.2498876  0.25366327
 0.25227347 0.2514585  0.25261307 0.25253603 0.2517832  0.25017223
 0.25217912 0.25276384 0.25232202 0.24825093 0.2497894  0.2512556
 0.24996573 0.25095147 0.24797185 0.24826676 0.24747655 0.24920687
 0.2484659  0.24799818 0.24922788 0.24866144 0.24736796 0.24909396
 0.24879214 0.25066653 0.24784756 0.24907605 0.24959262 0.24679884
 0.24827202 0.24717647 0.25061533 0.24784409 0.24798393 0.24893731
 0.24882022 0.24821292 0.24845621 0.24676849 0.24760456 0.24639955
 0.25366506 0.24906285 0.24815632 0.25047007 0.24720554 0.24829869
 0.24878174 0.24764262 0.24911009 0.24915355 0.24839889 0.25011128
 0.24702601 0.24889314 0.24936236 0.24890427 0.24786803 0.24844305
 0.24755676 0.24848138 0.24928692 0.24794437],Attack accuracy: 0.4909999966621399
2022-04-09 10:12:07,809 - attack - INFO - Epoch 9 over,Attack loss: [0.2546211  0.25116938 0.25276923 0.25199714 0.24737959 0.25239795
 0.2552201  0.25417724 0.25163752 0.250137   0.25075713 0.25377196
 0.25100154 0.2491689  0.2523817  0.24986823 0.25164947 0.25044736
 0.253216   0.25167555 0.24371476 0.25105935 0.24863192 0.2522002
 0.2546952  0.25169778 0.2529788  0.25306424 0.25175437 0.25124735
 0.25292677 0.24963386 0.25006104 0.25398746 0.24968943 0.25581598
 0.25347364 0.25187126 0.25415787 0.2534384  0.25295842 0.24925128
 0.2535668  0.25402957 0.253676   0.24662918 0.2491657  0.25154388
 0.24973477 0.25107428 0.24758576 0.24697372 0.24642107 0.24912113
 0.24826056 0.24727196 0.24897817 0.24769254 0.24604325 0.24939919
 0.2498592  0.2511757  0.24756402 0.2491523  0.25006396 0.2448906
 0.24726363 0.24544238 0.25422946 0.24650656 0.24740823 0.24833626
 0.24910548 0.24766415 0.24738039 0.24499524 0.24637757 0.24424767
 0.2578762  0.24939267 0.24678996 0.25209183 0.2455846  0.24672295
 0.24928291 0.24635884 0.25073993 0.24987607 0.24857573 0.2505362
 0.24571651 0.2488888  0.24946673 0.24815573 0.2476646  0.2475954
 0.24624383 0.24762888 0.24910721 0.24709691],Attack accuracy: 0.4894999861717224
2022-04-09 10:12:21,357 - attack - INFO - Epoch 10 over,Attack loss: [0.25141147 0.24836618 0.25067517 0.25099286 0.24922241 0.250251
 0.25322205 0.25422573 0.25125483 0.25109273 0.2539319  0.25142246
 0.2502578  0.2498484  0.2514041  0.2509301  0.25076568 0.24912594
 0.2518142  0.25089577 0.24566631 0.25100106 0.25061312 0.25150537
 0.2515056  0.24933454 0.25184014 0.25026923 0.25129783 0.2509574
 0.25372824 0.24806072 0.24997735 0.25038335 0.25088817 0.25272313
 0.25186127 0.25155285 0.25195682 0.2517189  0.25170723 0.24898025
 0.25030038 0.252892   0.25192946 0.24899524 0.24976438 0.251059
 0.24853683 0.251226   0.24599645 0.24849148 0.24848498 0.24909373
 0.2486838  0.24805191 0.24905688 0.24825667 0.24773526 0.25035626
 0.24826588 0.24981591 0.24810368 0.2511808  0.25022292 0.24835661
 0.24937065 0.24777742 0.25202048 0.24768026 0.24732022 0.2509623
 0.24920477 0.2502355  0.24855003 0.24845657 0.24781202 0.24784848
 0.25554618 0.24871312 0.24935287 0.2489552  0.24726242 0.24733059
 0.2497165  0.24767083 0.24992883 0.249642   0.24945599 0.25032076
 0.24728633 0.24916263 0.24896267 0.25036886 0.24919134 0.2470688
 0.24762523 0.24810977 0.24917816 0.24780697],Attack accuracy: 0.4909999966621399
2022-04-09 10:12:34,489 - attack - INFO - Epoch 11 over,Attack loss: [0.2534776  0.2462567  0.24906924 0.25332367 0.25208908 0.2472382
 0.2591818  0.25950658 0.25453663 0.25443235 0.2554805  0.2538815
 0.2552996  0.2519625  0.25533482 0.2542234  0.25263512 0.24545306
 0.25562543 0.25350624 0.24478124 0.2540395  0.2544427  0.25584355
 0.25606167 0.2509282  0.2536066  0.2536102  0.2544207  0.25381953
 0.2563882  0.24571417 0.25191596 0.25224975 0.2542168  0.25746933
 0.25573635 0.25530162 0.25316638 0.2546635  0.25560722 0.24650049
 0.25209984 0.25751403 0.2572875  0.2516125  0.25209254 0.25398976
 0.24973764 0.25482354 0.2487732  0.24499662 0.24459918 0.24557847
 0.24788757 0.24682082 0.24595004 0.24430767 0.2440568  0.2525021
 0.25440097 0.24636088 0.24837102 0.25193936 0.24878754 0.24557902
 0.24730356 0.24176449 0.26157078 0.24262528 0.24569108 0.25020173
 0.2505118  0.24846442 0.24538213 0.24600518 0.24352622 0.24556024
 0.25994894 0.24941523 0.24552506 0.24872121 0.24298209 0.24236754
 0.25407964 0.24302055 0.2556124  0.24968363 0.25171214 0.24841082
 0.24645421 0.24882187 0.24576524 0.24736334 0.24908195 0.24342419
 0.24302728 0.24398652 0.24640906 0.24338888],Attack accuracy: 0.49000000953674316
2022-04-09 10:12:47,949 - attack - INFO - Epoch 12 over,Attack loss: [0.25368753 0.24046142 0.2447504  0.25416082 0.25950563 0.23825854
 0.26848328 0.2590904  0.25902396 0.26112598 0.25125775 0.25321966
 0.26426274 0.2575712  0.26234284 0.26098448 0.2527613  0.2360626
 0.26032615 0.2583729  0.24691218 0.25851792 0.26335472 0.26372913
 0.26066864 0.25017753 0.25401816 0.25624117 0.25901893 0.25419453
 0.25864983 0.24330963 0.25575817 0.25169867 0.26100385 0.26214886
 0.26037645 0.26106116 0.24855644 0.25752214 0.26239157 0.24057233
 0.25184038 0.2597663  0.2636477  0.25938794 0.25795308 0.25784957
 0.2544819  0.26008588 0.25326902 0.24052851 0.24144495 0.24004586
 0.25126383 0.24816021 0.24027793 0.23753265 0.24047917 0.2562764
 0.2634818  0.2380202  0.25107494 0.255169   0.24504751 0.2445656
 0.24405801 0.2349923  0.2785114  0.23492041 0.24884447 0.24698614
 0.26016888 0.24629663 0.24299541 0.24381776 0.237206   0.2442375
 0.26125342 0.24917677 0.24068174 0.25068146 0.23750062 0.24089408
 0.26715285 0.23668404 0.26858392 0.25377038 0.25805438 0.245674
 0.24738955 0.24878927 0.23947923 0.24187393 0.25160205 0.25469646
 0.23686384 0.2373375  0.24215104 0.23777851],Attack accuracy: 0.49149999022483826
2022-04-09 10:13:01,288 - attack - INFO - Epoch 13 over,Attack loss: [0.25268292 0.23861507 0.24368657 0.25407687 0.2582519  0.23514333
 0.27191076 0.25622535 0.25990462 0.26294425 0.2506494  0.25011897
 0.265206   0.25912088 0.2637854  0.2628128  0.2519056  0.2337138
 0.2605291  0.26015982 0.24805562 0.2596356  0.2648848  0.26475528
 0.25894928 0.24950387 0.25300723 0.25310642 0.2600414  0.25188136
 0.25945705 0.24196775 0.25437933 0.2492637  0.26293373 0.26110762
 0.26058173 0.26148984 0.24357978 0.25671086 0.26369748 0.24016982
 0.2502825  0.25859302 0.2638379  0.26172996 0.2593846  0.2575718
 0.25390446 0.25791797 0.25705338 0.23981772 0.2425431  0.23918305
 0.25194293 0.24902278 0.23917663 0.23626494 0.24131683 0.25793934
 0.26528993 0.23619169 0.25311115 0.25560507 0.24504    0.24516833
 0.24480326 0.23694004 0.27672464 0.23468365 0.2540943  0.24686846
 0.2613458  0.2470043  0.24765272 0.24519654 0.23681426 0.24557498
 0.25941452 0.2516084  0.24102496 0.24746092 0.2375444  0.24590014
 0.27019998 0.23665789 0.27125436 0.25178573 0.25915733 0.24769212
 0.2501475  0.24951136 0.23843433 0.24330734 0.25247306 0.26055247
 0.23676516 0.23637077 0.24067122 0.23873317],Attack accuracy: 0.4909999966621399
2022-04-09 10:13:14,218 - attack - INFO - Epoch 14 over,Attack loss: [0.24720737 0.2295384  0.24941795 0.25511447 0.26333073 0.2252539
 0.2857311  0.25440013 0.2545873  0.25913143 0.24716483 0.24508974
 0.26459438 0.25603682 0.26088515 0.25912264 0.24890114 0.2267658
 0.25494757 0.25600412 0.25199243 0.2544438  0.26467273 0.26195693
 0.25702655 0.24846224 0.24988998 0.24929395 0.2546739  0.24915218
 0.27774012 0.23782279 0.2535842  0.24669667 0.25925112 0.257046
 0.25495222 0.2567369  0.24239102 0.2527485  0.25950775 0.23713177
 0.24685152 0.25634244 0.26229334 0.26304817 0.25620767 0.25614443
 0.25388378 0.25799716 0.25346747 0.24018458 0.24612187 0.24349745
 0.25534198 0.25256053 0.2434711  0.23347174 0.24340671 0.26049003
 0.2677785  0.2360017  0.25582984 0.26012942 0.2447403  0.24924
 0.24498871 0.24057361 0.27748582 0.2378923  0.25611928 0.24718972
 0.2630209  0.251365   0.2484689  0.25173387 0.24072537 0.24870944
 0.25753155 0.25624678 0.24119101 0.2370513  0.24030557 0.24122807
 0.27880225 0.24093346 0.27544394 0.25541097 0.2628341  0.24675348
 0.25409567 0.2507529  0.24121581 0.2420426  0.2573463  0.26185304
 0.24104582 0.23750682 0.24562569 0.24129759],Attack accuracy: 0.48899999260902405
2022-04-09 10:13:27,683 - attack - INFO - Epoch 15 over,Attack loss: [0.24613154 0.22556953 0.23899215 0.25547418 0.26846036 0.21858102
 0.29148746 0.25054157 0.25256392 0.25931168 0.24652274 0.24270834
 0.2697667  0.25581893 0.2602818  0.2594648  0.24773724 0.21801308
 0.25328037 0.25575858 0.2531767  0.25605017 0.26985648 0.2655383
 0.2610823  0.25026888 0.24502483 0.24964364 0.24796027 0.24339496
 0.25467825 0.23693293 0.25206873 0.2472385  0.25974384 0.2579364
 0.25322205 0.25706723 0.23739924 0.2554144  0.2599761  0.23407824
 0.24455121 0.2579647  0.26727122 0.2682553  0.25639266 0.25623512
 0.25238657 0.25663525 0.2675166  0.24471903 0.2443762  0.24328482
 0.26019508 0.2585352  0.24342498 0.24594493 0.24304694 0.26607302
 0.27476522 0.23139937 0.25589016 0.26126117 0.24516857 0.2509276
 0.24378021 0.23771398 0.2929802  0.23476565 0.261511   0.24401197
 0.26775947 0.24876364 0.25358889 0.25348306 0.24011044 0.25028047
 0.25729766 0.25660676 0.24007393 0.24192175 0.24603033 0.25801885
 0.2891887  0.23958214 0.28269047 0.25936565 0.2707383  0.24587455
 0.26119804 0.2504711  0.24093942 0.23878808 0.26153743 0.27222788
 0.24105507 0.23986942 0.24940115 0.24031691],Attack accuracy: 0.4869999885559082
2022-04-09 10:13:41,190 - attack - INFO - Epoch 16 over,Attack loss: [0.24806589 0.22282216 0.23527955 0.25613353 0.26693475 0.22081974
 0.2576467  0.24952756 0.2542697  0.25743416 0.24829774 0.24420041
 0.269118   0.25634304 0.25818673 0.25613606 0.2486674  0.21880485
 0.2550204  0.25689784 0.24958491 0.25770175 0.2685712  0.2679307
 0.26290795 0.2499457  0.24926376 0.24782436 0.24985202 0.24285565
 0.2619732  0.23615447 0.2521796  0.24380653 0.26030785 0.26028997
 0.2549027  0.25816777 0.23473908 0.2581997  0.2605853  0.23405407
 0.24655353 0.2620954  0.2687343  0.26664814 0.25711122 0.2575591
 0.24953423 0.25666526 0.257626   0.24699411 0.24265428 0.24240498
 0.2567351  0.25620213 0.24258846 0.24444683 0.24112113 0.25774527
 0.27009904 0.23403299 0.25264943 0.2600181  0.24543859 0.24862325
 0.24229433 0.2370195  0.29111332 0.232727   0.25424865 0.24515457
 0.268627   0.2515614  0.25436723 0.25187424 0.23895931 0.24991147
 0.25787875 0.2586343  0.23822112 0.23209634 0.2441185  0.25967276
 0.29019344 0.23809697 0.27937433 0.26266167 0.26755306 0.24729341
 0.25508285 0.24975556 0.24025889 0.23852389 0.25535658 0.28071287
 0.23790398 0.24331003 0.24951279 0.23836416],Attack accuracy: 0.4950000047683716
2022-04-09 10:13:54,148 - attack - INFO - Epoch 17 over,Attack loss: [0.24593706 0.22143559 0.23949361 0.2570971  0.2695257  0.21724346
 0.2719937  0.25174922 0.2540985  0.26073304 0.25067392 0.24242711
 0.27013454 0.25744426 0.26131198 0.26078898 0.24622233 0.21383208
 0.25353923 0.25793135 0.25684303 0.2591001  0.27003017 0.26847965
 0.2616975  0.25014368 0.24614893 0.24629344 0.25179732 0.23984884
 0.25773892 0.23611362 0.25379682 0.2426875  0.26095536 0.25898945
 0.25420126 0.25701767 0.22841236 0.25704086 0.26122704 0.23529954
 0.24384119 0.26155916 0.26778272 0.26941612 0.2577412  0.25763857
 0.2523346  0.2577705  0.26040772 0.24323916 0.2438161  0.24220787
 0.25868753 0.25617197 0.24293041 0.24107787 0.24211416 0.26436973
 0.27130324 0.23247516 0.25292987 0.26249826 0.24489987 0.2514985
 0.24329458 0.23850435 0.29874438 0.23265858 0.25691354 0.24630299
 0.2686758  0.25184044 0.24994409 0.25388998 0.23902106 0.25081134
 0.25309604 0.25939074 0.23879352 0.22864388 0.24448708 0.25162125
 0.29046842 0.23858185 0.28255635 0.2692401  0.2696206  0.24799289
 0.25537056 0.25323364 0.24013025 0.23902176 0.25694558 0.27646232
 0.23870476 0.24058802 0.24558623 0.23888068],Attack accuracy: 0.4975000023841858
2022-04-09 10:14:07,706 - attack - INFO - Epoch 18 over,Attack loss: [0.24763122 0.21801654 0.2301378  0.25686032 0.26832747 0.22011404
 0.26627782 0.25210464 0.25448072 0.26153493 0.25672734 0.2424196
 0.27163497 0.25730035 0.26233688 0.26161653 0.24767245 0.21323065
 0.25501007 0.2588127  0.2558451  0.25690237 0.2709614  0.2698783
 0.26219535 0.25107428 0.24714668 0.24288163 0.25281945 0.2375817
 0.25763628 0.23538554 0.255169   0.239054   0.26184145 0.260257
 0.2549932  0.25861406 0.22566369 0.2582417  0.26231098 0.23683923
 0.24402012 0.26209453 0.26839837 0.2681135  0.25826657 0.25897065
 0.24997795 0.25554442 0.26064757 0.23954591 0.24318014 0.24162178
 0.25818568 0.25612804 0.2417794  0.23947884 0.24097191 0.2654865
 0.26832062 0.23053794 0.24971089 0.2635958  0.24276975 0.2504192
 0.24199326 0.23913017 0.2911854  0.23072469 0.25353473 0.24780361
 0.26852918 0.25512403 0.24872258 0.25367293 0.23798147 0.25170827
 0.25435728 0.25806922 0.23834957 0.22945085 0.24288248 0.25947258
 0.2864231  0.23805632 0.27869946 0.27349302 0.2680723  0.2494582
 0.2535513  0.2524376  0.23862974 0.23881161 0.25573537 0.2779299
 0.23823662 0.23920257 0.24593821 0.23844649],Attack accuracy: 0.4970000088214874
2022-04-09 10:14:21,109 - attack - INFO - Epoch 19 over,Attack loss: [0.2473889  0.21207689 0.227437   0.26005536 0.2700752  0.21825606
 0.27101687 0.24598998 0.25188136 0.26065207 0.25946826 0.24129972
 0.27069774 0.25582954 0.2615685  0.26075292 0.24746913 0.2096195
 0.25449774 0.25698176 0.25467247 0.25345317 0.27049142 0.27034804
 0.26088607 0.2518282  0.24499999 0.2394691  0.24778934 0.2317598
 0.25573382 0.2350123  0.25338307 0.2407772  0.26101884 0.25880116
 0.25258833 0.25662136 0.21980944 0.2589864  0.2614223  0.23482642
 0.2436927  0.259891   0.26965323 0.27005854 0.2563743  0.2572222
 0.247372   0.25328073 0.2631238  0.23882446 0.24301392 0.24355395
 0.2610589  0.26188323 0.2437113  0.24340643 0.24072464 0.26368088
 0.2694051  0.23040228 0.24977298 0.26374382 0.24398714 0.25159493
 0.24226464 0.24085034 0.29612732 0.23032615 0.25413612 0.24913241
 0.27286005 0.25942284 0.2541696  0.25556245 0.23891954 0.25309718
 0.2532834  0.25995398 0.2403803  0.22730683 0.2468028  0.260763
 0.29053184 0.24008492 0.27917275 0.2775176  0.27070326 0.2511631
 0.25680515 0.25437886 0.23949985 0.24018586 0.25589865 0.28847957
 0.24032062 0.24099025 0.24858506 0.24059017],Attack accuracy: 0.4945000112056732
2022-04-09 10:14:34,608 - attack - INFO - Epoch 20 over,Attack loss: [0.24781035 0.21034051 0.22607978 0.25936294 0.27280483 0.21685703
 0.26266485 0.24302481 0.2526583  0.26055825 0.25962672 0.23965482
 0.2719385  0.25710216 0.26201844 0.26057455 0.24717934 0.2077544
 0.2568643  0.25926384 0.2531575  0.25822708 0.27224058 0.2731115
 0.2606242  0.25142753 0.24539755 0.23848209 0.25262487 0.22880262
 0.2536326  0.23540595 0.25382817 0.24380194 0.2605973  0.25939643
 0.2527696  0.2571667  0.21411711 0.26028326 0.26100197 0.23548341
 0.24485993 0.25878212 0.27033594 0.27282244 0.25715643 0.25849962
 0.2456236  0.25199464 0.26727238 0.24559994 0.24240202 0.2429405
 0.25880894 0.26682398 0.24295977 0.2395983  0.23905516 0.26211828
 0.2724443  0.22857243 0.2538427  0.26244092 0.24295212 0.25159875
 0.2420053  0.24217801 0.29336885 0.2276873  0.26588556 0.25141194
 0.27431044 0.25948867 0.26032913 0.25515738 0.23959115 0.25380114
 0.24990313 0.2640326  0.2407745  0.20007506 0.24408384 0.25623983
 0.29461625 0.24074769 0.28338897 0.27638277 0.27265754 0.25424418
 0.25798917 0.25267112 0.23963381 0.24091208 0.25387833 0.29765984
 0.24076745 0.23958462 0.24492685 0.24078685],Attack accuracy: 0.4884999990463257
2022-04-09 10:14:47,909 - attack - INFO - Epoch 21 over,Attack loss: [0.24779332 0.19785613 0.23746423 0.25905988 0.27071124 0.21283257
 0.2693039  0.23764905 0.25051233 0.2595294  0.2556754  0.23930632
 0.27017197 0.25572795 0.2642522  0.2593809  0.24528223 0.2027442
 0.25635982 0.2592277  0.25439718 0.25411522 0.27058214 0.27085704
 0.25807878 0.24997944 0.24253453 0.23099636 0.25065202 0.2258952
 0.25338763 0.23442845 0.2532313  0.25211555 0.25926095 0.2589542
 0.2504451  0.25539842 0.19773948 0.25836545 0.259095   0.23729499
 0.24548419 0.25539857 0.27325115 0.27060017 0.25540513 0.2589665
 0.24638721 0.25357455 0.2716477  0.2465265  0.24325368 0.24465466
 0.26160413 0.27530715 0.24449386 0.24099605 0.23870441 0.2644149
 0.27815342 0.2299607  0.25738698 0.26458657 0.24455476 0.2517241
 0.24320798 0.24404612 0.2974876  0.2284053  0.28317377 0.2525196
 0.27830496 0.26883623 0.26531616 0.25487518 0.24106309 0.25389832
 0.24961683 0.2710201  0.2431695  0.18366152 0.2480175  0.26498118
 0.29904598 0.24329682 0.29051358 0.28129846 0.27622172 0.25783485
 0.2587323  0.25652474 0.24081574 0.24321684 0.25457254 0.3137338
 0.24320076 0.24108702 0.24929044 0.24312685],Attack accuracy: 0.5009999871253967
2022-04-09 10:15:01,594 - attack - INFO - Epoch 22 over,Attack loss: [0.2488158  0.19850738 0.22936217 0.257902   0.26714367 0.21396087
 0.24150547 0.23670693 0.24931115 0.25707182 0.26919973 0.2382466
 0.26726788 0.253806   0.26250693 0.2573683  0.24508266 0.20253432
 0.25617057 0.25792414 0.24828912 0.25559458 0.26720378 0.27133
 0.25943378 0.24781837 0.24563566 0.23602924 0.24454856 0.22504783
 0.25483686 0.23493151 0.25063112 0.26038325 0.25748867 0.26079598
 0.24997038 0.25427857 0.20302014 0.25970072 0.25782117 0.23879667
 0.24508071 0.2553465  0.27305675 0.26712885 0.25431824 0.2573657
 0.24605337 0.2512731  0.26857638 0.25010777 0.24350765 0.24570593
 0.25986773 0.27268815 0.24602571 0.25283623 0.23606485 0.26392028
 0.2761099  0.2333852  0.2593072  0.2656232  0.2459462  0.25045583
 0.24411258 0.24476193 0.28982842 0.22620595 0.28819054 0.25392595
 0.27419034 0.26507238 0.26621273 0.2512147  0.24228439 0.25258017
 0.25453603 0.27182287 0.24419428 0.1535282  0.25216892 0.2683996
 0.29679903 0.24388017 0.29164064 0.2790927  0.27241644 0.2612104
 0.26218125 0.25481892 0.2427539  0.24392484 0.2541779  0.31201625
 0.24413767 0.24354719 0.24743076 0.24427707],Attack accuracy: 0.4950000047683716
2022-04-09 10:15:14,746 - attack - INFO - Epoch 23 over,Attack loss: [0.24576771 0.20160271 0.22814387 0.25338453 0.26048    0.2121202
 0.24324343 0.23760362 0.24584042 0.25286585 0.25865054 0.23837614
 0.2607659  0.24997026 0.26650533 0.25324377 0.2426858  0.20241374
 0.25302234 0.2524149  0.25622186 0.24933478 0.2606694  0.26919502
 0.257989   0.24808554 0.24374731 0.23713247 0.23993625 0.22672538
 0.25005043 0.23621818 0.25002515 0.26980913 0.25325337 0.2565414
 0.24659821 0.25026435 0.19877814 0.25731722 0.25347683 0.24302529
 0.244322   0.25126666 0.26905575 0.26044556 0.2504778  0.25278085
 0.24988545 0.25062796 0.26385444 0.25351632 0.24703525 0.2496197
 0.25999275 0.27013722 0.24997497 0.25694424 0.23888604 0.2646162
 0.27672294 0.23956901 0.25759417 0.26674116 0.24994642 0.25552666
 0.24884304 0.2444506  0.28509766 0.23152775 0.2873153  0.25363332
 0.27230445 0.26187396 0.26054528 0.25373995 0.24664445 0.2568104
 0.25120354 0.2713642  0.24889675 0.13899603 0.2549734  0.25430387
 0.295575   0.24798489 0.28509486 0.28160405 0.27167907 0.26081187
 0.2616061  0.25733426 0.2470581  0.24732469 0.2567784  0.30885157
 0.24889284 0.24805318 0.25064117 0.24903549],Attack accuracy: 0.49050000309944153
2022-04-09 10:15:27,990 - attack - INFO - Epoch 24 over,Attack loss: [0.25172782 0.18298729 0.24073532 0.25973484 0.26135892 0.21477376
 0.23467399 0.22313958 0.25082275 0.26023996 0.24139717 0.23904903
 0.26487002 0.25562978 0.26890442 0.25992304 0.24503244 0.20402592
 0.25473863 0.25962588 0.24759984 0.2533538  0.26876113 0.2742768
 0.2581391  0.23242836 0.24641089 0.22880183 0.24691804 0.2266932
 0.26518348 0.23515819 0.25099507 0.2599535  0.2599056  0.26347953
 0.2501621  0.25615272 0.1960124  0.26274264 0.25953478 0.24359366
 0.24196933 0.25498646 0.27843842 0.26762938 0.25600702 0.2571122
 0.2440584  0.25226268 0.24983421 0.24884824 0.24353401 0.24720494
 0.25484166 0.26821843 0.2434593  0.24721405 0.23759916 0.2605827
 0.2689758  0.23178658 0.2529551  0.2642252  0.24856025 0.24963258
 0.24646965 0.24480431 0.27363506 0.21948995 0.32378483 0.25629282
 0.26558113 0.26659992 0.2680296  0.25240245 0.24067539 0.25119004
 0.25476384 0.26909268 0.24508026 0.12996452 0.24795742 0.26608935
 0.2885571  0.24499612 0.27020895 0.27405944 0.26478332 0.26224664
 0.2560315  0.25493836 0.24004872 0.24328381 0.25201416 0.33240855
 0.24509118 0.24079624 0.24678421 0.24501938],Attack accuracy: 0.49799999594688416
2022-04-09 10:15:41,305 - attack - INFO - Epoch 25 over,Attack loss: [0.24042332 0.1995922  0.22511789 0.25176802 0.2533394  0.20977837
 0.21486858 0.2217947  0.24431264 0.25588158 0.25197238 0.23171063
 0.27814883 0.2487243  0.25353035 0.25022215 0.23751059 0.20279084
 0.24995577 0.2603155  0.2423074  0.24447948 0.2573476  0.26294133
 0.25223842 0.24287546 0.23792395 0.21743493 0.24460304 0.21867661
 0.2558323  0.23201141 0.24535036 0.24469101 0.25183883 0.252064
 0.24376208 0.24834716 0.19143587 0.25022894 0.2516778  0.23704535
 0.23511784 0.24800587 0.25887018 0.2576444  0.24803627 0.24641213
 0.23892497 0.2468725  0.26231423 0.25419647 0.25015774 0.2539948
 0.2666169  0.27537933 0.25132295 0.2551795  0.24771805 0.2734137
 0.27802902 0.24270946 0.2627765  0.27226764 0.2570358  0.26250714
 0.2528575  0.25270486 0.2825919  0.23936968 0.36774012 0.26245546
 0.27698642 0.2757514  0.27188826 0.26226994 0.24822854 0.26232746
 0.2610642  0.27664167 0.25179696 0.1556816  0.2643695  0.2574966
 0.2967922  0.2513241  0.28096873 0.28475207 0.26827103 0.26868573
 0.2660938  0.26762706 0.24788673 0.25009525 0.25747192 0.31851617
 0.25182125 0.25014356 0.25425196 0.25179338],Attack accuracy: 0.46799999475479126
2022-04-09 10:15:54,700 - attack - INFO - Epoch 26 over,Attack loss: [0.24579395 0.16806713 0.22926165 0.25768578 0.26062208 0.21169804
 0.22439365 0.20333652 0.248995   0.26519245 0.21139702 0.24238345
 0.27052557 0.25389513 0.26131332 0.25774866 0.24272291 0.20883818
 0.25666314 0.28935304 0.25017527 0.25291374 0.26108554 0.26782548
 0.25819558 0.22626482 0.2445323  0.22189139 0.25864625 0.22681259
 0.25265902 0.24161504 0.25344333 0.22886114 0.25786433 0.25943166
 0.24831568 0.25332355 0.179746   0.25545537 0.25756115 0.24599962
 0.24103482 0.25272834 0.25751027 0.2602115  0.25315866 0.25487766
 0.2510984  0.25329572 0.25740036 0.24651983 0.24533953 0.24675885
 0.25719628 0.26911053 0.24620464 0.24449548 0.2387667  0.2634334
 0.27588657 0.23920113 0.25861442 0.26464194 0.24863483 0.2607321
 0.24732795 0.24139787 0.26884377 0.2326101  0.39478052 0.2536122
 0.26551735 0.2739401  0.26203722 0.25505552 0.2425557  0.25733384
 0.25229698 0.27137086 0.24729101 0.13509686 0.25344452 0.1514795
 0.2934619  0.24728139 0.28600478 0.27104822 0.26203611 0.258221
 0.26201087 0.25824547 0.24226277 0.24504486 0.25093344 0.33410773
 0.24734437 0.24262924 0.24273436 0.2472923 ],Attack accuracy: 0.4909999966621399
2022-04-09 10:16:08,353 - attack - INFO - Epoch 27 over,Attack loss: [0.24160977 0.18432394 0.256438   0.25811368 0.2558131  0.21004784
 0.21592718 0.16812177 0.24890995 0.27170885 0.19638418 0.24018537
 0.27323133 0.25307018 0.26893148 0.25744906 0.24059823 0.20988326
 0.2539707  0.33441615 0.2435696  0.2530323  0.25966656 0.26476756
 0.25691253 0.24058707 0.24578445 0.22570612 0.2609002  0.22590744
 0.24876492 0.24028358 0.24923152 0.24053216 0.2583246  0.25411853
 0.24740022 0.25279644 0.18454592 0.2527443  0.25803652 0.24353407
 0.2478621  0.25111884 0.26007628 0.25848484 0.25212696 0.24938597
 0.24465664 0.253484   0.2559941  0.24509218 0.24563695 0.24999833
 0.2571764  0.269131   0.24664737 0.24506065 0.24589683 0.26341686
 0.27777117 0.24090216 0.2596606  0.2637822  0.25474158 0.26123264
 0.24801026 0.24319728 0.2650762  0.24221237 0.39579743 0.25679192
 0.26420555 0.2715947  0.26931533 0.2598786  0.24218263 0.25943524
 0.25632638 0.2772085  0.24799818 0.12932697 0.24883874 0.15270938
 0.29476756 0.24913749 0.29493845 0.2676612  0.25819543 0.26173505
 0.27384263 0.25748286 0.24507529 0.24454892 0.25283757 0.37857342
 0.24816209 0.24253081 0.24223275 0.24794719],Attack accuracy: 0.4909999966621399
2022-04-09 10:16:21,658 - attack - INFO - Epoch 28 over,Attack loss: [0.2558673  0.15232132 0.363464   0.26029605 0.25972337 0.2167474
 0.22453196 0.18843248 0.25183034 0.2926656  0.18286835 0.24306472
 0.29412258 0.25675455 0.26620534 0.26017392 0.24396464 0.21349925
 0.25484455 0.34154043 0.24905652 0.25501746 0.26218823 0.27092814
 0.2573546  0.2458494  0.24757339 0.22395629 0.28231212 0.22896476
 0.2567227  0.24403979 0.25166717 0.25863934 0.26044726 0.25768772
 0.24957329 0.25628626 0.18265745 0.2539254  0.26015204 0.24582262
 0.24754035 0.25313723 0.26097608 0.26101267 0.25490183 0.25386006
 0.24923842 0.25576794 0.25584328 0.24182402 0.24401267 0.24608353
 0.2554387  0.26361826 0.24303636 0.24160491 0.24024194 0.25888148
 0.2699801  0.23854057 0.255135   0.260207   0.25264633 0.25855756
 0.24630812 0.24378136 0.27296704 0.23881039 0.39572236 0.2546996
 0.2629964  0.27714404 0.25852174 0.25688314 0.24008167 0.25617647
 0.25071242 0.26970726 0.24635103 0.14288582 0.24585688 0.17026621
 0.28832945 0.24783397 0.27726713 0.26600432 0.25869197 0.2568045
 0.26256314 0.25459298 0.24203753 0.24289185 0.25258112 0.32533073
 0.24623993 0.24051684 0.24218012 0.2460068 ],Attack accuracy: 0.49300000071525574
2022-04-09 10:16:34,972 - attack - INFO - Epoch 29 over,Attack loss: [0.24786958 0.17205864 0.25119555 0.2567502  0.24932948 0.21295688
 0.21736512 0.16190198 0.24759261 0.25678498 0.22126111 0.23927091
 0.25900656 0.24829732 0.2584349  0.25676692 0.24233562 0.21347821
 0.25426048 0.25461832 0.24093544 0.24850427 0.2586456  0.26665342
 0.25373736 0.24481179 0.24528271 0.22533633 0.25002825 0.22446176
 0.25603917 0.23665792 0.24359119 0.234898   0.2567285  0.25850603
 0.24659224 0.25315258 0.18791935 0.2531514  0.25676462 0.24217749
 0.24283563 0.25108525 0.25157028 0.25732887 0.2529542  0.2473423
 0.24088378 0.2524313  0.26245606 0.24831897 0.24595979 0.25282076
 0.25865886 0.27729157 0.24661262 0.24716778 0.23148674 0.26701126
 0.2719413  0.24196461 0.25489137 0.26283357 0.26062402 0.26453757
 0.25215253 0.24954453 0.27456576 0.24651563 0.38269186 0.26149684
 0.2631438  0.27183747 0.27154034 0.25933167 0.24331886 0.26064605
 0.25978595 0.27622962 0.24851121 0.15454051 0.2470487  0.22704527
 0.2935631  0.2492292  0.27310497 0.2710137  0.2723304  0.26381886
 0.29229572 0.2614521  0.24926089 0.24539536 0.25511953 0.32983786
 0.2484534  0.24318025 0.25013795 0.2483119 ],Attack accuracy: 0.48750001192092896
2022-04-09 10:16:34,981 - attack - INFO - Best attack accuracy 50.25%


